Using pre-set license
Built from '2022.3/staging' branch; Version is '2022.3.10f1 (ff3792e53c62) revision 16725906'; Using compiler version '192829333'; Build Type 'Release'
OS: 'Windows 11  (10.0.22631) 64bit CoreSingleLanguage' Language: 'en' Physical Memory: 31967 MB
BatchMode: 1, IsHumanControllingUs: 0, StartBugReporterOnCrash: 0, Is64bit: 1, IsPro: 1

COMMAND LINE ARGUMENTS:
C:\Program Files\Unity\Hub\Editor\2022.3.10f1\Editor\Unity.exe
-adb2
-batchMode
-noUpm
-name
AssetImportWorker3
-projectPath
C:/Users/tszho/Documents/Nigga/IGB 101 assignment
-logFile
Logs/AssetImportWorker3.log
-srvPort
52657
Successfully changed project path to: C:/Users/tszho/Documents/Nigga/IGB 101 assignment
C:/Users/tszho/Documents/Nigga/IGB 101 assignment
[UnityMemory] Configuration Parameters - Can be set up in boot.config
    "memorysetup-bucket-allocator-granularity=16"
    "memorysetup-bucket-allocator-bucket-count=8"
    "memorysetup-bucket-allocator-block-size=33554432"
    "memorysetup-bucket-allocator-block-count=8"
    "memorysetup-main-allocator-block-size=16777216"
    "memorysetup-thread-allocator-block-size=16777216"
    "memorysetup-gfx-main-allocator-block-size=16777216"
    "memorysetup-gfx-thread-allocator-block-size=16777216"
    "memorysetup-cache-allocator-block-size=4194304"
    "memorysetup-typetree-allocator-block-size=2097152"
    "memorysetup-profiler-bucket-allocator-granularity=16"
    "memorysetup-profiler-bucket-allocator-bucket-count=8"
    "memorysetup-profiler-bucket-allocator-block-size=33554432"
    "memorysetup-profiler-bucket-allocator-block-count=8"
    "memorysetup-profiler-allocator-block-size=16777216"
    "memorysetup-profiler-editor-allocator-block-size=1048576"
    "memorysetup-temp-allocator-size-main=16777216"
    "memorysetup-job-temp-allocator-block-size=2097152"
    "memorysetup-job-temp-allocator-block-size-background=1048576"
    "memorysetup-job-temp-allocator-reduction-small-platforms=262144"
    "memorysetup-allocator-temp-initial-block-size-main=262144"
    "memorysetup-allocator-temp-initial-block-size-worker=262144"
    "memorysetup-temp-allocator-size-background-worker=32768"
    "memorysetup-temp-allocator-size-job-worker=262144"
    "memorysetup-temp-allocator-size-preload-manager=33554432"
    "memorysetup-temp-allocator-size-nav-mesh-worker=65536"
    "memorysetup-temp-allocator-size-audio-worker=65536"
    "memorysetup-temp-allocator-size-cloud-worker=32768"
    "memorysetup-temp-allocator-size-gi-baking-worker=262144"
    "memorysetup-temp-allocator-size-gfx=262144"
Player connection [14876] Host "[IP] 192.168.1.122 [Port] 0 [Flags] 2 [Guid] 3265436311 [EditorId] 3265436311 [Version] 1048832 [Id] WindowsEditor(7,MakkaPakka2) [Debug] 1 [PackageName] WindowsEditor [ProjectName] Editor" joined multi-casting on [225.0.0.222:54997]...

Player connection [14876] Host "[IP] 192.168.1.122 [Port] 0 [Flags] 2 [Guid] 3265436311 [EditorId] 3265436311 [Version] 1048832 [Id] WindowsEditor(7,MakkaPakka2) [Debug] 1 [PackageName] WindowsEditor [ProjectName] Editor" joined alternative multi-casting on [225.0.0.222:34997]...

[Physics::Module] Initialized MultithreadedJobDispatcher with 15 workers.
Refreshing native plugins compatible for Editor in 6.20 ms, found 3 plugins.
Preloading 0 native plugins for Editor in 0.00 ms.
Initialize engine version: 2022.3.10f1 (ff3792e53c62)
[Subsystems] Discovering subsystems at path C:/Program Files/Unity/Hub/Editor/2022.3.10f1/Editor/Data/Resources/UnitySubsystems
[Subsystems] Discovering subsystems at path C:/Users/tszho/Documents/Nigga/IGB 101 assignment/Assets
GfxDevice: creating device client; threaded=0; jobified=0
Direct3D:
    Version:  Direct3D 11.0 [level 11.1]
    Renderer: NVIDIA GeForce RTX 4060 (ID=0x2882)
    Vendor:   NVIDIA
    VRAM:     7971 MB
    Driver:   31.0.15.4617
Initialize mono
Mono path[0] = 'C:/Program Files/Unity/Hub/Editor/2022.3.10f1/Editor/Data/Managed'
Mono path[1] = 'C:/Program Files/Unity/Hub/Editor/2022.3.10f1/Editor/Data/MonoBleedingEdge/lib/mono/unityjit-win32'
Mono config path = 'C:/Program Files/Unity/Hub/Editor/2022.3.10f1/Editor/Data/MonoBleedingEdge/etc'
Using monoOptions --debugger-agent=transport=dt_socket,embedding=1,server=y,suspend=n,address=127.0.0.1:56476
Begin MonoManager ReloadAssembly
Registering precompiled unity dll's ...
Register platform support module: C:/Program Files/Unity/Hub/Editor/2022.3.10f1/Editor/Data/PlaybackEngines/WindowsStandaloneSupport/UnityEditor.WindowsStandalone.Extensions.dll
Registered in 0.004829 seconds.
- Loaded All Assemblies, in  0.222 seconds
Native extension for WindowsStandalone target not found
Mono: successfully reloaded assembly
- Finished resetting the current domain, in  0.170 seconds
Domain Reload Profiling: 391ms
	BeginReloadAssembly (75ms)
		ExecutionOrderSort (0ms)
		DisableScriptedObjects (0ms)
		BackupInstance (0ms)
		ReleaseScriptingObjects (0ms)
		CreateAndSetChildDomain (1ms)
	RebuildCommonClasses (20ms)
	RebuildNativeTypeToScriptingClass (6ms)
	initialDomainReloadingComplete (35ms)
	LoadAllAssembliesAndSetupDomain (85ms)
		LoadAssemblies (72ms)
		RebuildTransferFunctionScriptingTraits (0ms)
		AnalyzeDomain (83ms)
			TypeCache.Refresh (82ms)
				TypeCache.ScanAssembly (75ms)
			ScanForSourceGeneratedMonoScriptInfo (0ms)
			ResolveRequiredComponents (0ms)
	FinalizeReload (170ms)
		ReleaseScriptCaches (0ms)
		RebuildScriptCaches (0ms)
		SetupLoadedEditorAssemblies (130ms)
			LogAssemblyErrors (0ms)
			InitializePlatformSupportModulesInManaged (7ms)
			SetLoadedEditorAssemblies (5ms)
			RefreshPlugins (0ms)
			BeforeProcessingInitializeOnLoad (1ms)
			ProcessInitializeOnLoadAttributes (79ms)
			ProcessInitializeOnLoadMethodAttributes (38ms)
			AfterProcessingInitializeOnLoad (0ms)
			EditorAssembliesLoaded (0ms)
		ExecutionOrderSort2 (0ms)
		AwakeInstancesAfterBackupRestoration (0ms)
========================================================================
Worker process is ready to serve import requests
Begin MonoManager ReloadAssembly
- Loaded All Assemblies, in  0.454 seconds
Refreshing native plugins compatible for Editor in 3.87 ms, found 3 plugins.
Native extension for WindowsStandalone target not found
Package Manager log level set to [2]
[Package Manager] Server::EnsureServerProcessIsRunning -- launch failed, reason: Unity was launched with the -noUpm command-line argument
[Package Manager] UpmClient::Send -- Unable to send message (not connected to UPM process).
[Package Manager] Cannot connect to Unity Package Manager local server
Mono: successfully reloaded assembly
- Finished resetting the current domain, in  0.395 seconds
Domain Reload Profiling: 846ms
	BeginReloadAssembly (108ms)
		ExecutionOrderSort (0ms)
		DisableScriptedObjects (3ms)
		BackupInstance (0ms)
		ReleaseScriptingObjects (0ms)
		CreateAndSetChildDomain (19ms)
	RebuildCommonClasses (29ms)
	RebuildNativeTypeToScriptingClass (8ms)
	initialDomainReloadingComplete (32ms)
	LoadAllAssembliesAndSetupDomain (274ms)
		LoadAssemblies (202ms)
		RebuildTransferFunctionScriptingTraits (0ms)
		AnalyzeDomain (130ms)
			TypeCache.Refresh (115ms)
				TypeCache.ScanAssembly (103ms)
			ScanForSourceGeneratedMonoScriptInfo (11ms)
			ResolveRequiredComponents (3ms)
	FinalizeReload (395ms)
		ReleaseScriptCaches (0ms)
		RebuildScriptCaches (0ms)
		SetupLoadedEditorAssemblies (281ms)
			LogAssemblyErrors (0ms)
			InitializePlatformSupportModulesInManaged (5ms)
			SetLoadedEditorAssemblies (2ms)
			RefreshPlugins (0ms)
			BeforeProcessingInitializeOnLoad (42ms)
			ProcessInitializeOnLoadAttributes (210ms)
			ProcessInitializeOnLoadMethodAttributes (15ms)
			AfterProcessingInitializeOnLoad (7ms)
			EditorAssembliesLoaded (0ms)
		ExecutionOrderSort2 (0ms)
		AwakeInstancesAfterBackupRestoration (6ms)
Launched and connected shader compiler UnityShaderCompiler.exe after 0.04 seconds
Refreshing native plugins compatible for Editor in 3.79 ms, found 3 plugins.
Preloading 0 native plugins for Editor in 0.00 ms.
Unloading 3116 Unused Serialized files (Serialized files now loaded: 0)
Unloading 31 unused Assets / (56.8 KB). Loaded Objects now: 3583.
Memory consumption went from 122.6 MB to 122.6 MB.
Total: 2.877300 ms (FindLiveObjects: 0.290500 ms CreateObjectMapping: 0.059200 ms MarkObjects: 2.416900 ms  DeleteObjects: 0.109900 ms)

AssetImportParameters requested are different than current active one (requested -> active):
  custom:container-demuxer-ogg: 62fdf1f143b41e24485cea50d1cbac27 -> 
  custom:video-codec-MediaFoundation-h265: 746d11721c4dcdbdad8f713fa42b33f4 -> 
  custom:video-decoder-ogg-theora: a1e56fd34408186e4bbccfd4996cb3dc -> 
  custom:framework-win-MediaFoundation: 216162199b28c13a410421893ffa2e32 -> 
  custom:CustomObjectIndexerAttribute: 756ad292c208cfabdd7b50bc23989ffe -> 
  custom:container-demuxer-webm: 4f35f7cbe854078d1ac9338744f61a02 -> 
  custom:container-muxer-webm: aa71ff27fc2769a1b78a27578f13a17b -> 
  custom:video-decoder-webm-vp8: 9c59270c3fd7afecdb556c50c9e8de78 -> 
  custom:SearchIndexIgnoredProperties: e643bd26f0fe6173181afceb89e7c659 -> 
  custom:AudioImporter_EditorPlatform: d09bf68614088b80899f8185d706f6e7 -> 
  custom:video-encoder-webm-vp8: eb34c28f22e8b96e1ab97ce403110664 -> 
  custom:audio-decoder-ogg-vorbis: bf7c407c2cedff20999df2af8eb42d56 -> 
  custom:audio-encoder-webm-vorbis: bf7c407c2cedff20999df2af8eb42d56 -> 
========================================================================
Received Import Request.
  Time since last request: 7128.272243 seconds.
  path: Assets/Cube.prefab
  artifactKey: Guid(5c6b559956125014db3710199755b2c7) Importer(815301076,1909f56bfc062723c751e8b465ee728b)
Start importing Assets/Cube.prefab using Guid(5c6b559956125014db3710199755b2c7) Importer(815301076,1909f56bfc062723c751e8b465ee728b)  -> (artifact id: 'c6200ab1fbae0934a0ffaec7673638b9') in 0.069871 seconds
Number of updated asset objects reloaded before import = 0
Number of asset objects unloaded after import = 9
========================================================================
Received Import Request.
  Time since last request: 0.000023 seconds.
  path: Assets/Cube (1) 1.prefab
  artifactKey: Guid(9bf64310650c90446b06ed6e678e8e40) Importer(815301076,1909f56bfc062723c751e8b465ee728b)
Start importing Assets/Cube (1) 1.prefab using Guid(9bf64310650c90446b06ed6e678e8e40) Importer(815301076,1909f56bfc062723c751e8b465ee728b)  -> (artifact id: 'b34287e95a8088d14ec0aae06de6910c') in 0.016595 seconds
Number of updated asset objects reloaded before import = 0
Number of asset objects unloaded after import = 10
========================================================================
Received Import Request.
  Time since last request: 0.000040 seconds.
  path: Assets/Corner-Stone (7) 2.prefab
  artifactKey: Guid(4473e6b620683f54baffb600b1562d07) Importer(815301076,1909f56bfc062723c751e8b465ee728b)
Start importing Assets/Corner-Stone (7) 2.prefab using Guid(4473e6b620683f54baffb600b1562d07) Importer(815301076,1909f56bfc062723c751e8b465ee728b)  -> (artifact id: 'c795016dca5804acd6d70d9dfe873059') in 0.011558 seconds
Number of updated asset objects reloaded before import = 0
Number of asset objects unloaded after import = 10
========================================================================
Received Import Request.
  Time since last request: 0.000012 seconds.
  path: Assets/Corner-Stone (6) 2.prefab
  artifactKey: Guid(5fc3da3c552b95a469c5c03baec465ed) Importer(815301076,1909f56bfc062723c751e8b465ee728b)
Start importing Assets/Corner-Stone (6) 2.prefab using Guid(5fc3da3c552b95a469c5c03baec465ed) Importer(815301076,1909f56bfc062723c751e8b465ee728b)  -> (artifact id: '7e01f22861362fa3ad7e50a8af704e16') in 0.012243 seconds
Number of updated asset objects reloaded before import = 0
Number of asset objects unloaded after import = 10
========================================================================
Received Import Request.
  Time since last request: 0.000014 seconds.
  path: Assets/Corner-Stone (6) 3.prefab
  artifactKey: Guid(574ef4caceb91724da7c0a363f3822a3) Importer(815301076,1909f56bfc062723c751e8b465ee728b)
Start importing Assets/Corner-Stone (6) 3.prefab using Guid(574ef4caceb91724da7c0a363f3822a3) Importer(815301076,1909f56bfc062723c751e8b465ee728b)  -> (artifact id: '1418257dd38aa3ed332a51ae5c663ea1') in 0.010665 seconds
Number of updated asset objects reloaded before import = 0
Number of asset objects unloaded after import = 10
========================================================================
Received Import Request.
  Time since last request: 0.000016 seconds.
  path: Assets/Cube 1.prefab
  artifactKey: Guid(a23f71bb9423a8b4e94779e18b01d19a) Importer(815301076,1909f56bfc062723c751e8b465ee728b)
Start importing Assets/Cube 1.prefab using Guid(a23f71bb9423a8b4e94779e18b01d19a) Importer(815301076,1909f56bfc062723c751e8b465ee728b)  -> (artifact id: 'cb8bd14376ebea786ade812331283c36') in 0.010287 seconds
Number of updated asset objects reloaded before import = 0
Number of asset objects unloaded after import = 9
========================================================================
Received Import Request.
  Time since last request: 16.328816 seconds.
  path: Assets/Directional Light.prefab
  artifactKey: Guid(b0323e612d22ef541b83f03e1bf9759d) Importer(815301076,1909f56bfc062723c751e8b465ee728b)
Start importing Assets/Directional Light.prefab using Guid(b0323e612d22ef541b83f03e1bf9759d) Importer(815301076,1909f56bfc062723c751e8b465ee728b)  -> (artifact id: '9508650d9d9e99d2969450e1bbcbef25') in 0.001490 seconds
Number of updated asset objects reloaded before import = 0
Number of asset objects unloaded after import = 5
========================================================================
Received Import Request.
  Time since last request: 0.000011 seconds.
  path: Assets/Door-Wood (3).prefab
  artifactKey: Guid(64ba88dc592d4f34ea207735a8c87398) Importer(815301076,1909f56bfc062723c751e8b465ee728b)
Start importing Assets/Door-Wood (3).prefab using Guid(64ba88dc592d4f34ea207735a8c87398) Importer(815301076,1909f56bfc062723c751e8b465ee728b)  -> (artifact id: '579ce868f3976f842908e4c444eb1967') in 0.009616 seconds
Number of updated asset objects reloaded before import = 0
Number of asset objects unloaded after import = 12
========================================================================
Received Import Request.
  Time since last request: 0.000012 seconds.
  path: Assets/Door-Wood (3) Variant.prefab
  artifactKey: Guid(86ba3ff52f300c5479a5d5c366b8cd53) Importer(815301076,1909f56bfc062723c751e8b465ee728b)
Start importing Assets/Door-Wood (3) Variant.prefab using Guid(86ba3ff52f300c5479a5d5c366b8cd53) Importer(815301076,1909f56bfc062723c751e8b465ee728b)  -> (artifact id: 'c849c81ef3d3fb677cab617bb5d7ff45') in 0.010192 seconds
Number of updated asset objects reloaded before import = 0
Number of asset objects unloaded after import = 22
========================================================================
Received Import Request.
  Time since last request: 0.000012 seconds.
  path: Assets/Directional Light 2.prefab
  artifactKey: Guid(39b7554e81aafe3419b895e3d4f979b6) Importer(815301076,1909f56bfc062723c751e8b465ee728b)
Start importing Assets/Directional Light 2.prefab using Guid(39b7554e81aafe3419b895e3d4f979b6) Importer(815301076,1909f56bfc062723c751e8b465ee728b)  -> (artifact id: '1b7724be40c43c9b5ded718f85499c2a') in 0.001372 seconds
Number of updated asset objects reloaded before import = 0
Number of asset objects unloaded after import = 5
========================================================================
Received Import Request.
  Time since last request: 0.000023 seconds.
  path: Assets/Directional Light 1.prefab
  artifactKey: Guid(2d1708294f3351b41adcfb01c11f0c69) Importer(815301076,1909f56bfc062723c751e8b465ee728b)
Start importing Assets/Directional Light 1.prefab using Guid(2d1708294f3351b41adcfb01c11f0c69) Importer(815301076,1909f56bfc062723c751e8b465ee728b)  -> (artifact id: '1e24c71291282a94379a34a0e218c239') in 0.001033 seconds
Number of updated asset objects reloaded before import = 0
Number of asset objects unloaded after import = 5
========================================================================
Received Import Request.
  Time since last request: 0.000031 seconds.
  path: Assets/Floor-Wood (2) Variant.prefab
  artifactKey: Guid(2b6309a3c8ea64444905c7c77f01b4ec) Importer(815301076,1909f56bfc062723c751e8b465ee728b)
Start importing Assets/Floor-Wood (2) Variant.prefab using Guid(2b6309a3c8ea64444905c7c77f01b4ec) Importer(815301076,1909f56bfc062723c751e8b465ee728b)  -> (artifact id: '9488d358efe467307ca6eb6499887ec5') in 0.009430 seconds
Number of updated asset objects reloaded before import = 0
Number of asset objects unloaded after import = 18
========================================================================
Received Import Request.
  Time since last request: 0.009827 seconds.
  path: Assets/Floor-Wood (3) 3.prefab
  artifactKey: Guid(df36a62aa2cb76a44bbe27de294a8582) Importer(815301076,1909f56bfc062723c751e8b465ee728b)
Start importing Assets/Floor-Wood (3) 3.prefab using Guid(df36a62aa2cb76a44bbe27de294a8582) Importer(815301076,1909f56bfc062723c751e8b465ee728b)  -> (artifact id: '32a52cccd1ce26e43eb6c9c80a3f744f') in 0.009089 seconds
Number of updated asset objects reloaded before import = 0
Number of asset objects unloaded after import = 10
========================================================================
Received Import Request.
  Time since last request: 0.000256 seconds.
  path: Assets/Floor-Wood (3) 4.prefab
  artifactKey: Guid(f77b1a69cb883f64c97cb14f5e18f3a5) Importer(815301076,1909f56bfc062723c751e8b465ee728b)
Start importing Assets/Floor-Wood (3) 4.prefab using Guid(f77b1a69cb883f64c97cb14f5e18f3a5) Importer(815301076,1909f56bfc062723c751e8b465ee728b)  -> (artifact id: '42a8d1a98bf0bcf057347903fdbb4a8d') in 0.011291 seconds
Number of updated asset objects reloaded before import = 0
Number of asset objects unloaded after import = 10
========================================================================
Received Import Request.
  Time since last request: 0.815937 seconds.
  path: Assets/Wall-Wood (10) 4.prefab
  artifactKey: Guid(cb1ed8d33867be1449ef47cabe6519b9) Importer(815301076,1909f56bfc062723c751e8b465ee728b)
Start importing Assets/Wall-Wood (10) 4.prefab using Guid(cb1ed8d33867be1449ef47cabe6519b9) Importer(815301076,1909f56bfc062723c751e8b465ee728b)  -> (artifact id: '51a3275ab14c6642cd97af3e2d4d586f') in 0.010431 seconds
Number of updated asset objects reloaded before import = 0
Number of asset objects unloaded after import = 10
========================================================================
Received Import Request.
  Time since last request: 0.000010 seconds.
  path: Assets/Wall-Wood (11).prefab
  artifactKey: Guid(818f274daca3fd3438c9aeedd11899c9) Importer(815301076,1909f56bfc062723c751e8b465ee728b)
Start importing Assets/Wall-Wood (11).prefab using Guid(818f274daca3fd3438c9aeedd11899c9) Importer(815301076,1909f56bfc062723c751e8b465ee728b)  -> (artifact id: '0ede5cabc240a84ba5d97be6d45c2f87') in 0.040081 seconds
Number of updated asset objects reloaded before import = 0
Number of asset objects unloaded after import = 10
========================================================================
Received Import Request.
  Time since last request: 0.000014 seconds.
  path: Assets/Wall-Wood (11) 2.prefab
  artifactKey: Guid(eecd0ebb664fe4741a2e83d1536a26b0) Importer(815301076,1909f56bfc062723c751e8b465ee728b)
Start importing Assets/Wall-Wood (11) 2.prefab using Guid(eecd0ebb664fe4741a2e83d1536a26b0) Importer(815301076,1909f56bfc062723c751e8b465ee728b)  -> (artifact id: '662de450533eaf039752969bedb1e151') in 0.010735 seconds
Number of updated asset objects reloaded before import = 0
Number of asset objects unloaded after import = 10
========================================================================
Received Prepare
Begin MonoManager ReloadAssembly
- Loaded All Assemblies, in  0.282 seconds
Refreshing native plugins compatible for Editor in 4.52 ms, found 3 plugins.
Native extension for WindowsStandalone target not found
[Package Manager] Server::EnsureServerProcessIsRunning -- launch failed, reason: Unity was launched with the -noUpm command-line argument
[Package Manager] UpmClient::Send -- Unable to send message (not connected to UPM process).
[Package Manager] Cannot connect to Unity Package Manager local server
Mono: successfully reloaded assembly
- Finished resetting the current domain, in  0.666 seconds
Domain Reload Profiling: 946ms
	BeginReloadAssembly (105ms)
		ExecutionOrderSort (0ms)
		DisableScriptedObjects (2ms)
		BackupInstance (0ms)
		ReleaseScriptingObjects (0ms)
		CreateAndSetChildDomain (24ms)
	RebuildCommonClasses (17ms)
	RebuildNativeTypeToScriptingClass (10ms)
	initialDomainReloadingComplete (20ms)
	LoadAllAssembliesAndSetupDomain (127ms)
		LoadAssemblies (170ms)
		RebuildTransferFunctionScriptingTraits (0ms)
		AnalyzeDomain (9ms)
			TypeCache.Refresh (4ms)
				TypeCache.ScanAssembly (0ms)
			ScanForSourceGeneratedMonoScriptInfo (0ms)
			ResolveRequiredComponents (3ms)
	FinalizeReload (667ms)
		ReleaseScriptCaches (0ms)
		RebuildScriptCaches (0ms)
		SetupLoadedEditorAssemblies (215ms)
			LogAssemblyErrors (0ms)
			InitializePlatformSupportModulesInManaged (4ms)
			SetLoadedEditorAssemblies (2ms)
			RefreshPlugins (0ms)
			BeforeProcessingInitializeOnLoad (39ms)
			ProcessInitializeOnLoadAttributes (154ms)
			ProcessInitializeOnLoadMethodAttributes (10ms)
			AfterProcessingInitializeOnLoad (6ms)
			EditorAssembliesLoaded (0ms)
		ExecutionOrderSort2 (0ms)
		AwakeInstancesAfterBackupRestoration (5ms)
Refreshing native plugins compatible for Editor in 2.85 ms, found 3 plugins.
Preloading 0 native plugins for Editor in 0.00 ms.
Unloading 3091 Unused Serialized files (Serialized files now loaded: 0)
Unloading 22 unused Assets / (30.5 KB). Loaded Objects now: 3595.
Memory consumption went from 121.9 MB to 121.8 MB.
Total: 2.220700 ms (FindLiveObjects: 0.188300 ms CreateObjectMapping: 0.066100 ms MarkObjects: 1.929400 ms  DeleteObjects: 0.035800 ms)

Prepare: number of updated asset objects reloaded= 0
AssetImportParameters requested are different than current active one (requested -> active):
  custom:container-demuxer-ogg: 62fdf1f143b41e24485cea50d1cbac27 -> 
  custom:video-codec-MediaFoundation-h265: 746d11721c4dcdbdad8f713fa42b33f4 -> 
  custom:video-decoder-ogg-theora: a1e56fd34408186e4bbccfd4996cb3dc -> 
  custom:framework-win-MediaFoundation: 216162199b28c13a410421893ffa2e32 -> 
  custom:CustomObjectIndexerAttribute: 756ad292c208cfabdd7b50bc23989ffe -> 
  custom:container-demuxer-webm: 4f35f7cbe854078d1ac9338744f61a02 -> 
  custom:container-muxer-webm: aa71ff27fc2769a1b78a27578f13a17b -> 
  custom:video-decoder-webm-vp8: 9c59270c3fd7afecdb556c50c9e8de78 -> 
  custom:SearchIndexIgnoredProperties: e643bd26f0fe6173181afceb89e7c659 -> 
  custom:AudioImporter_EditorPlatform: d09bf68614088b80899f8185d706f6e7 -> 
  custom:video-encoder-webm-vp8: eb34c28f22e8b96e1ab97ce403110664 -> 
  custom:audio-decoder-ogg-vorbis: bf7c407c2cedff20999df2af8eb42d56 -> 
  custom:audio-encoder-webm-vorbis: bf7c407c2cedff20999df2af8eb42d56 -> 
========================================================================
Received Prepare
Begin MonoManager ReloadAssembly
- Loaded All Assemblies, in  0.406 seconds
Refreshing native plugins compatible for Editor in 2.47 ms, found 3 plugins.
Native extension for WindowsStandalone target not found
[Package Manager] Server::EnsureServerProcessIsRunning -- launch failed, reason: Unity was launched with the -noUpm command-line argument
[Package Manager] UpmClient::Send -- Unable to send message (not connected to UPM process).
[Package Manager] Cannot connect to Unity Package Manager local server
Mono: successfully reloaded assembly
- Finished resetting the current domain, in  0.777 seconds
Domain Reload Profiling: 1179ms
	BeginReloadAssembly (131ms)
		ExecutionOrderSort (0ms)
		DisableScriptedObjects (7ms)
		BackupInstance (0ms)
		ReleaseScriptingObjects (0ms)
		CreateAndSetChildDomain (37ms)
	RebuildCommonClasses (25ms)
	RebuildNativeTypeToScriptingClass (8ms)
	initialDomainReloadingComplete (23ms)
	LoadAllAssembliesAndSetupDomain (216ms)
		LoadAssemblies (250ms)
		RebuildTransferFunctionScriptingTraits (0ms)
		AnalyzeDomain (22ms)
			TypeCache.Refresh (9ms)
				TypeCache.ScanAssembly (4ms)
			ScanForSourceGeneratedMonoScriptInfo (8ms)
			ResolveRequiredComponents (4ms)
	FinalizeReload (777ms)
		ReleaseScriptCaches (0ms)
		RebuildScriptCaches (0ms)
		SetupLoadedEditorAssemblies (260ms)
			LogAssemblyErrors (0ms)
			InitializePlatformSupportModulesInManaged (5ms)
			SetLoadedEditorAssemblies (2ms)
			RefreshPlugins (0ms)
			BeforeProcessingInitializeOnLoad (46ms)
			ProcessInitializeOnLoadAttributes (181ms)
			ProcessInitializeOnLoadMethodAttributes (19ms)
			AfterProcessingInitializeOnLoad (7ms)
			EditorAssembliesLoaded (0ms)
		ExecutionOrderSort2 (0ms)
		AwakeInstancesAfterBackupRestoration (5ms)
Refreshing native plugins compatible for Editor in 3.84 ms, found 3 plugins.
Preloading 0 native plugins for Editor in 0.00 ms.
Unloading 3467 Unused Serialized files (Serialized files now loaded: 0)
Unloading 42 unused Assets / (1.7 MB). Loaded Objects now: 3954.
Memory consumption went from 137.5 MB to 135.8 MB.
Total: 3.390100 ms (FindLiveObjects: 0.322200 ms CreateObjectMapping: 0.076400 ms MarkObjects: 2.152800 ms  DeleteObjects: 0.837900 ms)

Prepare: number of updated asset objects reloaded= 0
AssetImportParameters requested are different than current active one (requested -> active):
  custom:container-demuxer-ogg: 62fdf1f143b41e24485cea50d1cbac27 -> 
  custom:video-codec-MediaFoundation-h265: 746d11721c4dcdbdad8f713fa42b33f4 -> 
  custom:video-decoder-ogg-theora: a1e56fd34408186e4bbccfd4996cb3dc -> 
  custom:framework-win-MediaFoundation: 216162199b28c13a410421893ffa2e32 -> 
  custom:CustomObjectIndexerAttribute: 756ad292c208cfabdd7b50bc23989ffe -> 
  custom:container-demuxer-webm: 4f35f7cbe854078d1ac9338744f61a02 -> 
  custom:container-muxer-webm: aa71ff27fc2769a1b78a27578f13a17b -> 
  custom:video-decoder-webm-vp8: 9c59270c3fd7afecdb556c50c9e8de78 -> 
  custom:SearchIndexIgnoredProperties: e643bd26f0fe6173181afceb89e7c659 -> 
  custom:AudioImporter_EditorPlatform: d09bf68614088b80899f8185d706f6e7 -> 
  custom:video-encoder-webm-vp8: eb34c28f22e8b96e1ab97ce403110664 -> 
  custom:audio-decoder-ogg-vorbis: bf7c407c2cedff20999df2af8eb42d56 -> 
  custom:audio-encoder-webm-vorbis: bf7c407c2cedff20999df2af8eb42d56 -> 
========================================================================
Received Import Request.
  Time since last request: 5061.693492 seconds.
  path: Assets/Wall-Wood (11) 6.prefab
  artifactKey: Guid(46c414b03b9b2814b9efaaab171ffd50) Importer(815301076,1909f56bfc062723c751e8b465ee728b)
Start importing Assets/Wall-Wood (11) 6.prefab using Guid(46c414b03b9b2814b9efaaab171ffd50) Importer(815301076,1909f56bfc062723c751e8b465ee728b)  -> (artifact id: '0826e108dd7fb38755f17c16fef0e7b4') in 0.052394 seconds
Number of updated asset objects reloaded before import = 0
Number of asset objects unloaded after import = 10
========================================================================
Received Import Request.
  Time since last request: 0.000012 seconds.
  path: Assets/wood texture.jpg
  artifactKey: Guid(77e5638cfa099c040a6bd3a41af3f95f) Importer(815301076,1909f56bfc062723c751e8b465ee728b)
Start importing Assets/wood texture.jpg using Guid(77e5638cfa099c040a6bd3a41af3f95f) Importer(815301076,1909f56bfc062723c751e8b465ee728b)  -> (artifact id: 'fc48d5deb117ad1077e61d912be5abec') in 0.017075 seconds
Number of updated asset objects reloaded before import = 0
Number of asset objects unloaded after import = 2
========================================================================
Received Import Request.
  Time since last request: 0.000014 seconds.
  path: Assets/Wall-Wood (11) 9.prefab
  artifactKey: Guid(2e59997a56394cd468301adf7fcfc093) Importer(815301076,1909f56bfc062723c751e8b465ee728b)
Start importing Assets/Wall-Wood (11) 9.prefab using Guid(2e59997a56394cd468301adf7fcfc093) Importer(815301076,1909f56bfc062723c751e8b465ee728b)  -> (artifact id: 'fc6987907785939b18ba267202310eab') in 0.011352 seconds
Number of updated asset objects reloaded before import = 0
Number of asset objects unloaded after import = 10
========================================================================
Received Import Request.
  Time since last request: 0.000017 seconds.
  path: Assets/Wine thing Variant 2.prefab
  artifactKey: Guid(4d25c8f899dc8bb44a67f661edce7571) Importer(815301076,1909f56bfc062723c751e8b465ee728b)
Start importing Assets/Wine thing Variant 2.prefab using Guid(4d25c8f899dc8bb44a67f661edce7571) Importer(815301076,1909f56bfc062723c751e8b465ee728b)  -> (artifact id: '449295c1787d14e2f77eb29add4178a8') in 0.213595 seconds
Number of updated asset objects reloaded before import = 0
Number of asset objects unloaded after import = 999
========================================================================
Received Import Request.
  Time since last request: 0.000019 seconds.
  path: Assets/WOAH.png
  artifactKey: Guid(b1d8dacf6de21a54b9de2c7ea7ba96d2) Importer(815301076,1909f56bfc062723c751e8b465ee728b)
Start importing Assets/WOAH.png using Guid(b1d8dacf6de21a54b9de2c7ea7ba96d2) Importer(815301076,1909f56bfc062723c751e8b465ee728b)  -> (artifact id: 'ba99c9b363b59a1732453f3c1f0a6d21') in 0.015498 seconds
Number of updated asset objects reloaded before import = 0
Number of asset objects unloaded after import = 2
========================================================================
Received Import Request.
  Time since last request: 0.000019 seconds.
  path: Assets/Wine thing Variant.prefab
  artifactKey: Guid(2d7c737c11fbfc74784184f57eabac73) Importer(815301076,1909f56bfc062723c751e8b465ee728b)
Start importing Assets/Wine thing Variant.prefab using Guid(2d7c737c11fbfc74784184f57eabac73) Importer(815301076,1909f56bfc062723c751e8b465ee728b)  -> (artifact id: '03dad881d7c8bdb1c30c12d5348c883f') in 0.079099 seconds
Number of updated asset objects reloaded before import = 0
Number of asset objects unloaded after import = 461
========================================================================
Received Import Request.
  Time since last request: 13.316820 seconds.
  path: Assets/Historic environment/Torch_2/Texture/Holder/Holder_AO.png
  artifactKey: Guid(0c3cc0dcf83cc402eb07f0aceba79881) Importer(815301076,1909f56bfc062723c751e8b465ee728b)
Start importing Assets/Historic environment/Torch_2/Texture/Holder/Holder_AO.png using Guid(0c3cc0dcf83cc402eb07f0aceba79881) Importer(815301076,1909f56bfc062723c751e8b465ee728b)  -> (artifact id: 'aefdfe7b2e0fca3c4077c4e1f11a3b91') in 0.014405 seconds
Number of updated asset objects reloaded before import = 0
Number of asset objects unloaded after import = 2
Editor requested this worker to shutdown with reason: Scaling down because of idle timeout
TcpMessagingSession - receive error: operation aborted. errorcode: 995, details: The I/O operation has been aborted because of either a thread exit or an application request.
AssetImportWorker is now disconnected from the server
Process exiting
Exiting without the bug reporter. Application will terminate with return code 0