Using pre-set license
Built from '2022.3/staging' branch; Version is '2022.3.10f1 (ff3792e53c62) revision 16725906'; Using compiler version '192829333'; Build Type 'Release'
OS: 'Windows 10  (10.0.19045) 64bit Enterprise' Language: 'en' Physical Memory: 32493 MB
BatchMode: 1, IsHumanControllingUs: 0, StartBugReporterOnCrash: 0, Is64bit: 1, IsPro: 1

COMMAND LINE ARGUMENTS:
C:\Program Files\Unity\Hub\Editor\2022.3.10f1\Editor\Unity.exe
-adb2
-batchMode
-noUpm
-name
AssetImportWorker3
-projectPath
C:/Users/n11976799/Documents/GitHub/Group3Repository/IGB101 assignment Zach
-logFile
Logs/AssetImportWorker3.log
-srvPort
60171
Successfully changed project path to: C:/Users/n11976799/Documents/GitHub/Group3Repository/IGB101 assignment Zach
C:/Users/n11976799/Documents/GitHub/Group3Repository/IGB101 assignment Zach
[UnityMemory] Configuration Parameters - Can be set up in boot.config
    "memorysetup-bucket-allocator-granularity=16"
    "memorysetup-bucket-allocator-bucket-count=8"
    "memorysetup-bucket-allocator-block-size=33554432"
    "memorysetup-bucket-allocator-block-count=8"
    "memorysetup-main-allocator-block-size=16777216"
    "memorysetup-thread-allocator-block-size=16777216"
    "memorysetup-gfx-main-allocator-block-size=16777216"
    "memorysetup-gfx-thread-allocator-block-size=16777216"
    "memorysetup-cache-allocator-block-size=4194304"
    "memorysetup-typetree-allocator-block-size=2097152"
    "memorysetup-profiler-bucket-allocator-granularity=16"
    "memorysetup-profiler-bucket-allocator-bucket-count=8"
    "memorysetup-profiler-bucket-allocator-block-size=33554432"
    "memorysetup-profiler-bucket-allocator-block-count=8"
    "memorysetup-profiler-allocator-block-size=16777216"
    "memorysetup-profiler-editor-allocator-block-size=1048576"
    "memorysetup-temp-allocator-size-main=16777216"
    "memorysetup-job-temp-allocator-block-size=2097152"
    "memorysetup-job-temp-allocator-block-size-background=1048576"
    "memorysetup-job-temp-allocator-reduction-small-platforms=262144"
    "memorysetup-allocator-temp-initial-block-size-main=262144"
    "memorysetup-allocator-temp-initial-block-size-worker=262144"
    "memorysetup-temp-allocator-size-background-worker=32768"
    "memorysetup-temp-allocator-size-job-worker=262144"
    "memorysetup-temp-allocator-size-preload-manager=33554432"
    "memorysetup-temp-allocator-size-nav-mesh-worker=65536"
    "memorysetup-temp-allocator-size-audio-worker=65536"
    "memorysetup-temp-allocator-size-cloud-worker=32768"
    "memorysetup-temp-allocator-size-gi-baking-worker=262144"
    "memorysetup-temp-allocator-size-gfx=262144"
Player connection [17660] Host "[IP] 131.181.110.86 [Port] 0 [Flags] 2 [Guid] 260103411 [EditorId] 260103411 [Version] 1048832 [Id] WindowsEditor(7,LAB-GPS515-21) [Debug] 1 [PackageName] WindowsEditor [ProjectName] Editor" joined multi-casting on [225.0.0.222:54997]...

Player connection [17660] Host "[IP] 131.181.110.86 [Port] 0 [Flags] 2 [Guid] 260103411 [EditorId] 260103411 [Version] 1048832 [Id] WindowsEditor(7,LAB-GPS515-21) [Debug] 1 [PackageName] WindowsEditor [ProjectName] Editor" joined alternative multi-casting on [225.0.0.222:34997]...

[Physics::Module] Initialized MultithreadedJobDispatcher with 15 workers.
Refreshing native plugins compatible for Editor in 9.73 ms, found 3 plugins.
Preloading 0 native plugins for Editor in 0.00 ms.
Initialize engine version: 2022.3.10f1 (ff3792e53c62)
[Subsystems] Discovering subsystems at path C:/Program Files/Unity/Hub/Editor/2022.3.10f1/Editor/Data/Resources/UnitySubsystems
[Subsystems] Discovering subsystems at path C:/Users/n11976799/Documents/GitHub/Group3Repository/IGB101 assignment Zach/Assets
GfxDevice: creating device client; threaded=0; jobified=0
Direct3D:
    Version:  Direct3D 11.0 [level 11.1]
    Renderer: NVIDIA GeForce RTX 3090 (ID=0x2204)
    Vendor:   NVIDIA
    VRAM:     24326 MB
    Driver:   31.0.15.5152
Initialize mono
Mono path[0] = 'C:/Program Files/Unity/Hub/Editor/2022.3.10f1/Editor/Data/Managed'
Mono path[1] = 'C:/Program Files/Unity/Hub/Editor/2022.3.10f1/Editor/Data/MonoBleedingEdge/lib/mono/unityjit-win32'
Mono config path = 'C:/Program Files/Unity/Hub/Editor/2022.3.10f1/Editor/Data/MonoBleedingEdge/etc'
Using monoOptions --debugger-agent=transport=dt_socket,embedding=1,server=y,suspend=n,address=127.0.0.1:56088
Begin MonoManager ReloadAssembly
Registering precompiled unity dll's ...
Register platform support module: C:/Program Files/Unity/Hub/Editor/2022.3.10f1/Editor/Data/PlaybackEngines/WindowsStandaloneSupport/UnityEditor.WindowsStandalone.Extensions.dll
Registered in 0.007598 seconds.
- Loaded All Assemblies, in  0.302 seconds
Native extension for WindowsStandalone target not found
Mono: successfully reloaded assembly
- Finished resetting the current domain, in  0.206 seconds
Domain Reload Profiling: 507ms
	BeginReloadAssembly (90ms)
		ExecutionOrderSort (0ms)
		DisableScriptedObjects (0ms)
		BackupInstance (0ms)
		ReleaseScriptingObjects (0ms)
		CreateAndSetChildDomain (1ms)
	RebuildCommonClasses (26ms)
	RebuildNativeTypeToScriptingClass (8ms)
	initialDomainReloadingComplete (53ms)
	LoadAllAssembliesAndSetupDomain (122ms)
		LoadAssemblies (89ms)
		RebuildTransferFunctionScriptingTraits (0ms)
		AnalyzeDomain (120ms)
			TypeCache.Refresh (119ms)
				TypeCache.ScanAssembly (109ms)
			ScanForSourceGeneratedMonoScriptInfo (0ms)
			ResolveRequiredComponents (0ms)
	FinalizeReload (207ms)
		ReleaseScriptCaches (0ms)
		RebuildScriptCaches (0ms)
		SetupLoadedEditorAssemblies (159ms)
			LogAssemblyErrors (0ms)
			InitializePlatformSupportModulesInManaged (8ms)
			SetLoadedEditorAssemblies (7ms)
			RefreshPlugins (0ms)
			BeforeProcessingInitializeOnLoad (2ms)
			ProcessInitializeOnLoadAttributes (102ms)
			ProcessInitializeOnLoadMethodAttributes (40ms)
			AfterProcessingInitializeOnLoad (0ms)
			EditorAssembliesLoaded (0ms)
		ExecutionOrderSort2 (0ms)
		AwakeInstancesAfterBackupRestoration (0ms)
========================================================================
Worker process is ready to serve import requests
Begin MonoManager ReloadAssembly
- Loaded All Assemblies, in  0.534 seconds
Refreshing native plugins compatible for Editor in 3.41 ms, found 3 plugins.
Native extension for WindowsStandalone target not found
Package Manager log level set to [2]
[Package Manager] Server::EnsureServerProcessIsRunning -- launch failed, reason: Unity was launched with the -noUpm command-line argument
[Package Manager] UpmClient::Send -- Unable to send message (not connected to UPM process).
[Package Manager] Cannot connect to Unity Package Manager local server
Mono: successfully reloaded assembly
- Finished resetting the current domain, in  0.459 seconds
Domain Reload Profiling: 992ms
	BeginReloadAssembly (123ms)
		ExecutionOrderSort (0ms)
		DisableScriptedObjects (4ms)
		BackupInstance (0ms)
		ReleaseScriptingObjects (0ms)
		CreateAndSetChildDomain (17ms)
	RebuildCommonClasses (35ms)
	RebuildNativeTypeToScriptingClass (8ms)
	initialDomainReloadingComplete (34ms)
	LoadAllAssembliesAndSetupDomain (332ms)
		LoadAssemblies (258ms)
		RebuildTransferFunctionScriptingTraits (0ms)
		AnalyzeDomain (147ms)
			TypeCache.Refresh (131ms)
				TypeCache.ScanAssembly (119ms)
			ScanForSourceGeneratedMonoScriptInfo (12ms)
			ResolveRequiredComponents (3ms)
	FinalizeReload (459ms)
		ReleaseScriptCaches (0ms)
		RebuildScriptCaches (0ms)
		SetupLoadedEditorAssemblies (337ms)
			LogAssemblyErrors (0ms)
			InitializePlatformSupportModulesInManaged (5ms)
			SetLoadedEditorAssemblies (3ms)
			RefreshPlugins (0ms)
			BeforeProcessingInitializeOnLoad (47ms)
			ProcessInitializeOnLoadAttributes (262ms)
			ProcessInitializeOnLoadMethodAttributes (15ms)
			AfterProcessingInitializeOnLoad (5ms)
			EditorAssembliesLoaded (0ms)
		ExecutionOrderSort2 (0ms)
		AwakeInstancesAfterBackupRestoration (7ms)
Launched and connected shader compiler UnityShaderCompiler.exe after 0.06 seconds
Refreshing native plugins compatible for Editor in 3.60 ms, found 3 plugins.
Preloading 0 native plugins for Editor in 0.00 ms.
Unloading 3493 Unused Serialized files (Serialized files now loaded: 0)
Unloading 36 unused Assets / (105.6 KB). Loaded Objects now: 3956.
Memory consumption went from 137.9 MB to 137.7 MB.
Total: 2.332200 ms (FindLiveObjects: 0.216100 ms CreateObjectMapping: 0.109300 ms MarkObjects: 1.902600 ms  DeleteObjects: 0.103200 ms)

AssetImportParameters requested are different than current active one (requested -> active):
  custom:container-demuxer-ogg: 62fdf1f143b41e24485cea50d1cbac27 -> 
  custom:video-decoder-ogg-theora: a1e56fd34408186e4bbccfd4996cb3dc -> 
  custom:framework-win-MediaFoundation: 216162199b28c13a410421893ffa2e32 -> 
  custom:container-demuxer-webm: 4f35f7cbe854078d1ac9338744f61a02 -> 
  custom:container-muxer-webm: aa71ff27fc2769a1b78a27578f13a17b -> 
  custom:video-decoder-webm-vp8: 9c59270c3fd7afecdb556c50c9e8de78 -> 
  custom:AudioImporter_EditorPlatform: d09bf68614088b80899f8185d706f6e7 -> 
  custom:video-encoder-webm-vp8: eb34c28f22e8b96e1ab97ce403110664 -> 
  custom:audio-decoder-ogg-vorbis: bf7c407c2cedff20999df2af8eb42d56 -> 
  custom:audio-encoder-webm-vorbis: bf7c407c2cedff20999df2af8eb42d56 -> 
========================================================================
Received Import Request.
  Time since last request: 11156.967789 seconds.
  path: Assets/Corner-Stone (4) Variant.prefab
  artifactKey: Guid(57bf4d3278049ea4c891b0de80a2b16c) Importer(815301076,1909f56bfc062723c751e8b465ee728b)
Start importing Assets/Corner-Stone (4) Variant.prefab using Guid(57bf4d3278049ea4c891b0de80a2b16c) Importer(815301076,1909f56bfc062723c751e8b465ee728b)  -> (artifact id: '0f3575d430e1f6ae7cbf3bb2bd9d01ea') in 0.214680 seconds
Number of updated asset objects reloaded before import = 0
Number of asset objects unloaded after import = 18
========================================================================
Received Import Request.
  Time since last request: 0.000027 seconds.
  path: Assets/Corner-Stone (3) 5.prefab
  artifactKey: Guid(e4abe5cede6f22a489d743cd8c5cedff) Importer(815301076,1909f56bfc062723c751e8b465ee728b)
Start importing Assets/Corner-Stone (3) 5.prefab using Guid(e4abe5cede6f22a489d743cd8c5cedff) Importer(815301076,1909f56bfc062723c751e8b465ee728b)  -> (artifact id: '62dc45d2636f99efe6afed7c07baadce') in 0.012682 seconds
Number of updated asset objects reloaded before import = 0
Number of asset objects unloaded after import = 10
========================================================================
Received Import Request.
  Time since last request: 0.000017 seconds.
  path: Assets/Corner-Stone (3) 6.prefab
  artifactKey: Guid(7fa99ea77e03a544690309681c16cb31) Importer(815301076,1909f56bfc062723c751e8b465ee728b)
Start importing Assets/Corner-Stone (3) 6.prefab using Guid(7fa99ea77e03a544690309681c16cb31) Importer(815301076,1909f56bfc062723c751e8b465ee728b)  -> (artifact id: 'f90f8f3957116c29f12e0e4b6f47aa78') in 0.007838 seconds
Number of updated asset objects reloaded before import = 0
Number of asset objects unloaded after import = 15
========================================================================
Received Import Request.
  Time since last request: 0.000015 seconds.
  path: Assets/Corner-Stone (6).prefab
  artifactKey: Guid(ea0994893eddd1e4a890c909e51d2de3) Importer(815301076,1909f56bfc062723c751e8b465ee728b)
Start importing Assets/Corner-Stone (6).prefab using Guid(ea0994893eddd1e4a890c909e51d2de3) Importer(815301076,1909f56bfc062723c751e8b465ee728b)  -> (artifact id: '2b47e9d921e82d9f9ba91ddbae1f63a1') in 0.008905 seconds
Number of updated asset objects reloaded before import = 0
Number of asset objects unloaded after import = 10
========================================================================
Received Import Request.
  Time since last request: 0.000041 seconds.
  path: Assets/Corner-Stone (7) 2.prefab
  artifactKey: Guid(4473e6b620683f54baffb600b1562d07) Importer(815301076,1909f56bfc062723c751e8b465ee728b)
Start importing Assets/Corner-Stone (7) 2.prefab using Guid(4473e6b620683f54baffb600b1562d07) Importer(815301076,1909f56bfc062723c751e8b465ee728b)  -> (artifact id: '3b37705b3ae9de353620a12364449847') in 0.007437 seconds
Number of updated asset objects reloaded before import = 0
Number of asset objects unloaded after import = 10
========================================================================
Received Import Request.
  Time since last request: 0.000013 seconds.
  path: Assets/Cube (1).prefab
  artifactKey: Guid(f9f302336f9e02c4ba46dbd469a6ec48) Importer(815301076,1909f56bfc062723c751e8b465ee728b)
Start importing Assets/Cube (1).prefab using Guid(f9f302336f9e02c4ba46dbd469a6ec48) Importer(815301076,1909f56bfc062723c751e8b465ee728b)  -> (artifact id: 'a4298d72e4690e2b1aa748b300a964a8') in 0.156725 seconds
Number of updated asset objects reloaded before import = 0
Number of asset objects unloaded after import = 10
========================================================================
Received Import Request.
  Time since last request: 0.000013 seconds.
  path: Assets/Corner-Stone (5) Variant.prefab
  artifactKey: Guid(e0a4d675c1c5e9845a771169deb2a8b3) Importer(815301076,1909f56bfc062723c751e8b465ee728b)
Start importing Assets/Corner-Stone (5) Variant.prefab using Guid(e0a4d675c1c5e9845a771169deb2a8b3) Importer(815301076,1909f56bfc062723c751e8b465ee728b)  -> (artifact id: 'c6255e2104c4feb56125a21f3abdb418') in 0.009518 seconds
Number of updated asset objects reloaded before import = 0
Number of asset objects unloaded after import = 18
========================================================================
Received Import Request.
  Time since last request: 0.000014 seconds.
  path: Assets/Corner-Stone (4) 1.prefab
  artifactKey: Guid(e8d834424df3634448a5073b2ec00793) Importer(815301076,1909f56bfc062723c751e8b465ee728b)
Start importing Assets/Corner-Stone (4) 1.prefab using Guid(e8d834424df3634448a5073b2ec00793) Importer(815301076,1909f56bfc062723c751e8b465ee728b)  -> (artifact id: '13f3305f0917b480582fd82d849a2e8e') in 0.007014 seconds
Number of updated asset objects reloaded before import = 0
Number of asset objects unloaded after import = 10
========================================================================
Received Import Request.
  Time since last request: 0.000019 seconds.
  path: Assets/Corner-Stone (5) 1.prefab
  artifactKey: Guid(a8b86a212d7692947872d96375dc117b) Importer(815301076,1909f56bfc062723c751e8b465ee728b)
Start importing Assets/Corner-Stone (5) 1.prefab using Guid(a8b86a212d7692947872d96375dc117b) Importer(815301076,1909f56bfc062723c751e8b465ee728b)  -> (artifact id: 'aa190e0616d4297a84e713a74f959560') in 0.006808 seconds
Number of updated asset objects reloaded before import = 0
Number of asset objects unloaded after import = 10
========================================================================
Received Import Request.
  Time since last request: 0.000012 seconds.
  path: Assets/Flair.fbx
  artifactKey: Guid(7bfd65d01cdfaa3478c276fc8bbcb82f) Importer(815301076,1909f56bfc062723c751e8b465ee728b)
Start importing Assets/Flair.fbx using Guid(7bfd65d01cdfaa3478c276fc8bbcb82f) Importer(815301076,1909f56bfc062723c751e8b465ee728b)  -> (artifact id: '52942a548dae5eda0898ceb2decf48e2') in 0.119915 seconds
Number of updated asset objects reloaded before import = 0
Number of asset objects unloaded after import = 145
========================================================================
Received Prepare
Refreshing native plugins compatible for Editor in 3.58 ms, found 3 plugins.
Preloading 0 native plugins for Editor in 0.00 ms.
Unloading 1 Unused Serialized files (Serialized files now loaded: 0)
Unloading 2 unused Assets / (58.4 KB). Loaded Objects now: 4003.
Memory consumption went from 81.1 MB to 81.1 MB.
Total: 2.917200 ms (FindLiveObjects: 0.247000 ms CreateObjectMapping: 0.132200 ms MarkObjects: 2.468600 ms  DeleteObjects: 0.068600 ms)

Prepare: number of updated asset objects reloaded= 0
AssetImportParameters requested are different than current active one (requested -> active):
  custom:container-demuxer-ogg: 62fdf1f143b41e24485cea50d1cbac27 -> 
  custom:video-decoder-ogg-theora: a1e56fd34408186e4bbccfd4996cb3dc -> 
  custom:framework-win-MediaFoundation: 216162199b28c13a410421893ffa2e32 -> 
  custom:CustomObjectIndexerAttribute: 756ad292c208cfabdd7b50bc23989ffe -> 
  custom:container-demuxer-webm: 4f35f7cbe854078d1ac9338744f61a02 -> 
  custom:container-muxer-webm: aa71ff27fc2769a1b78a27578f13a17b -> 
  custom:video-decoder-webm-vp8: 9c59270c3fd7afecdb556c50c9e8de78 -> 
  custom:SearchIndexIgnoredProperties: e643bd26f0fe6173181afceb89e7c659 -> 
  custom:AudioImporter_EditorPlatform: d09bf68614088b80899f8185d706f6e7 -> 
  custom:video-encoder-webm-vp8: eb34c28f22e8b96e1ab97ce403110664 -> 
  custom:audio-decoder-ogg-vorbis: bf7c407c2cedff20999df2af8eb42d56 -> 
  custom:audio-encoder-webm-vorbis: bf7c407c2cedff20999df2af8eb42d56 -> 
========================================================================
Received Prepare
Begin MonoManager ReloadAssembly
IOException: Sharing violation on path C:\Users\n11976799\Documents\GitHub\Group3Repository\IGB101 assignment Zach\ProjectSettings\Packages\com.unity.testtools.codecoverage\Settings.json
  at System.IO.FileStream..ctor (System.String path, System.IO.FileMode mode, System.IO.FileAccess access, System.IO.FileShare share, System.Int32 bufferSize, System.Boolean anonymous, System.IO.FileOptions options) [0x0019e] in <787acc3c9a4c471ba7d971300105af24>:0 
  at System.IO.FileStream..ctor (System.String path, System.IO.FileMode mode, System.IO.FileAccess access, System.IO.FileShare share, System.Int32 bufferSize, System.IO.FileOptions options) [0x00000] in <787acc3c9a4c471ba7d971300105af24>:0 
  at (wrapper remoting-invoke-with-check) System.IO.FileStream..ctor(string,System.IO.FileMode,System.IO.FileAccess,System.IO.FileShare,int,System.IO.FileOptions)
  at System.IO.StreamWriter..ctor (System.String path, System.Boolean append, System.Text.Encoding encoding, System.Int32 bufferSize) [0x00055] in <787acc3c9a4c471ba7d971300105af24>:0 
  at System.IO.StreamWriter..ctor (System.String path) [0x00008] in <787acc3c9a4c471ba7d971300105af24>:0 
  at (wrapper remoting-invoke-with-check) System.IO.StreamWriter..ctor(string)
  at System.IO.File.WriteAllText (System.String path, System.String contents) [0x00026] in <787acc3c9a4c471ba7d971300105af24>:0 
  at UnityEditor.SettingsManagement.FileSettingsRepository.Save () [0x000e2] in .\Library\PackageCache\com.unity.settings-manager@2.0.1\Editor\FileSettingsRepository.cs:154 
  at UnityEditor.AssemblyReloadEvents.OnBeforeAssemblyReload () [0x00017] in <fe7039efe678478d9c83e73bc6a6566d>:0 

(Filename: ./Library/PackageCache/com.unity.settings-manager@2.0.1/Editor/FileSettingsRepository.cs Line: 154)

- Loaded All Assemblies, in  0.380 seconds
Refreshing native plugins compatible for Editor in 3.87 ms, found 3 plugins.
Native extension for WindowsStandalone target not found
[Package Manager] Server::EnsureServerProcessIsRunning -- launch failed, reason: Unity was launched with the -noUpm command-line argument
[Package Manager] UpmClient::Send -- Unable to send message (not connected to UPM process).
[Package Manager] Cannot connect to Unity Package Manager local server
Mono: successfully reloaded assembly
- Finished resetting the current domain, in  0.836 seconds
Domain Reload Profiling: 1213ms
	BeginReloadAssembly (137ms)
		ExecutionOrderSort (0ms)
		DisableScriptedObjects (3ms)
		BackupInstance (0ms)
		ReleaseScriptingObjects (0ms)
		CreateAndSetChildDomain (32ms)
	RebuildCommonClasses (26ms)
	RebuildNativeTypeToScriptingClass (8ms)
	initialDomainReloadingComplete (24ms)
	LoadAllAssembliesAndSetupDomain (181ms)
		LoadAssemblies (230ms)
		RebuildTransferFunctionScriptingTraits (0ms)
		AnalyzeDomain (19ms)
			TypeCache.Refresh (9ms)
				TypeCache.ScanAssembly (0ms)
			ScanForSourceGeneratedMonoScriptInfo (6ms)
			ResolveRequiredComponents (3ms)
	FinalizeReload (837ms)
		ReleaseScriptCaches (0ms)
		RebuildScriptCaches (0ms)
		SetupLoadedEditorAssemblies (285ms)
			LogAssemblyErrors (0ms)
			InitializePlatformSupportModulesInManaged (5ms)
			SetLoadedEditorAssemblies (2ms)
			RefreshPlugins (0ms)
			BeforeProcessingInitializeOnLoad (47ms)
			ProcessInitializeOnLoadAttributes (204ms)
			ProcessInitializeOnLoadMethodAttributes (20ms)
			AfterProcessingInitializeOnLoad (7ms)
			EditorAssembliesLoaded (0ms)
		ExecutionOrderSort2 (0ms)
		AwakeInstancesAfterBackupRestoration (6ms)
Refreshing native plugins compatible for Editor in 3.86 ms, found 3 plugins.
Preloading 0 native plugins for Editor in 0.00 ms.
Unloading 3450 Unused Serialized files (Serialized files now loaded: 0)
Unloading 24 unused Assets / (77.7 KB). Loaded Objects now: 4005.
Memory consumption went from 134.6 MB to 134.5 MB.
Total: 2.105100 ms (FindLiveObjects: 0.226500 ms CreateObjectMapping: 0.117600 ms MarkObjects: 1.683800 ms  DeleteObjects: 0.076300 ms)

Prepare: number of updated asset objects reloaded= 0
AssetImportParameters requested are different than current active one (requested -> active):
  custom:container-demuxer-ogg: 62fdf1f143b41e24485cea50d1cbac27 -> 
  custom:video-decoder-ogg-theora: a1e56fd34408186e4bbccfd4996cb3dc -> 
  custom:framework-win-MediaFoundation: 216162199b28c13a410421893ffa2e32 -> 
  custom:CustomObjectIndexerAttribute: 756ad292c208cfabdd7b50bc23989ffe -> 
  custom:container-demuxer-webm: 4f35f7cbe854078d1ac9338744f61a02 -> 
  custom:container-muxer-webm: aa71ff27fc2769a1b78a27578f13a17b -> 
  custom:video-decoder-webm-vp8: 9c59270c3fd7afecdb556c50c9e8de78 -> 
  custom:SearchIndexIgnoredProperties: e643bd26f0fe6173181afceb89e7c659 -> 
  custom:AudioImporter_EditorPlatform: d09bf68614088b80899f8185d706f6e7 -> 
  custom:video-encoder-webm-vp8: eb34c28f22e8b96e1ab97ce403110664 -> 
  custom:audio-decoder-ogg-vorbis: bf7c407c2cedff20999df2af8eb42d56 -> 
  custom:audio-encoder-webm-vorbis: bf7c407c2cedff20999df2af8eb42d56 -> 
========================================================================
Received Prepare
Begin MonoManager ReloadAssembly
- Loaded All Assemblies, in  0.379 seconds
Refreshing native plugins compatible for Editor in 3.49 ms, found 3 plugins.
Native extension for WindowsStandalone target not found
[Package Manager] Server::EnsureServerProcessIsRunning -- launch failed, reason: Unity was launched with the -noUpm command-line argument
[Package Manager] UpmClient::Send -- Unable to send message (not connected to UPM process).
[Package Manager] Cannot connect to Unity Package Manager local server
Mono: successfully reloaded assembly
- Finished resetting the current domain, in  0.904 seconds
Domain Reload Profiling: 1280ms
	BeginReloadAssembly (138ms)
		ExecutionOrderSort (0ms)
		DisableScriptedObjects (5ms)
		BackupInstance (0ms)
		ReleaseScriptingObjects (0ms)
		CreateAndSetChildDomain (29ms)
	RebuildCommonClasses (32ms)
	RebuildNativeTypeToScriptingClass (9ms)
	initialDomainReloadingComplete (26ms)
	LoadAllAssembliesAndSetupDomain (172ms)
		LoadAssemblies (238ms)
		RebuildTransferFunctionScriptingTraits (0ms)
		AnalyzeDomain (9ms)
			TypeCache.Refresh (5ms)
				TypeCache.ScanAssembly (0ms)
			ScanForSourceGeneratedMonoScriptInfo (0ms)
			ResolveRequiredComponents (3ms)
	FinalizeReload (904ms)
		ReleaseScriptCaches (0ms)
		RebuildScriptCaches (0ms)
		SetupLoadedEditorAssemblies (333ms)
			LogAssemblyErrors (0ms)
			InitializePlatformSupportModulesInManaged (6ms)
			SetLoadedEditorAssemblies (3ms)
			RefreshPlugins (0ms)
			BeforeProcessingInitializeOnLoad (56ms)
			ProcessInitializeOnLoadAttributes (243ms)
			ProcessInitializeOnLoadMethodAttributes (19ms)
			AfterProcessingInitializeOnLoad (7ms)
			EditorAssembliesLoaded (0ms)
		ExecutionOrderSort2 (0ms)
		AwakeInstancesAfterBackupRestoration (9ms)
Refreshing native plugins compatible for Editor in 3.93 ms, found 3 plugins.
Preloading 0 native plugins for Editor in 0.00 ms.
Unloading 3450 Unused Serialized files (Serialized files now loaded: 0)
Unloading 24 unused Assets / (77.9 KB). Loaded Objects now: 4008.
Memory consumption went from 134.6 MB to 134.5 MB.
Total: 2.228100 ms (FindLiveObjects: 0.215600 ms CreateObjectMapping: 0.101200 ms MarkObjects: 1.835500 ms  DeleteObjects: 0.075200 ms)

Prepare: number of updated asset objects reloaded= 0
AssetImportParameters requested are different than current active one (requested -> active):
  custom:container-demuxer-ogg: 62fdf1f143b41e24485cea50d1cbac27 -> 
  custom:video-decoder-ogg-theora: a1e56fd34408186e4bbccfd4996cb3dc -> 
  custom:framework-win-MediaFoundation: 216162199b28c13a410421893ffa2e32 -> 
  custom:CustomObjectIndexerAttribute: 756ad292c208cfabdd7b50bc23989ffe -> 
  custom:container-demuxer-webm: 4f35f7cbe854078d1ac9338744f61a02 -> 
  custom:container-muxer-webm: aa71ff27fc2769a1b78a27578f13a17b -> 
  custom:video-decoder-webm-vp8: 9c59270c3fd7afecdb556c50c9e8de78 -> 
  custom:SearchIndexIgnoredProperties: e643bd26f0fe6173181afceb89e7c659 -> 
  custom:AudioImporter_EditorPlatform: d09bf68614088b80899f8185d706f6e7 -> 
  custom:video-encoder-webm-vp8: eb34c28f22e8b96e1ab97ce403110664 -> 
  custom:audio-decoder-ogg-vorbis: bf7c407c2cedff20999df2af8eb42d56 -> 
  custom:audio-encoder-webm-vorbis: bf7c407c2cedff20999df2af8eb42d56 -> 
========================================================================
Received Import Request.
  Time since last request: 731.630915 seconds.
  path: Assets/Floor-Wood (4) 2.prefab
  artifactKey: Guid(7720b3061d78ba243852b7c12ccfd722) Importer(815301076,1909f56bfc062723c751e8b465ee728b)
Start importing Assets/Floor-Wood (4) 2.prefab using Guid(7720b3061d78ba243852b7c12ccfd722) Importer(815301076,1909f56bfc062723c751e8b465ee728b)  -> (artifact id: 'a2dc65c48117a94860eef93ace0cb6cd') in 0.062315 seconds
Number of updated asset objects reloaded before import = 0
Number of asset objects unloaded after import = 10
========================================================================
Received Import Request.
  Time since last request: 0.303264 seconds.
  path: Assets/Floor-Wood (4) 5.prefab
  artifactKey: Guid(bd8a97c7614c2f849886ad2ff5401005) Importer(815301076,1909f56bfc062723c751e8b465ee728b)
Start importing Assets/Floor-Wood (4) 5.prefab using Guid(bd8a97c7614c2f849886ad2ff5401005) Importer(815301076,1909f56bfc062723c751e8b465ee728b)  -> (artifact id: '8a7002ae9b8c3826db47deca4742f345') in 0.008713 seconds
Number of updated asset objects reloaded before import = 0
Number of asset objects unloaded after import = 10
========================================================================
Received Import Request.
  Time since last request: 0.006948 seconds.
  path: Assets/Floor-Wood (4) 6.prefab
  artifactKey: Guid(a7cd9e61c5658c74e8f782e11e7fa904) Importer(815301076,1909f56bfc062723c751e8b465ee728b)
Start importing Assets/Floor-Wood (4) 6.prefab using Guid(a7cd9e61c5658c74e8f782e11e7fa904) Importer(815301076,1909f56bfc062723c751e8b465ee728b)  -> (artifact id: '5ab92c7ae6b86f7a54c0b6cdcd5820bd') in 0.009212 seconds
Number of updated asset objects reloaded before import = 0
Number of asset objects unloaded after import = 10
========================================================================
Received Import Request.
  Time since last request: 0.000013 seconds.
  path: Assets/Floor-Wood (5) 1.prefab
  artifactKey: Guid(d649fc70fb42b6c40b5c4fc12c131231) Importer(815301076,1909f56bfc062723c751e8b465ee728b)
Start importing Assets/Floor-Wood (5) 1.prefab using Guid(d649fc70fb42b6c40b5c4fc12c131231) Importer(815301076,1909f56bfc062723c751e8b465ee728b)  -> (artifact id: 'c3958a16e4c7fbaa9aa6603f1d4c4d18') in 0.008340 seconds
Number of updated asset objects reloaded before import = 0
Number of asset objects unloaded after import = 10
========================================================================
Received Import Request.
  Time since last request: 0.000012 seconds.
  path: Assets/Floor-Wood (6) 1.prefab
  artifactKey: Guid(b9cccfcf23dc8d846a601e8972b10c11) Importer(815301076,1909f56bfc062723c751e8b465ee728b)
Start importing Assets/Floor-Wood (6) 1.prefab using Guid(b9cccfcf23dc8d846a601e8972b10c11) Importer(815301076,1909f56bfc062723c751e8b465ee728b)  -> (artifact id: 'da99f2e3a993b1be86144b8b813a1715') in 0.010032 seconds
Number of updated asset objects reloaded before import = 0
Number of asset objects unloaded after import = 15
========================================================================
Received Import Request.
  Time since last request: 0.000014 seconds.
  path: Assets/Sphere 1.prefab
  artifactKey: Guid(6551ed8e792e5484f9a58f90f13629ac) Importer(815301076,1909f56bfc062723c751e8b465ee728b)
Start importing Assets/Sphere 1.prefab using Guid(6551ed8e792e5484f9a58f90f13629ac) Importer(815301076,1909f56bfc062723c751e8b465ee728b)  -> (artifact id: 'e493d08e11fd433ca2b10d02ecef0854') in 0.009499 seconds
Number of updated asset objects reloaded before import = 0
Number of asset objects unloaded after import = 9
========================================================================
Received Import Request.
  Time since last request: 0.000013 seconds.
  path: Assets/Wall-Wood (9) 2.prefab
  artifactKey: Guid(0b9105bf477b6e84ab611679983e380f) Importer(815301076,1909f56bfc062723c751e8b465ee728b)
Start importing Assets/Wall-Wood (9) 2.prefab using Guid(0b9105bf477b6e84ab611679983e380f) Importer(815301076,1909f56bfc062723c751e8b465ee728b)  -> (artifact id: 'be904ce04100dfcac3b763cfabfae888') in 0.010060 seconds
Number of updated asset objects reloaded before import = 0
Number of asset objects unloaded after import = 15
========================================================================
Received Import Request.
  Time since last request: 0.000014 seconds.
  path: Assets/Wall-Wood (11) 9.prefab
  artifactKey: Guid(2e59997a56394cd468301adf7fcfc093) Importer(815301076,1909f56bfc062723c751e8b465ee728b)
Start importing Assets/Wall-Wood (11) 9.prefab using Guid(2e59997a56394cd468301adf7fcfc093) Importer(815301076,1909f56bfc062723c751e8b465ee728b)  -> (artifact id: '214d6a69c96746e7b3fdbd41d665ca25') in 0.010060 seconds
Number of updated asset objects reloaded before import = 0
Number of asset objects unloaded after import = 10
========================================================================
Received Import Request.
  Time since last request: 0.000016 seconds.
  path: Assets/Wall-Wood (5) Variant.prefab
  artifactKey: Guid(26ac7edcaf7223041b7df9584a29859c) Importer(815301076,1909f56bfc062723c751e8b465ee728b)
Start importing Assets/Wall-Wood (5) Variant.prefab using Guid(26ac7edcaf7223041b7df9584a29859c) Importer(815301076,1909f56bfc062723c751e8b465ee728b)  -> (artifact id: '8780a185fb8e907fbedf16d2ab969606') in 0.015761 seconds
Number of updated asset objects reloaded before import = 0
Number of asset objects unloaded after import = 18
========================================================================
Received Import Request.
  Time since last request: 0.000012 seconds.
  path: Assets/Wall-Wood (12).prefab
  artifactKey: Guid(498fbd92cc318f540b02640b2a07e19b) Importer(815301076,1909f56bfc062723c751e8b465ee728b)
Start importing Assets/Wall-Wood (12).prefab using Guid(498fbd92cc318f540b02640b2a07e19b) Importer(815301076,1909f56bfc062723c751e8b465ee728b)  -> (artifact id: 'de603db52f475b054fcd64ff354d8681') in 0.007225 seconds
Number of updated asset objects reloaded before import = 0
Number of asset objects unloaded after import = 10
========================================================================
Received Import Request.
  Time since last request: 0.000011 seconds.
  path: Assets/Wall-Wood (7).prefab
  artifactKey: Guid(6683171423cfe9545b31bd6a58b31103) Importer(815301076,1909f56bfc062723c751e8b465ee728b)
Start importing Assets/Wall-Wood (7).prefab using Guid(6683171423cfe9545b31bd6a58b31103) Importer(815301076,1909f56bfc062723c751e8b465ee728b)  -> (artifact id: '56ab9686780f68947515389ba3ee63e3') in 0.009604 seconds
Number of updated asset objects reloaded before import = 0
Number of asset objects unloaded after import = 10
========================================================================
Received Import Request.
  Time since last request: 0.000017 seconds.
  path: Assets/Wall-Wood (10).prefab
  artifactKey: Guid(acd037a89f954bf47b6136289bdc4868) Importer(815301076,1909f56bfc062723c751e8b465ee728b)
Start importing Assets/Wall-Wood (10).prefab using Guid(acd037a89f954bf47b6136289bdc4868) Importer(815301076,1909f56bfc062723c751e8b465ee728b)  -> (artifact id: '695603f117b7af9d89ae236e23542cbb') in 0.009819 seconds
Number of updated asset objects reloaded before import = 0
Number of asset objects unloaded after import = 10
========================================================================
Received Import Request.
  Time since last request: 0.000017 seconds.
  path: Assets/Wall-Wood (10) 4.prefab
  artifactKey: Guid(cb1ed8d33867be1449ef47cabe6519b9) Importer(815301076,1909f56bfc062723c751e8b465ee728b)
Start importing Assets/Wall-Wood (10) 4.prefab using Guid(cb1ed8d33867be1449ef47cabe6519b9) Importer(815301076,1909f56bfc062723c751e8b465ee728b)  -> (artifact id: '876581fdab52731d59e14d4871ea29e1') in 0.008846 seconds
Number of updated asset objects reloaded before import = 0
Number of asset objects unloaded after import = 10
========================================================================
Received Import Request.
  Time since last request: 0.000015 seconds.
  path: Assets/Wall-Wood (11) 7.prefab
  artifactKey: Guid(dd60503618b7661498425f743e5654e4) Importer(815301076,1909f56bfc062723c751e8b465ee728b)
Start importing Assets/Wall-Wood (11) 7.prefab using Guid(dd60503618b7661498425f743e5654e4) Importer(815301076,1909f56bfc062723c751e8b465ee728b)  -> (artifact id: '7db2a1fd1e5f66803660e02b191f94e2') in 0.009133 seconds
Number of updated asset objects reloaded before import = 0
Number of asset objects unloaded after import = 10
========================================================================
Received Import Request.
  Time since last request: 0.000027 seconds.
  path: Assets/Wall-Wood (11) 5.prefab
  artifactKey: Guid(ab1925c0dc41b974884b8b32eb612581) Importer(815301076,1909f56bfc062723c751e8b465ee728b)
Start importing Assets/Wall-Wood (11) 5.prefab using Guid(ab1925c0dc41b974884b8b32eb612581) Importer(815301076,1909f56bfc062723c751e8b465ee728b)  -> (artifact id: '52d9fafad0a8bede7b24d9e4f934b3ed') in 0.009373 seconds
Number of updated asset objects reloaded before import = 0
Number of asset objects unloaded after import = 15
========================================================================
Received Import Request.
  Time since last request: 0.000012 seconds.
  path: Assets/Wall-Wood (10) 1.prefab
  artifactKey: Guid(2081547d522483f47b5bb560729ed9db) Importer(815301076,1909f56bfc062723c751e8b465ee728b)
Start importing Assets/Wall-Wood (10) 1.prefab using Guid(2081547d522483f47b5bb560729ed9db) Importer(815301076,1909f56bfc062723c751e8b465ee728b)  -> (artifact id: 'aa7c9c6476872240b494896e4ccfaef8') in 0.007069 seconds
Number of updated asset objects reloaded before import = 0
Number of asset objects unloaded after import = 10
========================================================================
Received Import Request.
  Time since last request: 0.000011 seconds.
  path: Assets/Wall-Wood (6).prefab
  artifactKey: Guid(e0a4ee7085c23e646bc4dcc49207318e) Importer(815301076,1909f56bfc062723c751e8b465ee728b)
Start importing Assets/Wall-Wood (6).prefab using Guid(e0a4ee7085c23e646bc4dcc49207318e) Importer(815301076,1909f56bfc062723c751e8b465ee728b)  -> (artifact id: 'f973b4e206895e0593708797fba5f453') in 0.008467 seconds
Number of updated asset objects reloaded before import = 0
Number of asset objects unloaded after import = 10
========================================================================
Received Import Request.
  Time since last request: 0.000013 seconds.
  path: Assets/Wall-Wood (11) 3.prefab
  artifactKey: Guid(a177e7cc9b9723145a9f7ff56b570135) Importer(815301076,1909f56bfc062723c751e8b465ee728b)
Start importing Assets/Wall-Wood (11) 3.prefab using Guid(a177e7cc9b9723145a9f7ff56b570135) Importer(815301076,1909f56bfc062723c751e8b465ee728b)  -> (artifact id: '56999e5a6fadf61e93c3825acec4497e') in 0.009166 seconds
Number of updated asset objects reloaded before import = 0
Number of asset objects unloaded after import = 10
========================================================================
Received Import Request.
  Time since last request: 0.000015 seconds.
  path: Assets/wood texture.jpg
  artifactKey: Guid(77e5638cfa099c040a6bd3a41af3f95f) Importer(815301076,1909f56bfc062723c751e8b465ee728b)
Start importing Assets/wood texture.jpg using Guid(77e5638cfa099c040a6bd3a41af3f95f) Importer(815301076,1909f56bfc062723c751e8b465ee728b)  -> (artifact id: '18544cce5c52063f31d6f5b96a692441') in 0.016333 seconds
Number of updated asset objects reloaded before import = 0
Number of asset objects unloaded after import = 2
========================================================================
Received Import Request.
  Time since last request: 0.000012 seconds.
  path: Assets/Wine thing Variant.prefab
  artifactKey: Guid(2d7c737c11fbfc74784184f57eabac73) Importer(815301076,1909f56bfc062723c751e8b465ee728b)
Start importing Assets/Wine thing Variant.prefab using Guid(2d7c737c11fbfc74784184f57eabac73) Importer(815301076,1909f56bfc062723c751e8b465ee728b)  -> (artifact id: '8811c88670bcda0c910de158fe5d9536') in 0.380761 seconds
Number of updated asset objects reloaded before import = 0
Number of asset objects unloaded after import = 461
========================================================================
Received Import Request.
  Time since last request: 0.000025 seconds.
  path: Assets/Floor-Wood (5) 4.prefab
  artifactKey: Guid(79ad034ed13c73e4abd239c5887e486c) Importer(815301076,1909f56bfc062723c751e8b465ee728b)
Start importing Assets/Floor-Wood (5) 4.prefab using Guid(79ad034ed13c73e4abd239c5887e486c) Importer(815301076,1909f56bfc062723c751e8b465ee728b)  -> (artifact id: 'd35208de3701f623bed0da81196c8444') in 0.007194 seconds
Number of updated asset objects reloaded before import = 0
Number of asset objects unloaded after import = 10
========================================================================
Received Import Request.
  Time since last request: 0.000039 seconds.
  path: Assets/Sphere.prefab
  artifactKey: Guid(92347764c1a49ac4f9d0acdd155bea88) Importer(815301076,1909f56bfc062723c751e8b465ee728b)
Start importing Assets/Sphere.prefab using Guid(92347764c1a49ac4f9d0acdd155bea88) Importer(815301076,1909f56bfc062723c751e8b465ee728b)  -> (artifact id: '90ec32169508f86827979e99668867fd') in 0.006988 seconds
Number of updated asset objects reloaded before import = 0
Number of asset objects unloaded after import = 9
========================================================================
Received Import Request.
  Time since last request: 0.000013 seconds.
  path: Assets/Floor-Wood (5) 5.prefab
  artifactKey: Guid(9f8f3687a7a69f04598811b4e8b6b350) Importer(815301076,1909f56bfc062723c751e8b465ee728b)
Start importing Assets/Floor-Wood (5) 5.prefab using Guid(9f8f3687a7a69f04598811b4e8b6b350) Importer(815301076,1909f56bfc062723c751e8b465ee728b)  -> (artifact id: '59ecd08e8b90835e9b66e9e8b9dd4101') in 0.006177 seconds
Number of updated asset objects reloaded before import = 0
Number of asset objects unloaded after import = 10
========================================================================
Received Import Request.
  Time since last request: 0.000011 seconds.
  path: Assets/Floor-Wood (4) 4.prefab
  artifactKey: Guid(cbc815c7f52d4674e84bc77dad89cb2f) Importer(815301076,1909f56bfc062723c751e8b465ee728b)
Start importing Assets/Floor-Wood (4) 4.prefab using Guid(cbc815c7f52d4674e84bc77dad89cb2f) Importer(815301076,1909f56bfc062723c751e8b465ee728b)  -> (artifact id: '0fa4500eaa83c275cbcb49e7db0c8d4b') in 0.007701 seconds
Number of updated asset objects reloaded before import = 0
Number of asset objects unloaded after import = 10
========================================================================
Received Import Request.
  Time since last request: 0.000019 seconds.
  path: Assets/Floor-Wood (5) 8.prefab
  artifactKey: Guid(95b9f23d953dae940a21e644a36375b0) Importer(815301076,1909f56bfc062723c751e8b465ee728b)
Start importing Assets/Floor-Wood (5) 8.prefab using Guid(95b9f23d953dae940a21e644a36375b0) Importer(815301076,1909f56bfc062723c751e8b465ee728b)  -> (artifact id: '7f3ecb9373a86b9ea0b4e53908d6afa5') in 0.007424 seconds
Number of updated asset objects reloaded before import = 0
Number of asset objects unloaded after import = 10
========================================================================
Received Import Request.
  Time since last request: 0.000012 seconds.
  path: Assets/mysterious Hallway (1) Variant 1.prefab
  artifactKey: Guid(cf4241a2fb6172642bc46a4bea315f39) Importer(815301076,1909f56bfc062723c751e8b465ee728b)
Start importing Assets/mysterious Hallway (1) Variant 1.prefab using Guid(cf4241a2fb6172642bc46a4bea315f39) Importer(815301076,1909f56bfc062723c751e8b465ee728b)  -> (artifact id: '0a7aaa1ed970360381ee0cc368a7560c') in 0.194888 seconds
Number of updated asset objects reloaded before import = 0
Number of asset objects unloaded after import = 629
========================================================================
Received Import Request.
  Time since last request: 0.000021 seconds.
  path: Assets/Wall-Wood (10) 5.prefab
  artifactKey: Guid(c42d9160e28b3844aba6a741072cae0c) Importer(815301076,1909f56bfc062723c751e8b465ee728b)
Start importing Assets/Wall-Wood (10) 5.prefab using Guid(c42d9160e28b3844aba6a741072cae0c) Importer(815301076,1909f56bfc062723c751e8b465ee728b)  -> (artifact id: '32df3c507deab132c7177cfda19dd76a') in 0.008549 seconds
Number of updated asset objects reloaded before import = 0
Number of asset objects unloaded after import = 30
========================================================================
Received Import Request.
  Time since last request: 0.000017 seconds.
  path: Assets/Main Camera.prefab
  artifactKey: Guid(8c83e94612e733d4d94b6e15dce10ef7) Importer(815301076,1909f56bfc062723c751e8b465ee728b)
Start importing Assets/Main Camera.prefab using Guid(8c83e94612e733d4d94b6e15dce10ef7) Importer(815301076,1909f56bfc062723c751e8b465ee728b)  -> (artifact id: '1be0383f1e5bf5491e101a0343986857') in 0.001803 seconds
Number of updated asset objects reloaded before import = 0
Number of asset objects unloaded after import = 6
========================================================================
Received Import Request.
  Time since last request: 0.000011 seconds.
  path: Assets/Wall-Wood (8).prefab
  artifactKey: Guid(838fefcece49ac349896fb49c6bbde4b) Importer(815301076,1909f56bfc062723c751e8b465ee728b)
Start importing Assets/Wall-Wood (8).prefab using Guid(838fefcece49ac349896fb49c6bbde4b) Importer(815301076,1909f56bfc062723c751e8b465ee728b)  -> (artifact id: '49ae279339feb8bad726bc535a49e0a3') in 0.007485 seconds
Number of updated asset objects reloaded before import = 0
Number of asset objects unloaded after import = 10
========================================================================
Received Import Request.
  Time since last request: 0.000012 seconds.
  path: Assets/Floor-Wood (4) 9.prefab
  artifactKey: Guid(9acc07b4bae147c499fdfc61223377e1) Importer(815301076,1909f56bfc062723c751e8b465ee728b)
Start importing Assets/Floor-Wood (4) 9.prefab using Guid(9acc07b4bae147c499fdfc61223377e1) Importer(815301076,1909f56bfc062723c751e8b465ee728b)  -> (artifact id: 'bd4d0ff8de44b98d5b940e15832d8e59') in 0.006969 seconds
Number of updated asset objects reloaded before import = 0
Number of asset objects unloaded after import = 10
========================================================================
Received Import Request.
  Time since last request: 0.000012 seconds.
  path: Assets/Wall-Wood (9) Variant.prefab
  artifactKey: Guid(10ca81602b9651140a88d6860cd64af0) Importer(815301076,1909f56bfc062723c751e8b465ee728b)
Start importing Assets/Wall-Wood (9) Variant.prefab using Guid(10ca81602b9651140a88d6860cd64af0) Importer(815301076,1909f56bfc062723c751e8b465ee728b)  -> (artifact id: 'd28d6a6fd37f4ac87483d09adc0195c5') in 0.007129 seconds
Number of updated asset objects reloaded before import = 0
Number of asset objects unloaded after import = 18
Editor requested this worker to shutdown with reason: Scaling down because of idle timeout
TcpMessagingSession - receive error: operation aborted. errorcode: 995, details: The I/O operation has been aborted because of either a thread exit or an application request.
AssetImportWorker is now disconnected from the server
Process exiting
Exiting without the bug reporter. Application will terminate with return code 0