Using pre-set license
Built from '2022.3/staging' branch; Version is '2022.3.10f1 (ff3792e53c62) revision 16725906'; Using compiler version '192829333'; Build Type 'Release'
OS: 'Windows 11  (10.0.22631) 64bit Core' Language: 'en' Physical Memory: 7831 MB
BatchMode: 1, IsHumanControllingUs: 0, StartBugReporterOnCrash: 0, Is64bit: 1, IsPro: 1

COMMAND LINE ARGUMENTS:
C:\Program Files\Unity\Hub\Editor\2022.3.10f1\Editor\Unity.exe
-adb2
-batchMode
-noUpm
-name
AssetImportWorker1
-projectPath
C:/UnityProjects/Group3Repository/Final
-logFile
Logs/AssetImportWorker1.log
-srvPort
50267
Successfully changed project path to: C:/UnityProjects/Group3Repository/Final
C:/UnityProjects/Group3Repository/Final
[UnityMemory] Configuration Parameters - Can be set up in boot.config
    "memorysetup-bucket-allocator-granularity=16"
    "memorysetup-bucket-allocator-bucket-count=8"
    "memorysetup-bucket-allocator-block-size=33554432"
    "memorysetup-bucket-allocator-block-count=8"
    "memorysetup-main-allocator-block-size=16777216"
    "memorysetup-thread-allocator-block-size=16777216"
    "memorysetup-gfx-main-allocator-block-size=16777216"
    "memorysetup-gfx-thread-allocator-block-size=16777216"
    "memorysetup-cache-allocator-block-size=4194304"
    "memorysetup-typetree-allocator-block-size=2097152"
    "memorysetup-profiler-bucket-allocator-granularity=16"
    "memorysetup-profiler-bucket-allocator-bucket-count=8"
    "memorysetup-profiler-bucket-allocator-block-size=33554432"
    "memorysetup-profiler-bucket-allocator-block-count=8"
    "memorysetup-profiler-allocator-block-size=16777216"
    "memorysetup-profiler-editor-allocator-block-size=1048576"
    "memorysetup-temp-allocator-size-main=16777216"
    "memorysetup-job-temp-allocator-block-size=2097152"
    "memorysetup-job-temp-allocator-block-size-background=1048576"
    "memorysetup-job-temp-allocator-reduction-small-platforms=262144"
    "memorysetup-allocator-temp-initial-block-size-main=262144"
    "memorysetup-allocator-temp-initial-block-size-worker=262144"
    "memorysetup-temp-allocator-size-background-worker=32768"
    "memorysetup-temp-allocator-size-job-worker=262144"
    "memorysetup-temp-allocator-size-preload-manager=33554432"
    "memorysetup-temp-allocator-size-nav-mesh-worker=65536"
    "memorysetup-temp-allocator-size-audio-worker=65536"
    "memorysetup-temp-allocator-size-cloud-worker=32768"
    "memorysetup-temp-allocator-size-gi-baking-worker=262144"
    "memorysetup-temp-allocator-size-gfx=262144"
Player connection [10176] Host "[IP] 192.168.0.170 [Port] 0 [Flags] 2 [Guid] 2448149481 [EditorId] 2448149481 [Version] 1048832 [Id] WindowsEditor(7,DESKTOP-7PQQGJL) [Debug] 1 [PackageName] WindowsEditor [ProjectName] Editor" joined multi-casting on [225.0.0.222:54997]...

Player connection [10176] Host "[IP] 192.168.0.170 [Port] 0 [Flags] 2 [Guid] 2448149481 [EditorId] 2448149481 [Version] 1048832 [Id] WindowsEditor(7,DESKTOP-7PQQGJL) [Debug] 1 [PackageName] WindowsEditor [ProjectName] Editor" joined alternative multi-casting on [225.0.0.222:34997]...

[Physics::Module] Initialized MultithreadedJobDispatcher with 7 workers.
Refreshing native plugins compatible for Editor in 5900.45 ms, found 3 plugins.
Preloading 0 native plugins for Editor in 0.00 ms.
Initialize engine version: 2022.3.10f1 (ff3792e53c62)
[Subsystems] Discovering subsystems at path C:/Program Files/Unity/Hub/Editor/2022.3.10f1/Editor/Data/Resources/UnitySubsystems
[Subsystems] Discovering subsystems at path C:/UnityProjects/Group3Repository/Final/Assets
GfxDevice: creating device client; threaded=0; jobified=0
Direct3D:
    Version:  Direct3D 11.0 [level 11.1]
    Renderer: Intel(R) Iris(R) Xe Graphics (ID=0x9a49)
    Vendor:   Intel
    VRAM:     3915 MB
    Driver:   30.0.100.9864
Initialize mono
Mono path[0] = 'C:/Program Files/Unity/Hub/Editor/2022.3.10f1/Editor/Data/Managed'
Mono path[1] = 'C:/Program Files/Unity/Hub/Editor/2022.3.10f1/Editor/Data/MonoBleedingEdge/lib/mono/unityjit-win32'
Mono config path = 'C:/Program Files/Unity/Hub/Editor/2022.3.10f1/Editor/Data/MonoBleedingEdge/etc'
Using monoOptions --debugger-agent=transport=dt_socket,embedding=1,server=y,suspend=n,address=127.0.0.1:56156
Begin MonoManager ReloadAssembly
Registering precompiled unity dll's ...
Register platform support module: C:/Program Files/Unity/Hub/Editor/2022.3.10f1/Editor/Data/PlaybackEngines/WindowsStandaloneSupport/UnityEditor.WindowsStandalone.Extensions.dll
Registered in 0.009810 seconds.
- Loaded All Assemblies, in 18.514 seconds
Native extension for WindowsStandalone target not found
Mono: successfully reloaded assembly
- Finished resetting the current domain, in  0.474 seconds
Domain Reload Profiling: 18986ms
	BeginReloadAssembly (14311ms)
		ExecutionOrderSort (0ms)
		DisableScriptedObjects (0ms)
		BackupInstance (0ms)
		ReleaseScriptingObjects (0ms)
		CreateAndSetChildDomain (2ms)
	RebuildCommonClasses (1246ms)
	RebuildNativeTypeToScriptingClass (21ms)
	initialDomainReloadingComplete (94ms)
	LoadAllAssembliesAndSetupDomain (2840ms)
		LoadAssemblies (14307ms)
		RebuildTransferFunctionScriptingTraits (0ms)
		AnalyzeDomain (2835ms)
			TypeCache.Refresh (2832ms)
				TypeCache.ScanAssembly (2162ms)
			ScanForSourceGeneratedMonoScriptInfo (0ms)
			ResolveRequiredComponents (1ms)
	FinalizeReload (475ms)
		ReleaseScriptCaches (0ms)
		RebuildScriptCaches (0ms)
		SetupLoadedEditorAssemblies (373ms)
			LogAssemblyErrors (0ms)
			InitializePlatformSupportModulesInManaged (13ms)
			SetLoadedEditorAssemblies (17ms)
			RefreshPlugins (0ms)
			BeforeProcessingInitializeOnLoad (4ms)
			ProcessInitializeOnLoadAttributes (244ms)
			ProcessInitializeOnLoadMethodAttributes (94ms)
			AfterProcessingInitializeOnLoad (0ms)
			EditorAssembliesLoaded (0ms)
		ExecutionOrderSort2 (0ms)
		AwakeInstancesAfterBackupRestoration (0ms)
========================================================================
Worker process is ready to serve import requests
Begin MonoManager ReloadAssembly
- Loaded All Assemblies, in 22.584 seconds
Refreshing native plugins compatible for Editor in 6.43 ms, found 3 plugins.
Native extension for WindowsStandalone target not found
Package Manager log level set to [2]
[Package Manager] Server::EnsureServerProcessIsRunning -- launch failed, reason: Unity was launched with the -noUpm command-line argument
[Package Manager] UpmClient::Send -- Unable to send message (not connected to UPM process).
[Package Manager] Cannot connect to Unity Package Manager local server
Mono: successfully reloaded assembly
- Finished resetting the current domain, in  1.076 seconds
Domain Reload Profiling: 23659ms
	BeginReloadAssembly (282ms)
		ExecutionOrderSort (0ms)
		DisableScriptedObjects (11ms)
		BackupInstance (0ms)
		ReleaseScriptingObjects (0ms)
		CreateAndSetChildDomain (37ms)
	RebuildCommonClasses (74ms)
	RebuildNativeTypeToScriptingClass (23ms)
	initialDomainReloadingComplete (89ms)
	LoadAllAssembliesAndSetupDomain (22114ms)
		LoadAssemblies (20683ms)
		RebuildTransferFunctionScriptingTraits (0ms)
		AnalyzeDomain (1587ms)
			TypeCache.Refresh (1550ms)
				TypeCache.ScanAssembly (1389ms)
			ScanForSourceGeneratedMonoScriptInfo (28ms)
			ResolveRequiredComponents (7ms)
	FinalizeReload (1077ms)
		ReleaseScriptCaches (0ms)
		RebuildScriptCaches (0ms)
		SetupLoadedEditorAssemblies (780ms)
			LogAssemblyErrors (0ms)
			InitializePlatformSupportModulesInManaged (9ms)
			SetLoadedEditorAssemblies (7ms)
			RefreshPlugins (0ms)
			BeforeProcessingInitializeOnLoad (101ms)
			ProcessInitializeOnLoadAttributes (620ms)
			ProcessInitializeOnLoadMethodAttributes (34ms)
			AfterProcessingInitializeOnLoad (10ms)
			EditorAssembliesLoaded (0ms)
		ExecutionOrderSort2 (0ms)
		AwakeInstancesAfterBackupRestoration (13ms)
Launched and connected shader compiler UnityShaderCompiler.exe after 0.09 seconds
Refreshing native plugins compatible for Editor in 16.47 ms, found 3 plugins.
Preloading 0 native plugins for Editor in 0.00 ms.
Unloading 3639 Unused Serialized files (Serialized files now loaded: 0)
Unloading 49 unused Assets / (1.3 MB). Loaded Objects now: 4089.
Memory consumption went from 152.0 MB to 150.7 MB.
Total: 8.631300 ms (FindLiveObjects: 0.605100 ms CreateObjectMapping: 0.730700 ms MarkObjects: 5.928200 ms  DeleteObjects: 1.364800 ms)

AssetImportParameters requested are different than current active one (requested -> active):
  custom:container-demuxer-ogg: 62fdf1f143b41e24485cea50d1cbac27 -> 
  custom:video-decoder-ogg-theora: a1e56fd34408186e4bbccfd4996cb3dc -> 
  custom:framework-win-MediaFoundation: 216162199b28c13a410421893ffa2e32 -> 
  custom:container-demuxer-webm: 4f35f7cbe854078d1ac9338744f61a02 -> 
  custom:container-muxer-webm: aa71ff27fc2769a1b78a27578f13a17b -> 
  custom:video-decoder-webm-vp8: 9c59270c3fd7afecdb556c50c9e8de78 -> 
  custom:AudioImporter_EditorPlatform: d09bf68614088b80899f8185d706f6e7 -> 
  custom:video-encoder-webm-vp8: eb34c28f22e8b96e1ab97ce403110664 -> 
  custom:audio-decoder-ogg-vorbis: bf7c407c2cedff20999df2af8eb42d56 -> 
  custom:audio-encoder-webm-vorbis: bf7c407c2cedff20999df2af8eb42d56 -> 
========================================================================
Received Prepare
Refreshing native plugins compatible for Editor in 5.57 ms, found 3 plugins.
Preloading 0 native plugins for Editor in 0.00 ms.
Unloading 14 Unused Serialized files (Serialized files now loaded: 0)
Unloading 14 unused Assets / (1.3 MB). Loaded Objects now: 4089.
Memory consumption went from 80.8 MB to 79.5 MB.
Total: 18.369900 ms (FindLiveObjects: 0.473900 ms CreateObjectMapping: 0.372600 ms MarkObjects: 17.043600 ms  DeleteObjects: 0.478000 ms)

Prepare: number of updated asset objects reloaded= 0
AssetImportParameters requested are different than current active one (requested -> active):
  custom:container-demuxer-ogg: 62fdf1f143b41e24485cea50d1cbac27 -> 
  custom:video-decoder-ogg-theora: a1e56fd34408186e4bbccfd4996cb3dc -> 
  custom:framework-win-MediaFoundation: 216162199b28c13a410421893ffa2e32 -> 
  custom:CustomObjectIndexerAttribute: 756ad292c208cfabdd7b50bc23989ffe -> 
  custom:container-demuxer-webm: 4f35f7cbe854078d1ac9338744f61a02 -> 
  custom:container-muxer-webm: aa71ff27fc2769a1b78a27578f13a17b -> 
  custom:video-decoder-webm-vp8: 9c59270c3fd7afecdb556c50c9e8de78 -> 
  custom:SearchIndexIgnoredProperties: e643bd26f0fe6173181afceb89e7c659 -> 
  custom:AudioImporter_EditorPlatform: d09bf68614088b80899f8185d706f6e7 -> 
  custom:video-encoder-webm-vp8: eb34c28f22e8b96e1ab97ce403110664 -> 
  custom:audio-decoder-ogg-vorbis: bf7c407c2cedff20999df2af8eb42d56 -> 
  custom:audio-encoder-webm-vorbis: bf7c407c2cedff20999df2af8eb42d56 -> 
========================================================================
Received Import Request.
  Time since last request: 940.334740 seconds.
  path: Assets/Zach Deng/Materias/Materials/Materials
  artifactKey: Guid(ce55188a0a377e341a039074a088be86) Importer(815301076,1909f56bfc062723c751e8b465ee728b)
Start importing Assets/Zach Deng/Materias/Materials/Materials using Guid(ce55188a0a377e341a039074a088be86) Importer(815301076,1909f56bfc062723c751e8b465ee728b)  -> (artifact id: 'a73e1635a2bc79fb6485344967e125b0') in 0.003669 seconds
Number of updated asset objects reloaded before import = 0
Number of asset objects unloaded after import = 0
========================================================================
Received Import Request.
  Time since last request: 0.000047 seconds.
  path: Assets/Zach Deng/Materias/Materials/Materials/GREEN.mat
  artifactKey: Guid(aea8042daae3a9f4dab3489bf6376dd2) Importer(815301076,1909f56bfc062723c751e8b465ee728b)
Start importing Assets/Zach Deng/Materias/Materials/Materials/GREEN.mat using Guid(aea8042daae3a9f4dab3489bf6376dd2) Importer(815301076,1909f56bfc062723c751e8b465ee728b)  -> (artifact id: 'b0107f760bc65bdacebb773c26ce9ed8') in 0.560264 seconds
Number of updated asset objects reloaded before import = 0
Number of asset objects unloaded after import = 2
========================================================================
Received Import Request.
  Time since last request: 0.000030 seconds.
  path: Assets/Zach Deng/Materias/Materials/Picture1.mat
  artifactKey: Guid(9a2aad443a4a09f4eb48b59687cf1726) Importer(815301076,1909f56bfc062723c751e8b465ee728b)
Start importing Assets/Zach Deng/Materias/Materials/Picture1.mat using Guid(9a2aad443a4a09f4eb48b59687cf1726) Importer(815301076,1909f56bfc062723c751e8b465ee728b)  -> (artifact id: '7305273441d4dddd3c78618927c517a0') in 0.023529 seconds
Number of updated asset objects reloaded before import = 0
Number of asset objects unloaded after import = 2
========================================================================
Received Import Request.
  Time since last request: 0.000041 seconds.
  path: Assets/Zach Deng/Materias/Clean_Concrete_GroundNormal.png
  artifactKey: Guid(d405c7ab1f2438f4a8c446cd7333b423) Importer(815301076,1909f56bfc062723c751e8b465ee728b)
Start importing Assets/Zach Deng/Materias/Clean_Concrete_GroundNormal.png using Guid(d405c7ab1f2438f4a8c446cd7333b423) Importer(815301076,1909f56bfc062723c751e8b465ee728b)  -> (artifact id: '95967877642b9728cec04a955510de32') in 0.042192 seconds
Number of updated asset objects reloaded before import = 0
Number of asset objects unloaded after import = 2
========================================================================
Received Import Request.
  Time since last request: 0.000031 seconds.
  path: Assets/Zach Deng/Materias/Materials/Materials/wood texture.mat
  artifactKey: Guid(028c90dd83d303348937d398e1b0555c) Importer(815301076,1909f56bfc062723c751e8b465ee728b)
Start importing Assets/Zach Deng/Materias/Materials/Materials/wood texture.mat using Guid(028c90dd83d303348937d398e1b0555c) Importer(815301076,1909f56bfc062723c751e8b465ee728b)  -> (artifact id: '4655ec35825226b9420939a85382935d') in 0.030158 seconds
Number of updated asset objects reloaded before import = 0
Number of asset objects unloaded after import = 2
========================================================================
Received Import Request.
  Time since last request: 0.000021 seconds.
  path: Assets/Zach Deng/Materias/New Material.mat
  artifactKey: Guid(facaf169756e1384eab1f92dcf162fe7) Importer(815301076,1909f56bfc062723c751e8b465ee728b)
Start importing Assets/Zach Deng/Materias/New Material.mat using Guid(facaf169756e1384eab1f92dcf162fe7) Importer(815301076,1909f56bfc062723c751e8b465ee728b)  -> (artifact id: '5bb1626b2fd109eb5a843819fb6b5675') in 0.404549 seconds
Number of updated asset objects reloaded before import = 0
Number of asset objects unloaded after import = 5
========================================================================
Received Import Request.
  Time since last request: 0.000023 seconds.
  path: Assets/Zach Deng/Materias/Picture1.jpg
  artifactKey: Guid(f2986af38d18ebb47b67e23ff3c8b313) Importer(815301076,1909f56bfc062723c751e8b465ee728b)
Start importing Assets/Zach Deng/Materias/Picture1.jpg using Guid(f2986af38d18ebb47b67e23ff3c8b313) Importer(815301076,1909f56bfc062723c751e8b465ee728b)  -> (artifact id: '37d2d6aac8e62f694f51272b61d28cb6') in 0.030886 seconds
Number of updated asset objects reloaded before import = 0
Number of asset objects unloaded after import = 2
========================================================================
Received Import Request.
  Time since last request: 0.000039 seconds.
  path: Assets/Zach Deng/Materias/Materials/Clean_Concrete_GroundSpecular.mat
  artifactKey: Guid(2f73564d64e35554ab7d295e5bd9708f) Importer(815301076,1909f56bfc062723c751e8b465ee728b)
Start importing Assets/Zach Deng/Materias/Materials/Clean_Concrete_GroundSpecular.mat using Guid(2f73564d64e35554ab7d295e5bd9708f) Importer(815301076,1909f56bfc062723c751e8b465ee728b)  -> (artifact id: 'bd0d9d1024d823726e7a3cb25cd30a9a') in 0.024666 seconds
Number of updated asset objects reloaded before import = 0
Number of asset objects unloaded after import = 2
========================================================================
Received Import Request.
  Time since last request: 0.000024 seconds.
  path: Assets/Zach Deng/Materias/Materials/Materials/WOAH.mat
  artifactKey: Guid(4caabc094adc101469d7fe22e2f908df) Importer(815301076,1909f56bfc062723c751e8b465ee728b)
Start importing Assets/Zach Deng/Materias/Materials/Materials/WOAH.mat using Guid(4caabc094adc101469d7fe22e2f908df) Importer(815301076,1909f56bfc062723c751e8b465ee728b)  -> (artifact id: '34d8006a0fea01d1dbb17a23dc4444da') in 0.031827 seconds
Number of updated asset objects reloaded before import = 0
Number of asset objects unloaded after import = 2
========================================================================
Received Import Request.
  Time since last request: 0.000025 seconds.
  path: Assets/Zach Deng/Materias/Materials/Materials/Coat of Arms cool.mat
  artifactKey: Guid(e890cec081b6146409f2232ac6d6cd76) Importer(815301076,1909f56bfc062723c751e8b465ee728b)
Start importing Assets/Zach Deng/Materias/Materials/Materials/Coat of Arms cool.mat using Guid(e890cec081b6146409f2232ac6d6cd76) Importer(815301076,1909f56bfc062723c751e8b465ee728b)  -> (artifact id: 'c0b2a89a9a1e97ae29a91c45931e8456') in 0.371139 seconds
Number of updated asset objects reloaded before import = 0
Number of asset objects unloaded after import = 2
