Using pre-set license
Built from '2022.3/staging' branch; Version is '2022.3.10f1 (ff3792e53c62) revision 16725906'; Using compiler version '192829333'; Build Type 'Release'
OS: 'Windows 11  (10.0.22631) 64bit Core' Language: 'en' Physical Memory: 7831 MB
BatchMode: 1, IsHumanControllingUs: 0, StartBugReporterOnCrash: 0, Is64bit: 1, IsPro: 1

COMMAND LINE ARGUMENTS:
C:\Program Files\Unity\Hub\Editor\2022.3.10f1\Editor\Unity.exe
-adb2
-batchMode
-noUpm
-name
AssetImportWorker0
-projectPath
C:/UnityProjects/Group3Repository/Final
-logFile
Logs/AssetImportWorker0.log
-srvPort
50267
Successfully changed project path to: C:/UnityProjects/Group3Repository/Final
C:/UnityProjects/Group3Repository/Final
[UnityMemory] Configuration Parameters - Can be set up in boot.config
    "memorysetup-bucket-allocator-granularity=16"
    "memorysetup-bucket-allocator-bucket-count=8"
    "memorysetup-bucket-allocator-block-size=33554432"
    "memorysetup-bucket-allocator-block-count=8"
    "memorysetup-main-allocator-block-size=16777216"
    "memorysetup-thread-allocator-block-size=16777216"
    "memorysetup-gfx-main-allocator-block-size=16777216"
    "memorysetup-gfx-thread-allocator-block-size=16777216"
    "memorysetup-cache-allocator-block-size=4194304"
    "memorysetup-typetree-allocator-block-size=2097152"
    "memorysetup-profiler-bucket-allocator-granularity=16"
    "memorysetup-profiler-bucket-allocator-bucket-count=8"
    "memorysetup-profiler-bucket-allocator-block-size=33554432"
    "memorysetup-profiler-bucket-allocator-block-count=8"
    "memorysetup-profiler-allocator-block-size=16777216"
    "memorysetup-profiler-editor-allocator-block-size=1048576"
    "memorysetup-temp-allocator-size-main=16777216"
    "memorysetup-job-temp-allocator-block-size=2097152"
    "memorysetup-job-temp-allocator-block-size-background=1048576"
    "memorysetup-job-temp-allocator-reduction-small-platforms=262144"
    "memorysetup-allocator-temp-initial-block-size-main=262144"
    "memorysetup-allocator-temp-initial-block-size-worker=262144"
    "memorysetup-temp-allocator-size-background-worker=32768"
    "memorysetup-temp-allocator-size-job-worker=262144"
    "memorysetup-temp-allocator-size-preload-manager=33554432"
    "memorysetup-temp-allocator-size-nav-mesh-worker=65536"
    "memorysetup-temp-allocator-size-audio-worker=65536"
    "memorysetup-temp-allocator-size-cloud-worker=32768"
    "memorysetup-temp-allocator-size-gi-baking-worker=262144"
    "memorysetup-temp-allocator-size-gfx=262144"
Player connection [6392] Host "[IP] 192.168.0.170 [Port] 0 [Flags] 2 [Guid] 235064980 [EditorId] 235064980 [Version] 1048832 [Id] WindowsEditor(7,DESKTOP-7PQQGJL) [Debug] 1 [PackageName] WindowsEditor [ProjectName] Editor" joined multi-casting on [225.0.0.222:54997]...

Player connection [6392] Host "[IP] 192.168.0.170 [Port] 0 [Flags] 2 [Guid] 235064980 [EditorId] 235064980 [Version] 1048832 [Id] WindowsEditor(7,DESKTOP-7PQQGJL) [Debug] 1 [PackageName] WindowsEditor [ProjectName] Editor" joined alternative multi-casting on [225.0.0.222:34997]...

[Physics::Module] Initialized MultithreadedJobDispatcher with 7 workers.
Refreshing native plugins compatible for Editor in 5912.55 ms, found 3 plugins.
Preloading 0 native plugins for Editor in 0.00 ms.
Initialize engine version: 2022.3.10f1 (ff3792e53c62)
[Subsystems] Discovering subsystems at path C:/Program Files/Unity/Hub/Editor/2022.3.10f1/Editor/Data/Resources/UnitySubsystems
[Subsystems] Discovering subsystems at path C:/UnityProjects/Group3Repository/Final/Assets
GfxDevice: creating device client; threaded=0; jobified=0
Direct3D:
    Version:  Direct3D 11.0 [level 11.1]
    Renderer: Intel(R) Iris(R) Xe Graphics (ID=0x9a49)
    Vendor:   Intel
    VRAM:     3915 MB
    Driver:   30.0.100.9864
Initialize mono
Mono path[0] = 'C:/Program Files/Unity/Hub/Editor/2022.3.10f1/Editor/Data/Managed'
Mono path[1] = 'C:/Program Files/Unity/Hub/Editor/2022.3.10f1/Editor/Data/MonoBleedingEdge/lib/mono/unityjit-win32'
Mono config path = 'C:/Program Files/Unity/Hub/Editor/2022.3.10f1/Editor/Data/MonoBleedingEdge/etc'
Using monoOptions --debugger-agent=transport=dt_socket,embedding=1,server=y,suspend=n,address=127.0.0.1:56288
Begin MonoManager ReloadAssembly
Registering precompiled unity dll's ...
Register platform support module: C:/Program Files/Unity/Hub/Editor/2022.3.10f1/Editor/Data/PlaybackEngines/WindowsStandaloneSupport/UnityEditor.WindowsStandalone.Extensions.dll
Registered in 0.009725 seconds.
- Loaded All Assemblies, in 18.513 seconds
Native extension for WindowsStandalone target not found
Mono: successfully reloaded assembly
- Finished resetting the current domain, in  0.480 seconds
Domain Reload Profiling: 18990ms
	BeginReloadAssembly (14311ms)
		ExecutionOrderSort (0ms)
		DisableScriptedObjects (0ms)
		BackupInstance (0ms)
		ReleaseScriptingObjects (0ms)
		CreateAndSetChildDomain (2ms)
	RebuildCommonClasses (1242ms)
	RebuildNativeTypeToScriptingClass (16ms)
	initialDomainReloadingComplete (105ms)
	LoadAllAssembliesAndSetupDomain (2835ms)
		LoadAssemblies (14306ms)
		RebuildTransferFunctionScriptingTraits (0ms)
		AnalyzeDomain (2833ms)
			TypeCache.Refresh (2830ms)
				TypeCache.ScanAssembly (2164ms)
			ScanForSourceGeneratedMonoScriptInfo (0ms)
			ResolveRequiredComponents (1ms)
	FinalizeReload (481ms)
		ReleaseScriptCaches (0ms)
		RebuildScriptCaches (0ms)
		SetupLoadedEditorAssemblies (375ms)
			LogAssemblyErrors (0ms)
			InitializePlatformSupportModulesInManaged (16ms)
			SetLoadedEditorAssemblies (16ms)
			RefreshPlugins (0ms)
			BeforeProcessingInitializeOnLoad (4ms)
			ProcessInitializeOnLoadAttributes (238ms)
			ProcessInitializeOnLoadMethodAttributes (100ms)
			AfterProcessingInitializeOnLoad (0ms)
			EditorAssembliesLoaded (0ms)
		ExecutionOrderSort2 (0ms)
		AwakeInstancesAfterBackupRestoration (0ms)
========================================================================
Worker process is ready to serve import requests
Begin MonoManager ReloadAssembly
- Loaded All Assemblies, in 22.590 seconds
Refreshing native plugins compatible for Editor in 5.04 ms, found 3 plugins.
Native extension for WindowsStandalone target not found
Package Manager log level set to [2]
[Package Manager] Server::EnsureServerProcessIsRunning -- launch failed, reason: Unity was launched with the -noUpm command-line argument
[Package Manager] UpmClient::Send -- Unable to send message (not connected to UPM process).
[Package Manager] Cannot connect to Unity Package Manager local server
Mono: successfully reloaded assembly
- Finished resetting the current domain, in  1.085 seconds
Domain Reload Profiling: 23662ms
	BeginReloadAssembly (263ms)
		ExecutionOrderSort (0ms)
		DisableScriptedObjects (8ms)
		BackupInstance (0ms)
		ReleaseScriptingObjects (0ms)
		CreateAndSetChildDomain (35ms)
	RebuildCommonClasses (69ms)
	RebuildNativeTypeToScriptingClass (27ms)
	initialDomainReloadingComplete (89ms)
	LoadAllAssembliesAndSetupDomain (22129ms)
		LoadAssemblies (20684ms)
		RebuildTransferFunctionScriptingTraits (0ms)
		AnalyzeDomain (1601ms)
			TypeCache.Refresh (1560ms)
				TypeCache.ScanAssembly (1400ms)
			ScanForSourceGeneratedMonoScriptInfo (30ms)
			ResolveRequiredComponents (9ms)
	FinalizeReload (1086ms)
		ReleaseScriptCaches (0ms)
		RebuildScriptCaches (0ms)
		SetupLoadedEditorAssemblies (800ms)
			LogAssemblyErrors (0ms)
			InitializePlatformSupportModulesInManaged (10ms)
			SetLoadedEditorAssemblies (7ms)
			RefreshPlugins (0ms)
			BeforeProcessingInitializeOnLoad (115ms)
			ProcessInitializeOnLoadAttributes (614ms)
			ProcessInitializeOnLoadMethodAttributes (42ms)
			AfterProcessingInitializeOnLoad (12ms)
			EditorAssembliesLoaded (0ms)
		ExecutionOrderSort2 (0ms)
		AwakeInstancesAfterBackupRestoration (12ms)
Launched and connected shader compiler UnityShaderCompiler.exe after 0.10 seconds
Refreshing native plugins compatible for Editor in 8.88 ms, found 3 plugins.
Preloading 0 native plugins for Editor in 0.00 ms.
Unloading 3639 Unused Serialized files (Serialized files now loaded: 0)
Unloading 49 unused Assets / (1.3 MB). Loaded Objects now: 4089.
Memory consumption went from 152.0 MB to 150.6 MB.
Total: 6.475100 ms (FindLiveObjects: 0.416500 ms CreateObjectMapping: 0.288600 ms MarkObjects: 4.894700 ms  DeleteObjects: 0.873100 ms)

AssetImportParameters requested are different than current active one (requested -> active):
  custom:container-demuxer-ogg: 62fdf1f143b41e24485cea50d1cbac27 -> 
  custom:video-decoder-ogg-theora: a1e56fd34408186e4bbccfd4996cb3dc -> 
  custom:framework-win-MediaFoundation: 216162199b28c13a410421893ffa2e32 -> 
  custom:container-demuxer-webm: 4f35f7cbe854078d1ac9338744f61a02 -> 
  custom:container-muxer-webm: aa71ff27fc2769a1b78a27578f13a17b -> 
  custom:video-decoder-webm-vp8: 9c59270c3fd7afecdb556c50c9e8de78 -> 
  custom:AudioImporter_EditorPlatform: d09bf68614088b80899f8185d706f6e7 -> 
  custom:video-encoder-webm-vp8: eb34c28f22e8b96e1ab97ce403110664 -> 
  custom:audio-decoder-ogg-vorbis: bf7c407c2cedff20999df2af8eb42d56 -> 
  custom:audio-encoder-webm-vorbis: bf7c407c2cedff20999df2af8eb42d56 -> 
========================================================================
Received Prepare
Refreshing native plugins compatible for Editor in 4.94 ms, found 3 plugins.
Preloading 0 native plugins for Editor in 0.00 ms.
Unloading 14 Unused Serialized files (Serialized files now loaded: 0)
Unloading 14 unused Assets / (1.3 MB). Loaded Objects now: 4089.
Memory consumption went from 80.7 MB to 79.4 MB.
Total: 5.388800 ms (FindLiveObjects: 0.328900 ms CreateObjectMapping: 0.145600 ms MarkObjects: 4.449500 ms  DeleteObjects: 0.462900 ms)

Prepare: number of updated asset objects reloaded= 0
AssetImportParameters requested are different than current active one (requested -> active):
  custom:container-demuxer-ogg: 62fdf1f143b41e24485cea50d1cbac27 -> 
  custom:video-decoder-ogg-theora: a1e56fd34408186e4bbccfd4996cb3dc -> 
  custom:framework-win-MediaFoundation: 216162199b28c13a410421893ffa2e32 -> 
  custom:CustomObjectIndexerAttribute: 756ad292c208cfabdd7b50bc23989ffe -> 
  custom:container-demuxer-webm: 4f35f7cbe854078d1ac9338744f61a02 -> 
  custom:container-muxer-webm: aa71ff27fc2769a1b78a27578f13a17b -> 
  custom:video-decoder-webm-vp8: 9c59270c3fd7afecdb556c50c9e8de78 -> 
  custom:SearchIndexIgnoredProperties: e643bd26f0fe6173181afceb89e7c659 -> 
  custom:AudioImporter_EditorPlatform: d09bf68614088b80899f8185d706f6e7 -> 
  custom:video-encoder-webm-vp8: eb34c28f22e8b96e1ab97ce403110664 -> 
  custom:audio-decoder-ogg-vorbis: bf7c407c2cedff20999df2af8eb42d56 -> 
  custom:audio-encoder-webm-vorbis: bf7c407c2cedff20999df2af8eb42d56 -> 
========================================================================
Received Import Request.
  Time since last request: 940.232972 seconds.
  path: Assets/Zach Deng/Materias/Clean_Concrete_GroundSpecular.png
  artifactKey: Guid(bef5c0c42a59a1441b18190331fe2e2d) Importer(815301076,1909f56bfc062723c751e8b465ee728b)
Start importing Assets/Zach Deng/Materias/Clean_Concrete_GroundSpecular.png using Guid(bef5c0c42a59a1441b18190331fe2e2d) Importer(815301076,1909f56bfc062723c751e8b465ee728b)  -> (artifact id: '64c9076c7872c66d4b1318709eb730ea') in 0.120571 seconds
Number of updated asset objects reloaded before import = 0
Number of asset objects unloaded after import = 2
========================================================================
Received Import Request.
  Time since last request: 0.000038 seconds.
  path: Assets/Zach Deng/Materias/rock texture seamless.jpg
  artifactKey: Guid(c9e2414aece0fdd4a89228e087df2f7b) Importer(815301076,1909f56bfc062723c751e8b465ee728b)
Start importing Assets/Zach Deng/Materias/rock texture seamless.jpg using Guid(c9e2414aece0fdd4a89228e087df2f7b) Importer(815301076,1909f56bfc062723c751e8b465ee728b)  -> (artifact id: 'aad8b5d9e88172ea9b0308019faf23d1') in 0.034705 seconds
Number of updated asset objects reloaded before import = 0
Number of asset objects unloaded after import = 2
========================================================================
Received Import Request.
  Time since last request: 0.000028 seconds.
  path: Assets/Zach Deng/Materias/Materials/rock texture seamless.mat
  artifactKey: Guid(613c6e9f94d755a4cb43b364d8a0d366) Importer(815301076,1909f56bfc062723c751e8b465ee728b)
Start importing Assets/Zach Deng/Materias/Materials/rock texture seamless.mat using Guid(613c6e9f94d755a4cb43b364d8a0d366) Importer(815301076,1909f56bfc062723c751e8b465ee728b)  -> (artifact id: '6073d585497551e591faf2c980d4366a') in 0.508386 seconds
Number of updated asset objects reloaded before import = 0
Number of asset objects unloaded after import = 3
========================================================================
Received Import Request.
  Time since last request: 0.000030 seconds.
  path: Assets/Zach Deng/Materias/Materials/Clean_Concrete_GroundNormal.mat
  artifactKey: Guid(14e8da4d4debc9a4a8327cf8e028defd) Importer(815301076,1909f56bfc062723c751e8b465ee728b)
Start importing Assets/Zach Deng/Materias/Materials/Clean_Concrete_GroundNormal.mat using Guid(14e8da4d4debc9a4a8327cf8e028defd) Importer(815301076,1909f56bfc062723c751e8b465ee728b)  -> (artifact id: 'f330bd9f118e8a1dc3538855fd87c1f0') in 0.315006 seconds
Number of updated asset objects reloaded before import = 0
Number of asset objects unloaded after import = 2
========================================================================
Received Import Request.
  Time since last request: 0.000030 seconds.
  path: Assets/Zach Deng/Materias/Clean_Concrete_GroundDiffuse.png
  artifactKey: Guid(fc4686f2fefcb9e4a82f0e3b4b582af7) Importer(815301076,1909f56bfc062723c751e8b465ee728b)
Start importing Assets/Zach Deng/Materias/Clean_Concrete_GroundDiffuse.png using Guid(fc4686f2fefcb9e4a82f0e3b4b582af7) Importer(815301076,1909f56bfc062723c751e8b465ee728b)  -> (artifact id: '6ea1ad5f90910714fac886370f5f77a3') in 0.028776 seconds
Number of updated asset objects reloaded before import = 0
Number of asset objects unloaded after import = 2
========================================================================
Received Import Request.
  Time since last request: 0.000019 seconds.
  path: Assets/Zach Deng/Materias/Materials/Materials/Press F.mat
  artifactKey: Guid(d9a18f1bb368a934eb93d78a9ad6ffc6) Importer(815301076,1909f56bfc062723c751e8b465ee728b)
Start importing Assets/Zach Deng/Materias/Materials/Materials/Press F.mat using Guid(d9a18f1bb368a934eb93d78a9ad6ffc6) Importer(815301076,1909f56bfc062723c751e8b465ee728b)  -> (artifact id: '63e10bf74265cc7a5009946d55104dde') in 0.393944 seconds
Number of updated asset objects reloaded before import = 0
Number of asset objects unloaded after import = 2
========================================================================
Received Import Request.
  Time since last request: 0.000026 seconds.
  path: Assets/Zach Deng/Materias/Clean_Concrete_GroundAO.png
  artifactKey: Guid(afc8ad5880a9f2143b78ab4c6ff7c90f) Importer(815301076,1909f56bfc062723c751e8b465ee728b)
Start importing Assets/Zach Deng/Materias/Clean_Concrete_GroundAO.png using Guid(afc8ad5880a9f2143b78ab4c6ff7c90f) Importer(815301076,1909f56bfc062723c751e8b465ee728b)  -> (artifact id: 'e78cef824e4cb92c914ebbb9c4d92d06') in 0.028529 seconds
Number of updated asset objects reloaded before import = 0
Number of asset objects unloaded after import = 2
========================================================================
Received Import Request.
  Time since last request: 2.759406 seconds.
  path: Assets/Zach Deng/Materias/Materials 1
  artifactKey: Guid(ce55188a0a377e341a039074a088be86) Importer(815301076,1909f56bfc062723c751e8b465ee728b)
Start importing Assets/Zach Deng/Materias/Materials 1 using Guid(ce55188a0a377e341a039074a088be86) Importer(815301076,1909f56bfc062723c751e8b465ee728b)  -> (artifact id: 'f1e024271edf5d3e94dd9a1212f1ef8f') in 0.000803 seconds
Number of updated asset objects reloaded before import = 0
Number of asset objects unloaded after import = 0
========================================================================
Received Import Request.
  Time since last request: 13.959521 seconds.
  path: Assets/Zach Deng/Materias/Materials
  artifactKey: Guid(940ddd87efad3524492b6d4b555d729b) Importer(815301076,1909f56bfc062723c751e8b465ee728b)
Start importing Assets/Zach Deng/Materias/Materials using Guid(940ddd87efad3524492b6d4b555d729b) Importer(815301076,1909f56bfc062723c751e8b465ee728b)  -> (artifact id: 'c1e99af19a6ac5d8c96437fb0eab8ffb') in 0.000561 seconds
Number of updated asset objects reloaded before import = 0
Number of asset objects unloaded after import = 0
========================================================================
Received Import Request.
  Time since last request: 1.538220 seconds.
  path: Assets/Zach Deng/Flair.fbx
  artifactKey: Guid(7bfd65d01cdfaa3478c276fc8bbcb82f) Importer(815301076,1909f56bfc062723c751e8b465ee728b)
Start importing Assets/Zach Deng/Flair.fbx using Guid(7bfd65d01cdfaa3478c276fc8bbcb82f) Importer(815301076,1909f56bfc062723c751e8b465ee728b)  -> (artifact id: '38ba6333e3e2f314af0c53d3214278ec') in 0.165510 seconds
Number of updated asset objects reloaded before import = 0
Number of asset objects unloaded after import = 145
========================================================================
Received Import Request.
  Time since last request: 1.184971 seconds.
  path: Assets/Zach Deng/Scenes
  artifactKey: Guid(3118a19b078cca6419a1314a01ce1520) Importer(815301076,1909f56bfc062723c751e8b465ee728b)
Start importing Assets/Zach Deng/Scenes using Guid(3118a19b078cca6419a1314a01ce1520) Importer(815301076,1909f56bfc062723c751e8b465ee728b)  -> (artifact id: '649e9d8fa1ad741dba6fcbb28cb24008') in 0.001163 seconds
Number of updated asset objects reloaded before import = 0
Number of asset objects unloaded after import = 0
========================================================================
Received Import Request.
  Time since last request: 15.396265 seconds.
  path: Assets/Scenes
  artifactKey: Guid(7fad0ef72cae22145bc19cd9cbddec1e) Importer(815301076,1909f56bfc062723c751e8b465ee728b)
Start importing Assets/Scenes using Guid(7fad0ef72cae22145bc19cd9cbddec1e) Importer(815301076,1909f56bfc062723c751e8b465ee728b)  -> (artifact id: 'f8359bb9a3b7d93e9cd24d63bf763785') in 0.002600 seconds
Number of updated asset objects reloaded before import = 0
Number of asset objects unloaded after import = 0
========================================================================
Received Import Request.
  Time since last request: 0.887781 seconds.
  path: Assets/Scenes/IGB101 Assignment 3 Max.unity
  artifactKey: Guid(83625ca1b3a52a44dade541834e4d673) Importer(815301076,1909f56bfc062723c751e8b465ee728b)
Start importing Assets/Scenes/IGB101 Assignment 3 Max.unity using Guid(83625ca1b3a52a44dade541834e4d673) Importer(815301076,1909f56bfc062723c751e8b465ee728b)  -> (artifact id: '78072fdbfee246dbd3e858cc500e1e27') in 0.000714 seconds
Number of updated asset objects reloaded before import = 0
Number of asset objects unloaded after import = 0
========================================================================
Received Import Request.
  Time since last request: 0.647076 seconds.
  path: Assets/Scenes/IGB101 Assignment 3 Matthew.unity
  artifactKey: Guid(ef0b79d391921a34fbc03782e0be906a) Importer(815301076,1909f56bfc062723c751e8b465ee728b)
Start importing Assets/Scenes/IGB101 Assignment 3 Matthew.unity using Guid(ef0b79d391921a34fbc03782e0be906a) Importer(815301076,1909f56bfc062723c751e8b465ee728b)  -> (artifact id: 'aedf8d5d09c482c00822d079b5b9a9b2') in 0.000785 seconds
Number of updated asset objects reloaded before import = 0
Number of asset objects unloaded after import = 0
