Using pre-set license
Built from '2022.3/staging' branch; Version is '2022.3.10f1 (ff3792e53c62) revision 16725906'; Using compiler version '192829333'; Build Type 'Release'
OS: 'Windows 10  (10.0.19045) 64bit Core' Language: 'en' Physical Memory: 16158 MB
BatchMode: 1, IsHumanControllingUs: 0, StartBugReporterOnCrash: 0, Is64bit: 1, IsPro: 1

COMMAND LINE ARGUMENTS:
A:\Unity Main folder\Unity Installs\2022.3.10f1\Editor\Unity.exe
-adb2
-batchMode
-noUpm
-name
AssetImportWorker3
-projectPath
C:/Users/benja/OneDrive/Documents/GitHub/Assignment3
-logFile
Logs/AssetImportWorker3.log
-srvPort
49419
Successfully changed project path to: C:/Users/benja/OneDrive/Documents/GitHub/Assignment3
C:/Users/benja/OneDrive/Documents/GitHub/Assignment3
[UnityMemory] Configuration Parameters - Can be set up in boot.config
    "memorysetup-bucket-allocator-granularity=16"
    "memorysetup-bucket-allocator-bucket-count=8"
    "memorysetup-bucket-allocator-block-size=33554432"
    "memorysetup-bucket-allocator-block-count=8"
    "memorysetup-main-allocator-block-size=16777216"
    "memorysetup-thread-allocator-block-size=16777216"
    "memorysetup-gfx-main-allocator-block-size=16777216"
    "memorysetup-gfx-thread-allocator-block-size=16777216"
    "memorysetup-cache-allocator-block-size=4194304"
    "memorysetup-typetree-allocator-block-size=2097152"
    "memorysetup-profiler-bucket-allocator-granularity=16"
    "memorysetup-profiler-bucket-allocator-bucket-count=8"
    "memorysetup-profiler-bucket-allocator-block-size=33554432"
    "memorysetup-profiler-bucket-allocator-block-count=8"
    "memorysetup-profiler-allocator-block-size=16777216"
    "memorysetup-profiler-editor-allocator-block-size=1048576"
    "memorysetup-temp-allocator-size-main=16777216"
    "memorysetup-job-temp-allocator-block-size=2097152"
    "memorysetup-job-temp-allocator-block-size-background=1048576"
    "memorysetup-job-temp-allocator-reduction-small-platforms=262144"
    "memorysetup-allocator-temp-initial-block-size-main=262144"
    "memorysetup-allocator-temp-initial-block-size-worker=262144"
    "memorysetup-temp-allocator-size-background-worker=32768"
    "memorysetup-temp-allocator-size-job-worker=262144"
    "memorysetup-temp-allocator-size-preload-manager=33554432"
    "memorysetup-temp-allocator-size-nav-mesh-worker=65536"
    "memorysetup-temp-allocator-size-audio-worker=65536"
    "memorysetup-temp-allocator-size-cloud-worker=32768"
    "memorysetup-temp-allocator-size-gi-baking-worker=262144"
    "memorysetup-temp-allocator-size-gfx=262144"
Player connection [8720] Host "[IP] 192.168.10.33 [Port] 0 [Flags] 2 [Guid] 3548994341 [EditorId] 3548994341 [Version] 1048832 [Id] WindowsEditor(7,DESKTOP-TMCRH6M) [Debug] 1 [PackageName] WindowsEditor [ProjectName] Editor" joined multi-casting on [225.0.0.222:54997]...

Player connection [8720] Host "[IP] 192.168.10.33 [Port] 0 [Flags] 2 [Guid] 3548994341 [EditorId] 3548994341 [Version] 1048832 [Id] WindowsEditor(7,DESKTOP-TMCRH6M) [Debug] 1 [PackageName] WindowsEditor [ProjectName] Editor" joined alternative multi-casting on [225.0.0.222:34997]...

[Physics::Module] Initialized MultithreadedJobDispatcher with 15 workers.
Refreshing native plugins compatible for Editor in 23.54 ms, found 3 plugins.
Preloading 0 native plugins for Editor in 0.00 ms.
Initialize engine version: 2022.3.10f1 (ff3792e53c62)
[Subsystems] Discovering subsystems at path A:/Unity Main folder/Unity Installs/2022.3.10f1/Editor/Data/Resources/UnitySubsystems
[Subsystems] Discovering subsystems at path C:/Users/benja/OneDrive/Documents/GitHub/Assignment3/Assets
GfxDevice: creating device client; threaded=0; jobified=0
Direct3D:
    Version:  Direct3D 11.0 [level 11.1]
    Renderer: NVIDIA GeForce RTX 3070 (ID=0x2484)
    Vendor:   NVIDIA
    VRAM:     8018 MB
    Driver:   31.0.15.5168
Initialize mono
Mono path[0] = 'A:/Unity Main folder/Unity Installs/2022.3.10f1/Editor/Data/Managed'
Mono path[1] = 'A:/Unity Main folder/Unity Installs/2022.3.10f1/Editor/Data/MonoBleedingEdge/lib/mono/unityjit-win32'
Mono config path = 'A:/Unity Main folder/Unity Installs/2022.3.10f1/Editor/Data/MonoBleedingEdge/etc'
Using monoOptions --debugger-agent=transport=dt_socket,embedding=1,server=y,suspend=n,address=127.0.0.1:56204
Begin MonoManager ReloadAssembly
Registering precompiled unity dll's ...
Register platform support module: A:/Unity Main folder/Unity Installs/2022.3.10f1/Editor/Data/PlaybackEngines/WindowsStandaloneSupport/UnityEditor.WindowsStandalone.Extensions.dll
Registered in 0.006839 seconds.
- Loaded All Assemblies, in  0.643 seconds
Native extension for WindowsStandalone target not found
Mono: successfully reloaded assembly
- Finished resetting the current domain, in  0.422 seconds
Domain Reload Profiling: 1065ms
	BeginReloadAssembly (203ms)
		ExecutionOrderSort (0ms)
		DisableScriptedObjects (0ms)
		BackupInstance (0ms)
		ReleaseScriptingObjects (0ms)
		CreateAndSetChildDomain (2ms)
	RebuildCommonClasses (74ms)
	RebuildNativeTypeToScriptingClass (18ms)
	initialDomainReloadingComplete (93ms)
	LoadAllAssembliesAndSetupDomain (254ms)
		LoadAssemblies (201ms)
		RebuildTransferFunctionScriptingTraits (0ms)
		AnalyzeDomain (250ms)
			TypeCache.Refresh (249ms)
				TypeCache.ScanAssembly (225ms)
			ScanForSourceGeneratedMonoScriptInfo (1ms)
			ResolveRequiredComponents (1ms)
	FinalizeReload (423ms)
		ReleaseScriptCaches (0ms)
		RebuildScriptCaches (0ms)
		SetupLoadedEditorAssemblies (321ms)
			LogAssemblyErrors (0ms)
			InitializePlatformSupportModulesInManaged (13ms)
			SetLoadedEditorAssemblies (13ms)
			RefreshPlugins (0ms)
			BeforeProcessingInitializeOnLoad (3ms)
			ProcessInitializeOnLoadAttributes (211ms)
			ProcessInitializeOnLoadMethodAttributes (80ms)
			AfterProcessingInitializeOnLoad (0ms)
			EditorAssembliesLoaded (0ms)
		ExecutionOrderSort2 (0ms)
		AwakeInstancesAfterBackupRestoration (0ms)
========================================================================
Worker process is ready to serve import requests
Begin MonoManager ReloadAssembly
- Loaded All Assemblies, in  1.162 seconds
Refreshing native plugins compatible for Editor in 5.21 ms, found 3 plugins.
Native extension for WindowsStandalone target not found
Package Manager log level set to [2]
[Package Manager] Server::EnsureServerProcessIsRunning -- launch failed, reason: Unity was launched with the -noUpm command-line argument
[Package Manager] UpmClient::Send -- Unable to send message (not connected to UPM process).
[Package Manager] Cannot connect to Unity Package Manager local server
Mono: successfully reloaded assembly
- Finished resetting the current domain, in  0.877 seconds
Domain Reload Profiling: 2034ms
	BeginReloadAssembly (239ms)
		ExecutionOrderSort (0ms)
		DisableScriptedObjects (9ms)
		BackupInstance (0ms)
		ReleaseScriptingObjects (0ms)
		CreateAndSetChildDomain (34ms)
	RebuildCommonClasses (54ms)
	RebuildNativeTypeToScriptingClass (20ms)
	initialDomainReloadingComplete (64ms)
	LoadAllAssembliesAndSetupDomain (779ms)
		LoadAssemblies (593ms)
		RebuildTransferFunctionScriptingTraits (0ms)
		AnalyzeDomain (328ms)
			TypeCache.Refresh (286ms)
				TypeCache.ScanAssembly (261ms)
			ScanForSourceGeneratedMonoScriptInfo (33ms)
			ResolveRequiredComponents (7ms)
	FinalizeReload (878ms)
		ReleaseScriptCaches (0ms)
		RebuildScriptCaches (0ms)
		SetupLoadedEditorAssemblies (643ms)
			LogAssemblyErrors (0ms)
			InitializePlatformSupportModulesInManaged (7ms)
			SetLoadedEditorAssemblies (5ms)
			RefreshPlugins (0ms)
			BeforeProcessingInitializeOnLoad (88ms)
			ProcessInitializeOnLoadAttributes (506ms)
			ProcessInitializeOnLoadMethodAttributes (31ms)
			AfterProcessingInitializeOnLoad (5ms)
			EditorAssembliesLoaded (0ms)
		ExecutionOrderSort2 (0ms)
		AwakeInstancesAfterBackupRestoration (15ms)
Launched and connected shader compiler UnityShaderCompiler.exe after 0.09 seconds
Refreshing native plugins compatible for Editor in 8.50 ms, found 3 plugins.
Preloading 0 native plugins for Editor in 0.00 ms.
Unloading 3465 Unused Serialized files (Serialized files now loaded: 0)
Unloading 36 unused Assets / (105.5 KB). Loaded Objects now: 3928.
Memory consumption went from 128.7 MB to 128.6 MB.
Total: 11.254100 ms (FindLiveObjects: 0.600700 ms CreateObjectMapping: 0.588500 ms MarkObjects: 9.784800 ms  DeleteObjects: 0.278300 ms)

AssetImportParameters requested are different than current active one (requested -> active):
  custom:container-demuxer-ogg: 62fdf1f143b41e24485cea50d1cbac27 -> 
  custom:video-codec-MediaFoundation-h265: 746d11721c4dcdbdad8f713fa42b33f4 -> 
  custom:video-decoder-ogg-theora: a1e56fd34408186e4bbccfd4996cb3dc -> 
  custom:framework-win-MediaFoundation: 216162199b28c13a410421893ffa2e32 -> 
  custom:container-demuxer-webm: 4f35f7cbe854078d1ac9338744f61a02 -> 
  custom:container-muxer-webm: aa71ff27fc2769a1b78a27578f13a17b -> 
  custom:video-decoder-webm-vp8: 9c59270c3fd7afecdb556c50c9e8de78 -> 
  custom:SearchIndexIgnoredProperties: e643bd26f0fe6173181afceb89e7c659 -> 
  custom:AudioImporter_EditorPlatform: d09bf68614088b80899f8185d706f6e7 -> 
  custom:video-encoder-webm-vp8: eb34c28f22e8b96e1ab97ce403110664 -> 
  custom:audio-decoder-ogg-vorbis: bf7c407c2cedff20999df2af8eb42d56 -> 
  custom:audio-encoder-webm-vorbis: bf7c407c2cedff20999df2af8eb42d56 -> 
========================================================================
Received Import Request.
  Time since last request: 1197077.197141 seconds.
  path: Assets/New Material.mat
  artifactKey: Guid(2de444a76025bc84387c9b4747d1dbfb) Importer(815301076,1909f56bfc062723c751e8b465ee728b)
Start importing Assets/New Material.mat using Guid(2de444a76025bc84387c9b4747d1dbfb) Importer(815301076,1909f56bfc062723c751e8b465ee728b)  -> (artifact id: '8570da1805fd5ba660580cbe2d8ef0ff') in 0.616492 seconds
Number of updated asset objects reloaded before import = 0
Number of asset objects unloaded after import = 5
========================================================================
Received Import Request.
  Time since last request: 0.000032 seconds.
  path: Assets/118-1188974_peter-griffin-png-peter-griffin-family-guy-transparent.png
  artifactKey: Guid(7df2bef80ac77f6448dbe3c38bd2c2d3) Importer(815301076,1909f56bfc062723c751e8b465ee728b)
Start importing Assets/118-1188974_peter-griffin-png-peter-griffin-family-guy-transparent.png using Guid(7df2bef80ac77f6448dbe3c38bd2c2d3) Importer(815301076,1909f56bfc062723c751e8b465ee728b)  -> (artifact id: '6698bc6efbd98d1c5f9cc814554eccaf') in 0.030214 seconds
Number of updated asset objects reloaded before import = 0
Number of asset objects unloaded after import = 2
========================================================================
Received Import Request.
  Time since last request: 0.000028 seconds.
  path: Assets/Cube.prefab
  artifactKey: Guid(0279697324c39994082c20055c3b3dcc) Importer(815301076,1909f56bfc062723c751e8b465ee728b)
Start importing Assets/Cube.prefab using Guid(0279697324c39994082c20055c3b3dcc) Importer(815301076,1909f56bfc062723c751e8b465ee728b)  -> (artifact id: '43940f6ea48346d9968cd5f41e35efba') in 0.049041 seconds
Number of updated asset objects reloaded before import = 0
Number of asset objects unloaded after import = 12
========================================================================
Received Import Request.
  Time since last request: 0.000024 seconds.
  path: Assets/New Material 1.mat
  artifactKey: Guid(60cab28d00f3f1645aaaec88e820859b) Importer(815301076,1909f56bfc062723c751e8b465ee728b)
Start importing Assets/New Material 1.mat using Guid(60cab28d00f3f1645aaaec88e820859b) Importer(815301076,1909f56bfc062723c751e8b465ee728b)  -> (artifact id: '453ff3c4d07063cad2a2a79a2f07f7e6') in 0.391126 seconds
Number of updated asset objects reloaded before import = 0
Number of asset objects unloaded after import = 2
========================================================================
Received Prepare
Refreshing native plugins compatible for Editor in 5.98 ms, found 3 plugins.
Preloading 0 native plugins for Editor in 0.00 ms.
Unloading 1 Unused Serialized files (Serialized files now loaded: 0)
Unloading 2 unused Assets / (58.3 KB). Loaded Objects now: 3972.
Memory consumption went from 74.7 MB to 74.6 MB.
Total: 5.111800 ms (FindLiveObjects: 0.366900 ms CreateObjectMapping: 0.435200 ms MarkObjects: 4.158000 ms  DeleteObjects: 0.150400 ms)

Prepare: number of updated asset objects reloaded= 0
AssetImportParameters requested are different than current active one (requested -> active):
  custom:container-demuxer-ogg: 62fdf1f143b41e24485cea50d1cbac27 -> 
  custom:video-codec-MediaFoundation-h265: 746d11721c4dcdbdad8f713fa42b33f4 -> 
  custom:video-decoder-ogg-theora: a1e56fd34408186e4bbccfd4996cb3dc -> 
  custom:framework-win-MediaFoundation: 216162199b28c13a410421893ffa2e32 -> 
  custom:CustomObjectIndexerAttribute: 756ad292c208cfabdd7b50bc23989ffe -> 
  custom:container-demuxer-webm: 4f35f7cbe854078d1ac9338744f61a02 -> 
  custom:container-muxer-webm: aa71ff27fc2769a1b78a27578f13a17b -> 
  custom:video-decoder-webm-vp8: 9c59270c3fd7afecdb556c50c9e8de78 -> 
  custom:SearchIndexIgnoredProperties: e643bd26f0fe6173181afceb89e7c659 -> 
  custom:AudioImporter_EditorPlatform: d09bf68614088b80899f8185d706f6e7 -> 
  custom:video-encoder-webm-vp8: eb34c28f22e8b96e1ab97ce403110664 -> 
  custom:audio-decoder-ogg-vorbis: bf7c407c2cedff20999df2af8eb42d56 -> 
  custom:audio-encoder-webm-vorbis: bf7c407c2cedff20999df2af8eb42d56 -> 
========================================================================
Received Import Request.
  Time since last request: 16.489168 seconds.
  path: Assets/LaFinca/New Folder
  artifactKey: Guid(fd90925b45065b0448fe94b3b57d8f6a) Importer(815301076,1909f56bfc062723c751e8b465ee728b)
Start importing Assets/LaFinca/New Folder using Guid(fd90925b45065b0448fe94b3b57d8f6a) Importer(815301076,1909f56bfc062723c751e8b465ee728b)  -> (artifact id: '9188cc56100b4859650abd619c873cf5') in 0.001615 seconds
Number of updated asset objects reloaded before import = 0
Number of asset objects unloaded after import = 0
========================================================================
Received Import Request.
  Time since last request: 88.532160 seconds.
  path: Assets/Third Person Controller-1/Animations/Materials/Beta_Body_MAT.mat
  artifactKey: Guid(34e2416e47da90f44a44c53426dd994b) Importer(815301076,1909f56bfc062723c751e8b465ee728b)
Start importing Assets/Third Person Controller-1/Animations/Materials/Beta_Body_MAT.mat using Guid(34e2416e47da90f44a44c53426dd994b) Importer(815301076,1909f56bfc062723c751e8b465ee728b)  -> (artifact id: '6c7d088854edc8ed37596a9657fec193') in 0.327531 seconds
Number of updated asset objects reloaded before import = 0
Number of asset objects unloaded after import = 1
========================================================================
Received Import Request.
  Time since last request: 0.000025 seconds.
  path: Assets/Models and Prefabs/Walls and Floors/Models/Wood/materials/Wall-Wood-Model-05.mat
  artifactKey: Guid(8325361387834014a9ef33531464743c) Importer(815301076,1909f56bfc062723c751e8b465ee728b)
Start importing Assets/Models and Prefabs/Walls and Floors/Models/Wood/materials/Wall-Wood-Model-05.mat using Guid(8325361387834014a9ef33531464743c) Importer(815301076,1909f56bfc062723c751e8b465ee728b)  -> (artifact id: '84f2926d942da5f8ca15bcbb159c73a2') in 0.024675 seconds
Number of updated asset objects reloaded before import = 0
Number of asset objects unloaded after import = 2
========================================================================
Received Import Request.
  Time since last request: 0.000032 seconds.
  path: Assets/LaFinca/Midgard Skybox/Skyboxs/Midgard 10.mat
  artifactKey: Guid(2e1cfb1b774ecd84b80e670da8da4f97) Importer(815301076,1909f56bfc062723c751e8b465ee728b)
Start importing Assets/LaFinca/Midgard Skybox/Skyboxs/Midgard 10.mat using Guid(2e1cfb1b774ecd84b80e670da8da4f97) Importer(815301076,1909f56bfc062723c751e8b465ee728b)  -> (artifact id: 'dde415104afc55bb784e746269db2d32') in 0.216650 seconds
Number of updated asset objects reloaded before import = 0
Number of asset objects unloaded after import = 2
========================================================================
Received Import Request.
  Time since last request: 0.000027 seconds.
  path: Assets/LaFinca/Midgard Skybox/Skyboxs/Midgard 04.mat
  artifactKey: Guid(85a2bc9e5db22d74db1540ef5b278c74) Importer(815301076,1909f56bfc062723c751e8b465ee728b)
Start importing Assets/LaFinca/Midgard Skybox/Skyboxs/Midgard 04.mat using Guid(85a2bc9e5db22d74db1540ef5b278c74) Importer(815301076,1909f56bfc062723c751e8b465ee728b)  -> (artifact id: 'e6c29908168723fec9d3537c6554d0b0') in 0.276734 seconds
Number of updated asset objects reloaded before import = 0
Number of asset objects unloaded after import = 2
========================================================================
Received Import Request.
  Time since last request: 0.000032 seconds.
  path: Assets/Models and Prefabs/Walls and Floors/Models/Wood/Wall-Wood-Model-02.fbx
  artifactKey: Guid(2f16e9f8b47f15443a3e5190d7cc3135) Importer(815301076,1909f56bfc062723c751e8b465ee728b)
Start importing Assets/Models and Prefabs/Walls and Floors/Models/Wood/Wall-Wood-Model-02.fbx using Guid(2f16e9f8b47f15443a3e5190d7cc3135) Importer(815301076,1909f56bfc062723c751e8b465ee728b)  -> (artifact id: '6d41d4e113765f3483248b51ca2f6d69') in 0.220986 seconds
Number of updated asset objects reloaded before import = 0
Number of asset objects unloaded after import = 9
========================================================================
Received Import Request.
  Time since last request: 0.000022 seconds.
  path: Assets/Third Person Controller-1/Robot Kyle/Materials/Robot_Color.mat
  artifactKey: Guid(0aa851515cd3747d6b3b3e461199a2ed) Importer(815301076,1909f56bfc062723c751e8b465ee728b)
Start importing Assets/Third Person Controller-1/Robot Kyle/Materials/Robot_Color.mat using Guid(0aa851515cd3747d6b3b3e461199a2ed) Importer(815301076,1909f56bfc062723c751e8b465ee728b)  -> (artifact id: 'c4000d1fd0a3e50cdfa60911ff4d2a3c') in 0.275720 seconds
Number of updated asset objects reloaded before import = 0
Number of asset objects unloaded after import = 3
========================================================================
Received Import Request.
  Time since last request: 0.000063 seconds.
  path: Assets/Third Person Controller-1/Animations/walking.fbx
  artifactKey: Guid(c5be887af9f579d4b9f081ed3357aafc) Importer(815301076,1909f56bfc062723c751e8b465ee728b)
Start importing Assets/Third Person Controller-1/Animations/walking.fbx using Guid(c5be887af9f579d4b9f081ed3357aafc) Importer(815301076,1909f56bfc062723c751e8b465ee728b)  -> (artifact id: 'c37bf98aa5c09a4498be33a2e34e94fb') in 0.007863 seconds
Number of updated asset objects reloaded before import = 0
Number of asset objects unloaded after import = 137
========================================================================
Received Import Request.
  Time since last request: 0.000029 seconds.
  path: Assets/Materials and Textures/Concrete/Custom pattern.mat
  artifactKey: Guid(86513184193fba24b9398750f8e15292) Importer(815301076,1909f56bfc062723c751e8b465ee728b)
Start importing Assets/Materials and Textures/Concrete/Custom pattern.mat using Guid(86513184193fba24b9398750f8e15292) Importer(815301076,1909f56bfc062723c751e8b465ee728b)  -> (artifact id: 'dbd7e86e4778dac940090d06103fab00') in 0.020500 seconds
Number of updated asset objects reloaded before import = 0
Number of asset objects unloaded after import = 5
========================================================================
Received Import Request.
  Time since last request: 0.000038 seconds.
  path: Assets/Models and Prefabs/Walls and Floors/Models/Wood/materials/Wall-Wood-Model-01.mat
  artifactKey: Guid(b30dcab12d8cb64438630df58d94510d) Importer(815301076,1909f56bfc062723c751e8b465ee728b)
Start importing Assets/Models and Prefabs/Walls and Floors/Models/Wood/materials/Wall-Wood-Model-01.mat using Guid(b30dcab12d8cb64438630df58d94510d) Importer(815301076,1909f56bfc062723c751e8b465ee728b)  -> (artifact id: 'bce8980da63dbf8eec72156bba3b96a6') in 0.017761 seconds
Number of updated asset objects reloaded before import = 0
Number of asset objects unloaded after import = 2
========================================================================
Received Import Request.
  Time since last request: 0.000021 seconds.
  path: Assets/Models and Prefabs/Walls and Floors/Models/Stone/Wall-Stone-Model-01.fbx
  artifactKey: Guid(c8a232c4315f1124082197104feffe9f) Importer(815301076,1909f56bfc062723c751e8b465ee728b)
Start importing Assets/Models and Prefabs/Walls and Floors/Models/Stone/Wall-Stone-Model-01.fbx using Guid(c8a232c4315f1124082197104feffe9f) Importer(815301076,1909f56bfc062723c751e8b465ee728b)  -> (artifact id: '0af20bb430d3258124bbb4cd13539eab') in 0.023076 seconds
Number of updated asset objects reloaded before import = 0
Number of asset objects unloaded after import = 9
========================================================================
Received Import Request.
  Time since last request: 0.000025 seconds.
  path: Assets/Models and Prefabs/Walls and Floors/Models/Wood/materials/Wall-Wood-Model-10.mat
  artifactKey: Guid(e7e59c9c966c6ba418317867239d89de) Importer(815301076,1909f56bfc062723c751e8b465ee728b)
Start importing Assets/Models and Prefabs/Walls and Floors/Models/Wood/materials/Wall-Wood-Model-10.mat using Guid(e7e59c9c966c6ba418317867239d89de) Importer(815301076,1909f56bfc062723c751e8b465ee728b)  -> (artifact id: '84e092eac02834364d02f6b9a08ea15c') in 0.018726 seconds
Number of updated asset objects reloaded before import = 0
Number of asset objects unloaded after import = 2
========================================================================
Received Import Request.
  Time since last request: 0.000019 seconds.
  path: Assets/Models and Prefabs/Walls and Floors/Models/Stone/materials/Wall-Stone-Model-09.mat
  artifactKey: Guid(f7a8c1022c77fff4790e0d707ccd91cb) Importer(815301076,1909f56bfc062723c751e8b465ee728b)
Start importing Assets/Models and Prefabs/Walls and Floors/Models/Stone/materials/Wall-Stone-Model-09.mat using Guid(f7a8c1022c77fff4790e0d707ccd91cb) Importer(815301076,1909f56bfc062723c751e8b465ee728b)  -> (artifact id: 'e8587b6a77aba0078f5da3fbece62e77') in 0.019427 seconds
Number of updated asset objects reloaded before import = 0
Number of asset objects unloaded after import = 2
========================================================================
Received Import Request.
  Time since last request: 0.000020 seconds.
  path: Assets/Models and Prefabs/Walls and Floors/Models/Stone/Wall-Stone-Model-03.fbx
  artifactKey: Guid(94fa54c1e3460ec4daa350800b4d8f53) Importer(815301076,1909f56bfc062723c751e8b465ee728b)
Start importing Assets/Models and Prefabs/Walls and Floors/Models/Stone/Wall-Stone-Model-03.fbx using Guid(94fa54c1e3460ec4daa350800b4d8f53) Importer(815301076,1909f56bfc062723c751e8b465ee728b)  -> (artifact id: 'a61d288442941c54705d427693b0c885') in 0.025207 seconds
Number of updated asset objects reloaded before import = 0
Number of asset objects unloaded after import = 9
========================================================================
Received Import Request.
  Time since last request: 0.000018 seconds.
  path: Assets/Models and Prefabs/Walls and Floors/Models/Stone/Floor-Stone-Model-02.fbx
  artifactKey: Guid(64cabf81a7e08cf4bb69fb6cb5a29f68) Importer(815301076,1909f56bfc062723c751e8b465ee728b)
Start importing Assets/Models and Prefabs/Walls and Floors/Models/Stone/Floor-Stone-Model-02.fbx using Guid(64cabf81a7e08cf4bb69fb6cb5a29f68) Importer(815301076,1909f56bfc062723c751e8b465ee728b)  -> (artifact id: '415bdeb7b8a9206043160ac672a734e3') in 0.023342 seconds
Number of updated asset objects reloaded before import = 0
Number of asset objects unloaded after import = 9
========================================================================
Received Import Request.
  Time since last request: 0.000020 seconds.
  path: Assets/Models and Prefabs/Walls and Floors/Models/Wood/Wall-Wood-Model-12.fbx
  artifactKey: Guid(27700bb08d98ab745b6b95ce72196aa6) Importer(815301076,1909f56bfc062723c751e8b465ee728b)
Start importing Assets/Models and Prefabs/Walls and Floors/Models/Wood/Wall-Wood-Model-12.fbx using Guid(27700bb08d98ab745b6b95ce72196aa6) Importer(815301076,1909f56bfc062723c751e8b465ee728b)  -> (artifact id: '760578957fad6b2d329b34829b44c302') in 0.021725 seconds
Number of updated asset objects reloaded before import = 0
Number of asset objects unloaded after import = 9
========================================================================
Received Import Request.
  Time since last request: 0.000018 seconds.
  path: Assets/Models and Prefabs/Walls and Floors/Models/Wood/materials/Wall-Wood-Model-03.mat
  artifactKey: Guid(f38051be6a8ad8f4fb93e30ac60ba245) Importer(815301076,1909f56bfc062723c751e8b465ee728b)
Start importing Assets/Models and Prefabs/Walls and Floors/Models/Wood/materials/Wall-Wood-Model-03.mat using Guid(f38051be6a8ad8f4fb93e30ac60ba245) Importer(815301076,1909f56bfc062723c751e8b465ee728b)  -> (artifact id: 'a736c13c0ddb79a747b71f880eec0992') in 0.017589 seconds
Number of updated asset objects reloaded before import = 0
Number of asset objects unloaded after import = 2
========================================================================
Received Import Request.
  Time since last request: 0.000027 seconds.
  path: Assets/Third Person Controller-1/Animations/turn.fbx
  artifactKey: Guid(fe5a3f78955de764190c2a53523ae0b4) Importer(815301076,1909f56bfc062723c751e8b465ee728b)
Start importing Assets/Third Person Controller-1/Animations/turn.fbx using Guid(fe5a3f78955de764190c2a53523ae0b4) Importer(815301076,1909f56bfc062723c751e8b465ee728b)  -> (artifact id: '04a38e5b62ea0b5d1b8590e1aa87fc35') in 0.127954 seconds
Number of updated asset objects reloaded before import = 0
Number of asset objects unloaded after import = 147
========================================================================
Received Import Request.
  Time since last request: 0.000032 seconds.
  path: Assets/Third Person Controller-1/Animations/idle.fbx
  artifactKey: Guid(0850654a58f03c7409e5603f174adf54) Importer(815301076,1909f56bfc062723c751e8b465ee728b)
Start importing Assets/Third Person Controller-1/Animations/idle.fbx using Guid(0850654a58f03c7409e5603f174adf54) Importer(815301076,1909f56bfc062723c751e8b465ee728b)  -> (artifact id: 'dec516a848ef24ac680fe305b41a73c3') in 0.006802 seconds
Number of updated asset objects reloaded before import = 0
Number of asset objects unloaded after import = 137
========================================================================
Received Import Request.
  Time since last request: 0.000016 seconds.
  path: Assets/Models and Prefabs/Walls and Floors/Models/Stone/Wall-Stone-Model-06.fbx
  artifactKey: Guid(6e47fb2c4bc7154499c144b3e215870d) Importer(815301076,1909f56bfc062723c751e8b465ee728b)
Start importing Assets/Models and Prefabs/Walls and Floors/Models/Stone/Wall-Stone-Model-06.fbx using Guid(6e47fb2c4bc7154499c144b3e215870d) Importer(815301076,1909f56bfc062723c751e8b465ee728b)  -> (artifact id: '51e2ebcb9ad4ce7cb5c26dc7c26845ca') in 0.027931 seconds
Number of updated asset objects reloaded before import = 0
Number of asset objects unloaded after import = 9
========================================================================
Received Import Request.
  Time since last request: 0.000018 seconds.
  path: Assets/Models and Prefabs/Walls and Floors/Models/Stone/materials/Floor-Stone-Model-03.mat
  artifactKey: Guid(907d88b92f7d1bf499be0995fc4c75bc) Importer(815301076,1909f56bfc062723c751e8b465ee728b)
Start importing Assets/Models and Prefabs/Walls and Floors/Models/Stone/materials/Floor-Stone-Model-03.mat using Guid(907d88b92f7d1bf499be0995fc4c75bc) Importer(815301076,1909f56bfc062723c751e8b465ee728b)  -> (artifact id: '664f9268f5c54f453b95ad1caa032850') in 0.020342 seconds
Number of updated asset objects reloaded before import = 0
Number of asset objects unloaded after import = 2
========================================================================
Received Import Request.
  Time since last request: 0.000036 seconds.
  path: Assets/Models and Prefabs/Walls and Floors/Models/Stone/Wall-Stone-Model-09.fbx
  artifactKey: Guid(7d15d5e86b6abe149aae4a97839483bd) Importer(815301076,1909f56bfc062723c751e8b465ee728b)
Start importing Assets/Models and Prefabs/Walls and Floors/Models/Stone/Wall-Stone-Model-09.fbx using Guid(7d15d5e86b6abe149aae4a97839483bd) Importer(815301076,1909f56bfc062723c751e8b465ee728b)  -> (artifact id: '996d55fa5850a0bcf4e4a00f382443a1') in 0.027697 seconds
Number of updated asset objects reloaded before import = 0
Number of asset objects unloaded after import = 9
========================================================================
Received Import Request.
  Time since last request: 0.000026 seconds.
  path: Assets/Models and Prefabs/Walls and Floors/Models/Stone/Floor-Stone-Model-04.fbx
  artifactKey: Guid(d99d74b25e1ef324ba487ba59ad07cdd) Importer(815301076,1909f56bfc062723c751e8b465ee728b)
Start importing Assets/Models and Prefabs/Walls and Floors/Models/Stone/Floor-Stone-Model-04.fbx using Guid(d99d74b25e1ef324ba487ba59ad07cdd) Importer(815301076,1909f56bfc062723c751e8b465ee728b)  -> (artifact id: 'e7193dc55a99d1f3a2a87ef874297bea') in 0.035614 seconds
Number of updated asset objects reloaded before import = 0
Number of asset objects unloaded after import = 9
========================================================================
Received Import Request.
  Time since last request: 0.000036 seconds.
  path: Assets/Models and Prefabs/Walls and Floors/Models/Wood/Wall-Wood-Model-11.fbx
  artifactKey: Guid(7d64f2d019c2b3144b083f3931cbb96c) Importer(815301076,1909f56bfc062723c751e8b465ee728b)
Start importing Assets/Models and Prefabs/Walls and Floors/Models/Wood/Wall-Wood-Model-11.fbx using Guid(7d64f2d019c2b3144b083f3931cbb96c) Importer(815301076,1909f56bfc062723c751e8b465ee728b)  -> (artifact id: '8db5b8388f4fccbf9ee68a8d51b52420') in 0.027024 seconds
Number of updated asset objects reloaded before import = 0
Number of asset objects unloaded after import = 9
========================================================================
Received Import Request.
  Time since last request: 0.000022 seconds.
  path: Assets/Models and Prefabs/Walls and Floors/Models/Stone/Door-Stone-Model-02.fbx
  artifactKey: Guid(81ecf8888cf4a7d49b85a85bf47cbc1b) Importer(815301076,1909f56bfc062723c751e8b465ee728b)
Start importing Assets/Models and Prefabs/Walls and Floors/Models/Stone/Door-Stone-Model-02.fbx using Guid(81ecf8888cf4a7d49b85a85bf47cbc1b) Importer(815301076,1909f56bfc062723c751e8b465ee728b)  -> (artifact id: '664f89d5890d14cd4810b6e6b8b70294') in 0.023953 seconds
Number of updated asset objects reloaded before import = 0
Number of asset objects unloaded after import = 9
========================================================================
Received Import Request.
  Time since last request: 0.000020 seconds.
  path: Assets/Models and Prefabs/Walls and Floors/Models/Wood/materials/Floor-Wood-Model-02.mat
  artifactKey: Guid(b36f28aa57c7300419c58f3720d00952) Importer(815301076,1909f56bfc062723c751e8b465ee728b)
Start importing Assets/Models and Prefabs/Walls and Floors/Models/Wood/materials/Floor-Wood-Model-02.mat using Guid(b36f28aa57c7300419c58f3720d00952) Importer(815301076,1909f56bfc062723c751e8b465ee728b)  -> (artifact id: 'cee5520839a99ee421b1488101fc8afc') in 0.021335 seconds
Number of updated asset objects reloaded before import = 0
Number of asset objects unloaded after import = 2
========================================================================
Received Import Request.
  Time since last request: 0.000027 seconds.
  path: Assets/Models and Prefabs/Walls and Floors/Models/Stone/Wall-Stone-Model-07.fbx
  artifactKey: Guid(145a3c9f161ea3e4cb5a0e3a7b878e9e) Importer(815301076,1909f56bfc062723c751e8b465ee728b)
Start importing Assets/Models and Prefabs/Walls and Floors/Models/Stone/Wall-Stone-Model-07.fbx using Guid(145a3c9f161ea3e4cb5a0e3a7b878e9e) Importer(815301076,1909f56bfc062723c751e8b465ee728b)  -> (artifact id: 'c7c1d0de29cc3c348e2d735528c9d42c') in 0.027749 seconds
Number of updated asset objects reloaded before import = 0
Number of asset objects unloaded after import = 9
========================================================================
Received Import Request.
  Time since last request: 0.000027 seconds.
  path: Assets/Third Person Controller-1/Animations/t_pose.fbx
  artifactKey: Guid(1d553d340c6ed564da93547ec4058847) Importer(815301076,1909f56bfc062723c751e8b465ee728b)
Start importing Assets/Third Person Controller-1/Animations/t_pose.fbx using Guid(1d553d340c6ed564da93547ec4058847) Importer(815301076,1909f56bfc062723c751e8b465ee728b)  -> (artifact id: '33cdf5943a4688ec51eb2a0d2dc8dbd6') in 0.053658 seconds
Number of updated asset objects reloaded before import = 0
Number of asset objects unloaded after import = 155
========================================================================
Received Import Request.
  Time since last request: 0.000031 seconds.
  path: Assets/Models and Prefabs/Walls and Floors/Models/Stone/materials/Corner-Stone-Model-01.mat
  artifactKey: Guid(9ea8f35b013d57543844fb8784445267) Importer(815301076,1909f56bfc062723c751e8b465ee728b)
Start importing Assets/Models and Prefabs/Walls and Floors/Models/Stone/materials/Corner-Stone-Model-01.mat using Guid(9ea8f35b013d57543844fb8784445267) Importer(815301076,1909f56bfc062723c751e8b465ee728b)  -> (artifact id: 'b9f2f4d3ad6903a270de68fac819749d') in 0.020926 seconds
Number of updated asset objects reloaded before import = 0
Number of asset objects unloaded after import = 2
========================================================================
Received Import Request.
  Time since last request: 0.000018 seconds.
  path: Assets/LaFinca/Midgard Skybox/Skyboxs/Midgard 09.mat
  artifactKey: Guid(ddffb0d758ce18b47925632944aed655) Importer(815301076,1909f56bfc062723c751e8b465ee728b)
Start importing Assets/LaFinca/Midgard Skybox/Skyboxs/Midgard 09.mat using Guid(ddffb0d758ce18b47925632944aed655) Importer(815301076,1909f56bfc062723c751e8b465ee728b)  -> (artifact id: '88434a378bf28f18e49b660f03e58d3e') in 0.294918 seconds
Number of updated asset objects reloaded before import = 0
Number of asset objects unloaded after import = 2
========================================================================
Received Import Request.
  Time since last request: 0.000033 seconds.
  path: Assets/Models and Prefabs/Walls and Floors/Models/Wood/Wall-Wood-Model-05.fbx
  artifactKey: Guid(6f775c39abfc0534cbcbb95e6d9bcc2c) Importer(815301076,1909f56bfc062723c751e8b465ee728b)
Start importing Assets/Models and Prefabs/Walls and Floors/Models/Wood/Wall-Wood-Model-05.fbx using Guid(6f775c39abfc0534cbcbb95e6d9bcc2c) Importer(815301076,1909f56bfc062723c751e8b465ee728b)  -> (artifact id: '6cc21444afbbc5454be340bbfbb44762') in 0.024139 seconds
Number of updated asset objects reloaded before import = 0
Number of asset objects unloaded after import = 9
========================================================================
Received Import Request.
  Time since last request: 0.000029 seconds.
  path: Assets/Models and Prefabs/Walls and Floors/Models/Wood/materials/Wall-Wood-Model-08.mat
  artifactKey: Guid(d709285a8e45fcb44b3d0b8e0eb893ce) Importer(815301076,1909f56bfc062723c751e8b465ee728b)
Start importing Assets/Models and Prefabs/Walls and Floors/Models/Wood/materials/Wall-Wood-Model-08.mat using Guid(d709285a8e45fcb44b3d0b8e0eb893ce) Importer(815301076,1909f56bfc062723c751e8b465ee728b)  -> (artifact id: '160caf4da54c4276301c47cedbd040d3') in 0.017294 seconds
Number of updated asset objects reloaded before import = 0
Number of asset objects unloaded after import = 2
========================================================================
Received Import Request.
  Time since last request: 0.000024 seconds.
  path: Assets/Materials and Textures/Concrete/New Material.mat
  artifactKey: Guid(7c985f8abdd4b594bb5ebf5d7e8ff34c) Importer(815301076,1909f56bfc062723c751e8b465ee728b)
Start importing Assets/Materials and Textures/Concrete/New Material.mat using Guid(7c985f8abdd4b594bb5ebf5d7e8ff34c) Importer(815301076,1909f56bfc062723c751e8b465ee728b)  -> (artifact id: 'b6897eb107052ee1382b467964286236') in 0.021773 seconds
Number of updated asset objects reloaded before import = 0
Number of asset objects unloaded after import = 5
========================================================================
Received Import Request.
  Time since last request: 0.000535 seconds.
  path: Assets/Models and Prefabs/Walls and Floors/Models/Wood/Door-Wood-Model-02.fbx
  artifactKey: Guid(f0e081e328e30854da83a08974ef6b0c) Importer(815301076,1909f56bfc062723c751e8b465ee728b)
Start importing Assets/Models and Prefabs/Walls and Floors/Models/Wood/Door-Wood-Model-02.fbx using Guid(f0e081e328e30854da83a08974ef6b0c) Importer(815301076,1909f56bfc062723c751e8b465ee728b)  -> (artifact id: '6cd564894a8260fd09110e68473d03c8') in 0.028004 seconds
Number of updated asset objects reloaded before import = 0
Number of asset objects unloaded after import = 9
========================================================================
Received Import Request.
  Time since last request: 0.000018 seconds.
  path: Assets/Models and Prefabs/Walls and Floors/Models/Stone/Corner-Stone-Model-01.fbx
  artifactKey: Guid(413012ff581a37e48920be52d807f4ac) Importer(815301076,1909f56bfc062723c751e8b465ee728b)
Start importing Assets/Models and Prefabs/Walls and Floors/Models/Stone/Corner-Stone-Model-01.fbx using Guid(413012ff581a37e48920be52d807f4ac) Importer(815301076,1909f56bfc062723c751e8b465ee728b)  -> (artifact id: 'dbe09bd3ca6446d7dc53384685add3d1') in 0.024228 seconds
Number of updated asset objects reloaded before import = 0
Number of asset objects unloaded after import = 9
========================================================================
Received Import Request.
  Time since last request: 0.000027 seconds.
  path: Assets/Models and Prefabs/Walls and Floors/Models/Stone/Door-Stone-Model-01.fbx
  artifactKey: Guid(95376650c5dd3504690211d997e35f69) Importer(815301076,1909f56bfc062723c751e8b465ee728b)
Start importing Assets/Models and Prefabs/Walls and Floors/Models/Stone/Door-Stone-Model-01.fbx using Guid(95376650c5dd3504690211d997e35f69) Importer(815301076,1909f56bfc062723c751e8b465ee728b)  -> (artifact id: '37774a133db2ce56c89106e2ef54bcbc') in 0.026079 seconds
Number of updated asset objects reloaded before import = 0
Number of asset objects unloaded after import = 9
========================================================================
Received Import Request.
  Time since last request: 0.000021 seconds.
  path: Assets/Models and Prefabs/Walls and Floors/Models/Stone/Wall-Stone-Model-05.fbx
  artifactKey: Guid(ddb76fa9f72a2cf47859d4f8e4aa7694) Importer(815301076,1909f56bfc062723c751e8b465ee728b)
Start importing Assets/Models and Prefabs/Walls and Floors/Models/Stone/Wall-Stone-Model-05.fbx using Guid(ddb76fa9f72a2cf47859d4f8e4aa7694) Importer(815301076,1909f56bfc062723c751e8b465ee728b)  -> (artifact id: 'a7a2b5673ec79d607e54cbaa2ac0563f') in 0.025592 seconds
Number of updated asset objects reloaded before import = 0
Number of asset objects unloaded after import = 9
========================================================================
Received Import Request.
  Time since last request: 0.000024 seconds.
  path: Assets/Models and Prefabs/Walls and Floors/Models/Wood/materials/Wall-Wood-Model-09.mat
  artifactKey: Guid(d2f1f4dfae73a07429b743c02246c9c6) Importer(815301076,1909f56bfc062723c751e8b465ee728b)
Start importing Assets/Models and Prefabs/Walls and Floors/Models/Wood/materials/Wall-Wood-Model-09.mat using Guid(d2f1f4dfae73a07429b743c02246c9c6) Importer(815301076,1909f56bfc062723c751e8b465ee728b)  -> (artifact id: '28551e8f9e9e4e1918adf24c97619361') in 0.020272 seconds
Number of updated asset objects reloaded before import = 0
Number of asset objects unloaded after import = 2
========================================================================
Received Import Request.
  Time since last request: 0.000047 seconds.
  path: Assets/Models and Prefabs/Walls and Floors/Models/Wood/Door-Wood-Model-03.fbx
  artifactKey: Guid(5bd2be986c1e9824c9fc2e7b28a930c6) Importer(815301076,1909f56bfc062723c751e8b465ee728b)
Start importing Assets/Models and Prefabs/Walls and Floors/Models/Wood/Door-Wood-Model-03.fbx using Guid(5bd2be986c1e9824c9fc2e7b28a930c6) Importer(815301076,1909f56bfc062723c751e8b465ee728b)  -> (artifact id: '0978d93b4ef9f4e6954b2798761c7051') in 0.024428 seconds
Number of updated asset objects reloaded before import = 0
Number of asset objects unloaded after import = 9
========================================================================
Received Import Request.
  Time since last request: 0.000021 seconds.
  path: Assets/Models and Prefabs/Walls and Floors/Models/Wood/Wall-Wood-Model-03.fbx
  artifactKey: Guid(e1ff90def9a530248ab22c3a085eac63) Importer(815301076,1909f56bfc062723c751e8b465ee728b)
Start importing Assets/Models and Prefabs/Walls and Floors/Models/Wood/Wall-Wood-Model-03.fbx using Guid(e1ff90def9a530248ab22c3a085eac63) Importer(815301076,1909f56bfc062723c751e8b465ee728b)  -> (artifact id: '5b9e6f19e9b3317f50547ad0b8cccd3a') in 0.023233 seconds
Number of updated asset objects reloaded before import = 0
Number of asset objects unloaded after import = 9
========================================================================
Received Import Request.
  Time since last request: 0.000019 seconds.
  path: Assets/Models and Prefabs/Walls and Floors/Models/Wood/Wall-Wood-Model-04.fbx
  artifactKey: Guid(4530d001dac31db4e9b983bd62e2658a) Importer(815301076,1909f56bfc062723c751e8b465ee728b)
Start importing Assets/Models and Prefabs/Walls and Floors/Models/Wood/Wall-Wood-Model-04.fbx using Guid(4530d001dac31db4e9b983bd62e2658a) Importer(815301076,1909f56bfc062723c751e8b465ee728b)  -> (artifact id: '2b74c0b72efd8d1a82a79435955e9964') in 0.023965 seconds
Number of updated asset objects reloaded before import = 0
Number of asset objects unloaded after import = 9
========================================================================
Received Import Request.
  Time since last request: 0.000019 seconds.
  path: Assets/Models and Prefabs/Walls and Floors/Models/Stone/Wall-Stone-Model-04.fbx
  artifactKey: Guid(f631627b7ea6bd94b84ea500530c87bd) Importer(815301076,1909f56bfc062723c751e8b465ee728b)
Start importing Assets/Models and Prefabs/Walls and Floors/Models/Stone/Wall-Stone-Model-04.fbx using Guid(f631627b7ea6bd94b84ea500530c87bd) Importer(815301076,1909f56bfc062723c751e8b465ee728b)  -> (artifact id: 'fdc69e85fba6b6a485cb1b701c430e06') in 0.024943 seconds
Number of updated asset objects reloaded before import = 0
Number of asset objects unloaded after import = 9
========================================================================
Received Import Request.
  Time since last request: 0.000021 seconds.
  path: Assets/Models and Prefabs/Walls and Floors/Models/Stone/materials/Wall-Stone-Model-05.mat
  artifactKey: Guid(30f7732f3ee57554eb7ef25694ac7bdc) Importer(815301076,1909f56bfc062723c751e8b465ee728b)
Start importing Assets/Models and Prefabs/Walls and Floors/Models/Stone/materials/Wall-Stone-Model-05.mat using Guid(30f7732f3ee57554eb7ef25694ac7bdc) Importer(815301076,1909f56bfc062723c751e8b465ee728b)  -> (artifact id: '138f8f42853f676f8f0f35c84b7a3681') in 0.017871 seconds
Number of updated asset objects reloaded before import = 0
Number of asset objects unloaded after import = 2
========================================================================
Received Import Request.
  Time since last request: 0.000024 seconds.
  path: Assets/Models and Prefabs/Walls and Floors/Models/Wood/materials/Wall-Wood-Model-07.mat
  artifactKey: Guid(ac519ce1f0b9273469231f091560a86a) Importer(815301076,1909f56bfc062723c751e8b465ee728b)
Start importing Assets/Models and Prefabs/Walls and Floors/Models/Wood/materials/Wall-Wood-Model-07.mat using Guid(ac519ce1f0b9273469231f091560a86a) Importer(815301076,1909f56bfc062723c751e8b465ee728b)  -> (artifact id: '609f5868b1b310951fa2b65234a5bdc9') in 0.016518 seconds
Number of updated asset objects reloaded before import = 0
Number of asset objects unloaded after import = 2
========================================================================
Received Import Request.
  Time since last request: 0.000028 seconds.
  path: Assets/Models and Prefabs/Walls and Floors/Models/Stone/materials/Wall-Stone-Model-04.mat
  artifactKey: Guid(5d66cb4cf0d5ab54e8364c3f49894d76) Importer(815301076,1909f56bfc062723c751e8b465ee728b)
Start importing Assets/Models and Prefabs/Walls and Floors/Models/Stone/materials/Wall-Stone-Model-04.mat using Guid(5d66cb4cf0d5ab54e8364c3f49894d76) Importer(815301076,1909f56bfc062723c751e8b465ee728b)  -> (artifact id: '744f3d6b39cf000935c94c393a8e9f2b') in 0.017622 seconds
Number of updated asset objects reloaded before import = 0
Number of asset objects unloaded after import = 2
========================================================================
Received Import Request.
  Time since last request: 0.000020 seconds.
  path: Assets/Models and Prefabs/Walls and Floors/Models/Stone/materials/Wall-Stone-Model-12.mat
  artifactKey: Guid(14f7e7927be7d8f478a76577b849efe0) Importer(815301076,1909f56bfc062723c751e8b465ee728b)
Start importing Assets/Models and Prefabs/Walls and Floors/Models/Stone/materials/Wall-Stone-Model-12.mat using Guid(14f7e7927be7d8f478a76577b849efe0) Importer(815301076,1909f56bfc062723c751e8b465ee728b)  -> (artifact id: '65b85d3fcfa49ea51108b50db5295fef') in 0.019030 seconds
Number of updated asset objects reloaded before import = 0
Number of asset objects unloaded after import = 2
========================================================================
Received Import Request.
  Time since last request: 0.000027 seconds.
  path: Assets/LaFinca/Midgard Skybox/Skyboxs/Midgard 11.mat
  artifactKey: Guid(518bfbebb30bb5b4bb88826a82b2dac1) Importer(815301076,1909f56bfc062723c751e8b465ee728b)
Start importing Assets/LaFinca/Midgard Skybox/Skyboxs/Midgard 11.mat using Guid(518bfbebb30bb5b4bb88826a82b2dac1) Importer(815301076,1909f56bfc062723c751e8b465ee728b)  -> (artifact id: '9e51228fa0371b8db9e8711428ebf7b3') in 0.222997 seconds
Number of updated asset objects reloaded before import = 0
Number of asset objects unloaded after import = 2
========================================================================
Received Import Request.
  Time since last request: 0.000031 seconds.
  path: Assets/Third Person Controller-1/Animations/waving.fbx
  artifactKey: Guid(e28c70e8cd566a34aacf6af708cc1824) Importer(815301076,1909f56bfc062723c751e8b465ee728b)
Start importing Assets/Third Person Controller-1/Animations/waving.fbx using Guid(e28c70e8cd566a34aacf6af708cc1824) Importer(815301076,1909f56bfc062723c751e8b465ee728b)  -> (artifact id: '98d7a3f48d1afb951ef3f9455a8e989d') in 0.010668 seconds
Number of updated asset objects reloaded before import = 0
Number of asset objects unloaded after import = 137
========================================================================
Received Import Request.
  Time since last request: 0.000032 seconds.
  path: Assets/Models and Prefabs/Walls and Floors/Models/Stone/materials/Corner-Stone-Model-02.mat
  artifactKey: Guid(ac40411b9455773439ac8c5675392892) Importer(815301076,1909f56bfc062723c751e8b465ee728b)
Start importing Assets/Models and Prefabs/Walls and Floors/Models/Stone/materials/Corner-Stone-Model-02.mat using Guid(ac40411b9455773439ac8c5675392892) Importer(815301076,1909f56bfc062723c751e8b465ee728b)  -> (artifact id: '6dee4669403ea5fdd3100fe1af9964de') in 0.022406 seconds
Number of updated asset objects reloaded before import = 0
Number of asset objects unloaded after import = 2
========================================================================
Received Import Request.
  Time since last request: 0.000023 seconds.
  path: Assets/Models and Prefabs/Walls and Floors/Models/Stone/Door-Stone-Model-03.fbx
  artifactKey: Guid(7ba2e918d3548e74d85b1d3d3d6ac1a8) Importer(815301076,1909f56bfc062723c751e8b465ee728b)
Start importing Assets/Models and Prefabs/Walls and Floors/Models/Stone/Door-Stone-Model-03.fbx using Guid(7ba2e918d3548e74d85b1d3d3d6ac1a8) Importer(815301076,1909f56bfc062723c751e8b465ee728b)  -> (artifact id: '62dd359fa23151d2308eabb1ac57fb1b') in 0.027781 seconds
Number of updated asset objects reloaded before import = 0
Number of asset objects unloaded after import = 9
========================================================================
Received Import Request.
  Time since last request: 0.000022 seconds.
  path: Assets/Models and Prefabs/Walls and Floors/Models/Wood/Corner-Wood-Model-03.fbx
  artifactKey: Guid(4258197bb6e4954499326e662d928b01) Importer(815301076,1909f56bfc062723c751e8b465ee728b)
Start importing Assets/Models and Prefabs/Walls and Floors/Models/Wood/Corner-Wood-Model-03.fbx using Guid(4258197bb6e4954499326e662d928b01) Importer(815301076,1909f56bfc062723c751e8b465ee728b)  -> (artifact id: 'a24432e7251348978c99c6e55962bf4b') in 0.024961 seconds
Number of updated asset objects reloaded before import = 0
Number of asset objects unloaded after import = 9
========================================================================
Received Import Request.
  Time since last request: 0.000023 seconds.
  path: Assets/Models and Prefabs/Walls and Floors/Models/Stone/materials/Wall-Stone-Model-08.mat
  artifactKey: Guid(531ebf51a45f06748a01c51246b63597) Importer(815301076,1909f56bfc062723c751e8b465ee728b)
Start importing Assets/Models and Prefabs/Walls and Floors/Models/Stone/materials/Wall-Stone-Model-08.mat using Guid(531ebf51a45f06748a01c51246b63597) Importer(815301076,1909f56bfc062723c751e8b465ee728b)  -> (artifact id: 'f589048677af9a777db069593be18c16') in 0.019137 seconds
Number of updated asset objects reloaded before import = 0
Number of asset objects unloaded after import = 2
========================================================================
Received Import Request.
  Time since last request: 0.000025 seconds.
  path: Assets/Models and Prefabs/Walls and Floors/Models/Wood/Corner-Wood-Model-01.fbx
  artifactKey: Guid(63df4f3e5fe6f4f4f89ec3a5e087a491) Importer(815301076,1909f56bfc062723c751e8b465ee728b)
Start importing Assets/Models and Prefabs/Walls and Floors/Models/Wood/Corner-Wood-Model-01.fbx using Guid(63df4f3e5fe6f4f4f89ec3a5e087a491) Importer(815301076,1909f56bfc062723c751e8b465ee728b)  -> (artifact id: 'cf9665b4add002e02b1ba2b573e5909f') in 0.024048 seconds
Number of updated asset objects reloaded before import = 0
Number of asset objects unloaded after import = 9
========================================================================
Received Import Request.
  Time since last request: 0.000022 seconds.
  path: Assets/Models and Prefabs/Walls and Floors/Models/Stone/materials/Floor-Stone-Model-04.mat
  artifactKey: Guid(3b751f6271dce7747ab89d83050d6315) Importer(815301076,1909f56bfc062723c751e8b465ee728b)
Start importing Assets/Models and Prefabs/Walls and Floors/Models/Stone/materials/Floor-Stone-Model-04.mat using Guid(3b751f6271dce7747ab89d83050d6315) Importer(815301076,1909f56bfc062723c751e8b465ee728b)  -> (artifact id: '67110cb7c550e569aebf7022253b5af9') in 0.018885 seconds
Number of updated asset objects reloaded before import = 0
Number of asset objects unloaded after import = 2
========================================================================
Received Import Request.
  Time since last request: 0.000023 seconds.
  path: Assets/Materials and Textures/Concrete/New Material 1.mat
  artifactKey: Guid(06b942a2f9b7e784b962e5f1b9b3af12) Importer(815301076,1909f56bfc062723c751e8b465ee728b)
Start importing Assets/Materials and Textures/Concrete/New Material 1.mat using Guid(06b942a2f9b7e784b962e5f1b9b3af12) Importer(815301076,1909f56bfc062723c751e8b465ee728b)  -> (artifact id: '004f9268fbfa3ec30bf3d20e72251c5c') in 0.022674 seconds
Number of updated asset objects reloaded before import = 0
Number of asset objects unloaded after import = 5
========================================================================
Received Import Request.
  Time since last request: 0.000020 seconds.
  path: Assets/Models and Prefabs/Walls and Floors/Models/Wood/Corner-Wood-Model-04.fbx
  artifactKey: Guid(ad296451297fb5041a5a13cc354c0bf3) Importer(815301076,1909f56bfc062723c751e8b465ee728b)
Start importing Assets/Models and Prefabs/Walls and Floors/Models/Wood/Corner-Wood-Model-04.fbx using Guid(ad296451297fb5041a5a13cc354c0bf3) Importer(815301076,1909f56bfc062723c751e8b465ee728b)  -> (artifact id: 'fcb2849370aa8cbd1dba218df0185d55') in 0.022766 seconds
Number of updated asset objects reloaded before import = 0
Number of asset objects unloaded after import = 9
========================================================================
Received Import Request.
  Time since last request: 0.000025 seconds.
  path: Assets/Models and Prefabs/Walls and Floors/Models/Stone/Wall-Stone-Model-12.fbx
  artifactKey: Guid(5c200c38000f07048916f11d852df3d7) Importer(815301076,1909f56bfc062723c751e8b465ee728b)
Start importing Assets/Models and Prefabs/Walls and Floors/Models/Stone/Wall-Stone-Model-12.fbx using Guid(5c200c38000f07048916f11d852df3d7) Importer(815301076,1909f56bfc062723c751e8b465ee728b)  -> (artifact id: '8b192e476616024bf579940c24d982c3') in 0.023276 seconds
Number of updated asset objects reloaded before import = 0
Number of asset objects unloaded after import = 9
========================================================================
Received Import Request.
  Time since last request: 0.000024 seconds.
  path: Assets/LaFinca/Midgard Skybox/Skyboxs/Midgard 16.mat
  artifactKey: Guid(1dcfa47452fe82f429f6ebbdb2075d27) Importer(815301076,1909f56bfc062723c751e8b465ee728b)
Start importing Assets/LaFinca/Midgard Skybox/Skyboxs/Midgard 16.mat using Guid(1dcfa47452fe82f429f6ebbdb2075d27) Importer(815301076,1909f56bfc062723c751e8b465ee728b)  -> (artifact id: '67d71622ea67ee484be98a61d461f4de') in 0.248560 seconds
Number of updated asset objects reloaded before import = 0
Number of asset objects unloaded after import = 2
========================================================================
Received Import Request.
  Time since last request: 0.000043 seconds.
  path: Assets/Third Person Controller-1/Robot Kyle/Model/Robot Kyle.fbx
  artifactKey: Guid(320b1c2af77554f99a1658df4a6d3d5c) Importer(815301076,1909f56bfc062723c751e8b465ee728b)
Start importing Assets/Third Person Controller-1/Robot Kyle/Model/Robot Kyle.fbx using Guid(320b1c2af77554f99a1658df4a6d3d5c) Importer(815301076,1909f56bfc062723c751e8b465ee728b)  -> (artifact id: 'e585cf14e5b417f992a98a52a4381553') in 0.047496 seconds
Number of updated asset objects reloaded before import = 0
Number of asset objects unloaded after import = 111
========================================================================
Received Import Request.
  Time since last request: 0.000025 seconds.
  path: Assets/Models and Prefabs/Walls and Floors/Models/Stone/materials/Floor-Stone-Model-02.mat
  artifactKey: Guid(5ef5271cc1e75574995ddec7d0186fc6) Importer(815301076,1909f56bfc062723c751e8b465ee728b)
Start importing Assets/Models and Prefabs/Walls and Floors/Models/Stone/materials/Floor-Stone-Model-02.mat using Guid(5ef5271cc1e75574995ddec7d0186fc6) Importer(815301076,1909f56bfc062723c751e8b465ee728b)  -> (artifact id: '505b6795e2690981ff62620de85497fa') in 0.019748 seconds
Number of updated asset objects reloaded before import = 0
Number of asset objects unloaded after import = 2
========================================================================
Received Import Request.
  Time since last request: 0.000021 seconds.
  path: Assets/Models and Prefabs/Walls and Floors/Models/Stone/materials/Wall-Stone-Model-01.mat
  artifactKey: Guid(2a14c57a69e73d74d86c75e7fe903485) Importer(815301076,1909f56bfc062723c751e8b465ee728b)
Start importing Assets/Models and Prefabs/Walls and Floors/Models/Stone/materials/Wall-Stone-Model-01.mat using Guid(2a14c57a69e73d74d86c75e7fe903485) Importer(815301076,1909f56bfc062723c751e8b465ee728b)  -> (artifact id: '04fc17a76e475a4f54dfcee15f3982df') in 0.017711 seconds
Number of updated asset objects reloaded before import = 0
Number of asset objects unloaded after import = 2
========================================================================
Received Import Request.
  Time since last request: 0.000030 seconds.
  path: Assets/Models and Prefabs/Walls and Floors/Models/Stone/Corner-Stone-Model-04.fbx
  artifactKey: Guid(cd2ecb50216bef6438267172d464d5ab) Importer(815301076,1909f56bfc062723c751e8b465ee728b)
Start importing Assets/Models and Prefabs/Walls and Floors/Models/Stone/Corner-Stone-Model-04.fbx using Guid(cd2ecb50216bef6438267172d464d5ab) Importer(815301076,1909f56bfc062723c751e8b465ee728b)  -> (artifact id: '428b2c2793a1d44c8a49512f6c5d41bf') in 0.025777 seconds
Number of updated asset objects reloaded before import = 0
Number of asset objects unloaded after import = 9
========================================================================
Received Import Request.
  Time since last request: 0.000021 seconds.
  path: Assets/Models and Prefabs/Walls and Floors/Models/Wood/Wall-Wood-Model-07.fbx
  artifactKey: Guid(55bf89779428ca0408a0ac364f64acdc) Importer(815301076,1909f56bfc062723c751e8b465ee728b)
Start importing Assets/Models and Prefabs/Walls and Floors/Models/Wood/Wall-Wood-Model-07.fbx using Guid(55bf89779428ca0408a0ac364f64acdc) Importer(815301076,1909f56bfc062723c751e8b465ee728b)  -> (artifact id: 'd46992751ad530ba8dc451b5a3089051') in 0.023825 seconds
Number of updated asset objects reloaded before import = 0
Number of asset objects unloaded after import = 9
========================================================================
Received Import Request.
  Time since last request: 0.000055 seconds.
  path: Assets/Models and Prefabs/Walls and Floors/Models/Stone/Wall-Stone-Model-08.fbx
  artifactKey: Guid(ade97d4dba32bff4b8ea966c3a421874) Importer(815301076,1909f56bfc062723c751e8b465ee728b)
Start importing Assets/Models and Prefabs/Walls and Floors/Models/Stone/Wall-Stone-Model-08.fbx using Guid(ade97d4dba32bff4b8ea966c3a421874) Importer(815301076,1909f56bfc062723c751e8b465ee728b)  -> (artifact id: '98d43b47f9efec90773e33169ae4b0bd') in 0.026836 seconds
Number of updated asset objects reloaded before import = 0
Number of asset objects unloaded after import = 9
========================================================================
Received Import Request.
  Time since last request: 0.000019 seconds.
  path: Assets/LaFinca/Midgard Skybox/Skyboxs/Midgard 15.mat
  artifactKey: Guid(7f98e7ff226cc8c449a7da08501e09b5) Importer(815301076,1909f56bfc062723c751e8b465ee728b)
Start importing Assets/LaFinca/Midgard Skybox/Skyboxs/Midgard 15.mat using Guid(7f98e7ff226cc8c449a7da08501e09b5) Importer(815301076,1909f56bfc062723c751e8b465ee728b)  -> (artifact id: '613475dab7d380c7f9ed996a5623a9ff') in 0.219996 seconds
Number of updated asset objects reloaded before import = 0
Number of asset objects unloaded after import = 2
========================================================================
Received Import Request.
  Time since last request: 0.000037 seconds.
  path: Assets/Third Person Controller-1/Animations/Materials/Beta_Joints_MAT.mat
  artifactKey: Guid(c15d781ca59a2ca498adb8964d59a73d) Importer(815301076,1909f56bfc062723c751e8b465ee728b)
Start importing Assets/Third Person Controller-1/Animations/Materials/Beta_Joints_MAT.mat using Guid(c15d781ca59a2ca498adb8964d59a73d) Importer(815301076,1909f56bfc062723c751e8b465ee728b)  -> (artifact id: 'dec3f64aa2fabc49c68089f69e2e3c98') in 0.017053 seconds
Number of updated asset objects reloaded before import = 0
Number of asset objects unloaded after import = 1
========================================================================
Received Import Request.
  Time since last request: 0.000037 seconds.
  path: Assets/Models and Prefabs/Walls and Floors/Models/Stone/materials/Wall-Stone-Model-02.mat
  artifactKey: Guid(2bac18ecbe07be6478b5a06a0bd36a15) Importer(815301076,1909f56bfc062723c751e8b465ee728b)
Start importing Assets/Models and Prefabs/Walls and Floors/Models/Stone/materials/Wall-Stone-Model-02.mat using Guid(2bac18ecbe07be6478b5a06a0bd36a15) Importer(815301076,1909f56bfc062723c751e8b465ee728b)  -> (artifact id: 'cb675a1df5f7922a2f9926dbacae865c') in 0.018850 seconds
Number of updated asset objects reloaded before import = 0
Number of asset objects unloaded after import = 2
========================================================================
Received Import Request.
  Time since last request: 62.518153 seconds.
  path: Assets/Room Prefabs/Bigger Rooms.prefab
  artifactKey: Guid(8811aaddd3fc7304ba0cb07d8ceb643a) Importer(815301076,1909f56bfc062723c751e8b465ee728b)
Start importing Assets/Room Prefabs/Bigger Rooms.prefab using Guid(8811aaddd3fc7304ba0cb07d8ceb643a) Importer(815301076,1909f56bfc062723c751e8b465ee728b)  -> (artifact id: 'a820028b5824ed47fc1ebd64451b4ae4') in 0.036406 seconds
Number of updated asset objects reloaded before import = 0
Number of asset objects unloaded after import = 880
========================================================================
Received Import Request.
  Time since last request: 0.067130 seconds.
  path: Assets/Models and Prefabs/Walls and Floors/Prefabs/Stone/Corners/Corner-Stone (2).prefab
  artifactKey: Guid(74b669fe92fe9174ebae205152ac9e61) Importer(815301076,1909f56bfc062723c751e8b465ee728b)
Start importing Assets/Models and Prefabs/Walls and Floors/Prefabs/Stone/Corners/Corner-Stone (2).prefab using Guid(74b669fe92fe9174ebae205152ac9e61) Importer(815301076,1909f56bfc062723c751e8b465ee728b)  -> (artifact id: '07b9b4fdd2e9cd581efadde0b432e38c') in 0.017961 seconds
Number of updated asset objects reloaded before import = 0
Number of asset objects unloaded after import = 10
========================================================================
Received Import Request.
  Time since last request: 0.000018 seconds.
  path: Assets/Models and Prefabs/Walls and Floors/Prefabs/Stone/Doors/Door-Stone (1).prefab
  artifactKey: Guid(3026cfe035107be4eb17b0ed93596957) Importer(815301076,1909f56bfc062723c751e8b465ee728b)
Start importing Assets/Models and Prefabs/Walls and Floors/Prefabs/Stone/Doors/Door-Stone (1).prefab using Guid(3026cfe035107be4eb17b0ed93596957) Importer(815301076,1909f56bfc062723c751e8b465ee728b)  -> (artifact id: 'a8e2e86f9a2788a10729ceb6cb4886ff') in 0.018218 seconds
Number of updated asset objects reloaded before import = 0
Number of asset objects unloaded after import = 12
========================================================================
Received Import Request.
  Time since last request: 0.000022 seconds.
  path: Assets/Models and Prefabs/Walls and Floors/Prefabs/Stone/Walls/Wall-Stone (11).prefab
  artifactKey: Guid(307cc9eec417ffe429036fda0dfd8b0e) Importer(815301076,1909f56bfc062723c751e8b465ee728b)
Start importing Assets/Models and Prefabs/Walls and Floors/Prefabs/Stone/Walls/Wall-Stone (11).prefab using Guid(307cc9eec417ffe429036fda0dfd8b0e) Importer(815301076,1909f56bfc062723c751e8b465ee728b)  -> (artifact id: '321344dab95450f975e61664e43f21fd') in 0.029576 seconds
Number of updated asset objects reloaded before import = 0
Number of asset objects unloaded after import = 10
========================================================================
Received Import Request.
  Time since last request: 0.000040 seconds.
  path: Assets/Models and Prefabs/Walls and Floors/Prefabs/Stone/Walls/Wall-Stone (1).prefab
  artifactKey: Guid(e72f1a178c825f84bac03b6f867c7dcf) Importer(815301076,1909f56bfc062723c751e8b465ee728b)
Start importing Assets/Models and Prefabs/Walls and Floors/Prefabs/Stone/Walls/Wall-Stone (1).prefab using Guid(e72f1a178c825f84bac03b6f867c7dcf) Importer(815301076,1909f56bfc062723c751e8b465ee728b)  -> (artifact id: 'a096425ca07754579ce8bd1190813d60') in 0.044010 seconds
Number of updated asset objects reloaded before import = 0
Number of asset objects unloaded after import = 10
========================================================================
Received Import Request.
  Time since last request: 0.000023 seconds.
  path: Assets/Models and Prefabs/Walls and Floors/Prefabs/Wood/Corners/Corner-Wood (3).prefab
  artifactKey: Guid(6c4b071a6b12d0145af3632f1f43cd11) Importer(815301076,1909f56bfc062723c751e8b465ee728b)
Start importing Assets/Models and Prefabs/Walls and Floors/Prefabs/Wood/Corners/Corner-Wood (3).prefab using Guid(6c4b071a6b12d0145af3632f1f43cd11) Importer(815301076,1909f56bfc062723c751e8b465ee728b)  -> (artifact id: '302de84a9be3100510987e81b40fdbb7') in 0.021432 seconds
Number of updated asset objects reloaded before import = 0
Number of asset objects unloaded after import = 10
========================================================================
Received Import Request.
  Time since last request: 0.000023 seconds.
  path: Assets/Models and Prefabs/Walls and Floors/Prefabs/Stone/Walls/Wall-Stone (9).prefab
  artifactKey: Guid(ab81f7053ec51854a82c0f1f16fd6847) Importer(815301076,1909f56bfc062723c751e8b465ee728b)
Start importing Assets/Models and Prefabs/Walls and Floors/Prefabs/Stone/Walls/Wall-Stone (9).prefab using Guid(ab81f7053ec51854a82c0f1f16fd6847) Importer(815301076,1909f56bfc062723c751e8b465ee728b)  -> (artifact id: 'eeb4b72c39d9b215281e56556dee1788') in 0.027202 seconds
Number of updated asset objects reloaded before import = 0
Number of asset objects unloaded after import = 10
========================================================================
Received Import Request.
  Time since last request: 0.000032 seconds.
  path: Assets/Models and Prefabs/Walls and Floors/Prefabs/Wood/Walls/Wall-Wood (3).prefab
  artifactKey: Guid(1975565c63a428b42a68f4a9c3cd9c8d) Importer(815301076,1909f56bfc062723c751e8b465ee728b)
Start importing Assets/Models and Prefabs/Walls and Floors/Prefabs/Wood/Walls/Wall-Wood (3).prefab using Guid(1975565c63a428b42a68f4a9c3cd9c8d) Importer(815301076,1909f56bfc062723c751e8b465ee728b)  -> (artifact id: 'b7d3fafd0c39ad76aff19eea23d4e58b') in 0.029233 seconds
Number of updated asset objects reloaded before import = 0
Number of asset objects unloaded after import = 10
========================================================================
Received Import Request.
  Time since last request: 0.000021 seconds.
  path: Assets/Models and Prefabs/Walls and Floors/Prefabs/Wood/Doors/Door-Wood (2).prefab
  artifactKey: Guid(d3301591cf1411b4d8850c063ec1b2d7) Importer(815301076,1909f56bfc062723c751e8b465ee728b)
Start importing Assets/Models and Prefabs/Walls and Floors/Prefabs/Wood/Doors/Door-Wood (2).prefab using Guid(d3301591cf1411b4d8850c063ec1b2d7) Importer(815301076,1909f56bfc062723c751e8b465ee728b)  -> (artifact id: '0e85020c9ad29af8101e63c03969f957') in 0.021508 seconds
Number of updated asset objects reloaded before import = 0
Number of asset objects unloaded after import = 12
========================================================================
Received Import Request.
  Time since last request: 0.000025 seconds.
  path: Assets/Models and Prefabs/Walls and Floors/Prefabs/Wood/Corners/Corner-Wood (1).prefab
  artifactKey: Guid(34aa8881937f6d34dae65bd3e4559d98) Importer(815301076,1909f56bfc062723c751e8b465ee728b)
Start importing Assets/Models and Prefabs/Walls and Floors/Prefabs/Wood/Corners/Corner-Wood (1).prefab using Guid(34aa8881937f6d34dae65bd3e4559d98) Importer(815301076,1909f56bfc062723c751e8b465ee728b)  -> (artifact id: '1df012304af223e85be82bbe48bde4f1') in 0.028399 seconds
Number of updated asset objects reloaded before import = 0
Number of asset objects unloaded after import = 10
========================================================================
Received Import Request.
  Time since last request: 0.000017 seconds.
  path: Assets/Models and Prefabs/Walls and Floors/Prefabs/Stone/Walls/Wall-Stone (2).prefab
  artifactKey: Guid(cce6101e8bd7c4c438018b97651df5f2) Importer(815301076,1909f56bfc062723c751e8b465ee728b)
Start importing Assets/Models and Prefabs/Walls and Floors/Prefabs/Stone/Walls/Wall-Stone (2).prefab using Guid(cce6101e8bd7c4c438018b97651df5f2) Importer(815301076,1909f56bfc062723c751e8b465ee728b)  -> (artifact id: '8e438c053293fcb3c63c66a47ca6528d') in 0.028187 seconds
Number of updated asset objects reloaded before import = 0
Number of asset objects unloaded after import = 10
========================================================================
Received Import Request.
  Time since last request: 0.000018 seconds.
  path: Assets/Models and Prefabs/Walls and Floors/Prefabs/Wood/Doors/Door-Wood (1).prefab
  artifactKey: Guid(e326efa3bf67ff04f9920dbd957aba2a) Importer(815301076,1909f56bfc062723c751e8b465ee728b)
Start importing Assets/Models and Prefabs/Walls and Floors/Prefabs/Wood/Doors/Door-Wood (1).prefab using Guid(e326efa3bf67ff04f9920dbd957aba2a) Importer(815301076,1909f56bfc062723c751e8b465ee728b)  -> (artifact id: 'afbc4e45a8d7c933c2c2d1a04e12c6b0') in 0.018838 seconds
Number of updated asset objects reloaded before import = 0
Number of asset objects unloaded after import = 12
========================================================================
Received Import Request.
  Time since last request: 0.000028 seconds.
  path: Assets/Models and Prefabs/Walls and Floors/Prefabs/Wood/Walls/Wall-Wood (7).prefab
  artifactKey: Guid(bb2119431d358ce419859bfad1efe79d) Importer(815301076,1909f56bfc062723c751e8b465ee728b)
Start importing Assets/Models and Prefabs/Walls and Floors/Prefabs/Wood/Walls/Wall-Wood (7).prefab using Guid(bb2119431d358ce419859bfad1efe79d) Importer(815301076,1909f56bfc062723c751e8b465ee728b)  -> (artifact id: 'b0801afd8650fd9169f6f7659953809a') in 0.019867 seconds
Number of updated asset objects reloaded before import = 0
Number of asset objects unloaded after import = 10
========================================================================
Received Import Request.
  Time since last request: 0.000028 seconds.
  path: Assets/Room Prefabs/GameObject (6).prefab
  artifactKey: Guid(4292a691c2d4cc24d83b8b1b1afeebcd) Importer(815301076,1909f56bfc062723c751e8b465ee728b)
Start importing Assets/Room Prefabs/GameObject (6).prefab using Guid(4292a691c2d4cc24d83b8b1b1afeebcd) Importer(815301076,1909f56bfc062723c751e8b465ee728b)  -> (artifact id: 'f2e8a99fc71cbb4c118354d438ad3093') in 0.026979 seconds
Number of updated asset objects reloaded before import = 0
Number of asset objects unloaded after import = 63
========================================================================
Received Import Request.
  Time since last request: 0.000021 seconds.
  path: Assets/Room Prefabs/Room Ma.prefab
  artifactKey: Guid(b4ba7f9e6aeb50d42922713e250c0a7f) Importer(815301076,1909f56bfc062723c751e8b465ee728b)
Start importing Assets/Room Prefabs/Room Ma.prefab using Guid(b4ba7f9e6aeb50d42922713e250c0a7f) Importer(815301076,1909f56bfc062723c751e8b465ee728b)  -> (artifact id: '8c33a43ec32691436674195aada5e0ce') in 0.084506 seconds
Number of updated asset objects reloaded before import = 0
Number of asset objects unloaded after import = 2650
========================================================================
Received Import Request.
  Time since last request: 0.000034 seconds.
  path: Assets/Room Prefabs/GameObject (5).prefab
  artifactKey: Guid(fcf0f8cb05fdfce4b85c6125ae664428) Importer(815301076,1909f56bfc062723c751e8b465ee728b)
Start importing Assets/Room Prefabs/GameObject (5).prefab using Guid(fcf0f8cb05fdfce4b85c6125ae664428) Importer(815301076,1909f56bfc062723c751e8b465ee728b)  -> (artifact id: 'ef014c5a3bf714d3ac5a86218c5d5a0a') in 0.027379 seconds
Number of updated asset objects reloaded before import = 0
Number of asset objects unloaded after import = 56
========================================================================
Received Import Request.
  Time since last request: 0.000021 seconds.
  path: Assets/Models and Prefabs/Walls and Floors/Prefabs/Wood/Floors/Floor-Wood (1).prefab
  artifactKey: Guid(2046beae207d6db4199c40c4d14f4141) Importer(815301076,1909f56bfc062723c751e8b465ee728b)
Start importing Assets/Models and Prefabs/Walls and Floors/Prefabs/Wood/Floors/Floor-Wood (1).prefab using Guid(2046beae207d6db4199c40c4d14f4141) Importer(815301076,1909f56bfc062723c751e8b465ee728b)  -> (artifact id: '9f6d28a27789c5cecb1808c44b8aacec') in 0.019387 seconds
Number of updated asset objects reloaded before import = 0
Number of asset objects unloaded after import = 10
========================================================================
Received Import Request.
  Time since last request: 0.000027 seconds.
  path: Assets/Models and Prefabs/Walls and Floors/Prefabs/Wood/Walls/Wall-Wood (9).prefab
  artifactKey: Guid(05a0229e5b930744683bf9e247f3e363) Importer(815301076,1909f56bfc062723c751e8b465ee728b)
Start importing Assets/Models and Prefabs/Walls and Floors/Prefabs/Wood/Walls/Wall-Wood (9).prefab using Guid(05a0229e5b930744683bf9e247f3e363) Importer(815301076,1909f56bfc062723c751e8b465ee728b)  -> (artifact id: 'd24c7706d6ebc3a7cc922ef7f5b37722') in 0.020450 seconds
Number of updated asset objects reloaded before import = 0
Number of asset objects unloaded after import = 10
========================================================================
Received Import Request.
  Time since last request: 0.000021 seconds.
  path: Assets/Models and Prefabs/Walls and Floors/Prefabs/Stone/Floors/Floor-Stone (4).prefab
  artifactKey: Guid(f6efb6824389eab4d8cb9a0858c38a64) Importer(815301076,1909f56bfc062723c751e8b465ee728b)
Start importing Assets/Models and Prefabs/Walls and Floors/Prefabs/Stone/Floors/Floor-Stone (4).prefab using Guid(f6efb6824389eab4d8cb9a0858c38a64) Importer(815301076,1909f56bfc062723c751e8b465ee728b)  -> (artifact id: '43c6d8f21b85e5673536724051e7a24b') in 0.018301 seconds
Number of updated asset objects reloaded before import = 0
Number of asset objects unloaded after import = 10
========================================================================
Received Import Request.
  Time since last request: 0.000025 seconds.
  path: Assets/Models and Prefabs/Walls and Floors/Prefabs/Stone/Walls/Wall-Stone (12).prefab
  artifactKey: Guid(a32c0d64e9a7a3844b9595b73654df6d) Importer(815301076,1909f56bfc062723c751e8b465ee728b)
Start importing Assets/Models and Prefabs/Walls and Floors/Prefabs/Stone/Walls/Wall-Stone (12).prefab using Guid(a32c0d64e9a7a3844b9595b73654df6d) Importer(815301076,1909f56bfc062723c751e8b465ee728b)  -> (artifact id: 'e02179ebeae7514fa1dcb385a65b7bd6') in 0.021134 seconds
Number of updated asset objects reloaded before import = 0
Number of asset objects unloaded after import = 10
========================================================================
Received Import Request.
  Time since last request: 0.000023 seconds.
  path: Assets/Room Prefabs/Corner Corridor  (10) Variant.prefab
  artifactKey: Guid(f847b785d6347de46a0f635c494ccee6) Importer(815301076,1909f56bfc062723c751e8b465ee728b)
Start importing Assets/Room Prefabs/Corner Corridor  (10) Variant.prefab using Guid(f847b785d6347de46a0f635c494ccee6) Importer(815301076,1909f56bfc062723c751e8b465ee728b)  -> (artifact id: '380a47df912debfc0c19cab707331fdb') in 0.030562 seconds
Number of updated asset objects reloaded before import = 0
Number of asset objects unloaded after import = 159
========================================================================
Received Import Request.
  Time since last request: 0.000034 seconds.
  path: Assets/Models and Prefabs/Walls and Floors/Prefabs/Stone/Floors/Floor-Stone (3).prefab
  artifactKey: Guid(2e3557303b0b5774aba8c8e4f245d3a7) Importer(815301076,1909f56bfc062723c751e8b465ee728b)
Start importing Assets/Models and Prefabs/Walls and Floors/Prefabs/Stone/Floors/Floor-Stone (3).prefab using Guid(2e3557303b0b5774aba8c8e4f245d3a7) Importer(815301076,1909f56bfc062723c751e8b465ee728b)  -> (artifact id: 'f87bf08edf6603f1c024e2be21c745f8') in 0.019193 seconds
Number of updated asset objects reloaded before import = 0
Number of asset objects unloaded after import = 10
Editor requested this worker to shutdown with reason: Scaling down because of idle timeout
TcpMessagingSession - receive error: operation aborted. errorcode: 995, details: The I/O operation has been aborted because of either a thread exit or an application request.
AssetImportWorker is now disconnected from the server
Process exiting
Exiting without the bug reporter. Application will terminate with return code 0